💰 예수금 101,262원 | KODEX200 RSI89/+0.5% 과열⚠️ | 매수기준 4개↑

코드      종목명           가격    RSI     변화율    거래량     BB   호가비  B/S
────────────────────────────────────────────────────────────────────────
078930  078930    82,500   78.0    +0.4%    0.1x     상단  2.95  1/0
217820  217820     4,030   77.7    -0.4%    0.3x     중간  2.49  1/0
001510  001510     5,690   91.9    +7.0%    0.9x     상단  1.05  0/0
056080  056080    27,800   72.0    +3.0%    0.5x     중간  1.60  1/0
084850  084850    17,300   44.8    +1.6%    0.1x     중간  1.14  0/0

══════════════════════════════════════════════════
→ 전종목 HOLD
✅ Discord 전송 완료

[09:15] HOLD | 보유:없음 | 최고신호 078930(078930) 1/4개
💰 예수금 0원 | KODEX200 RSI50/+0.0% 정상 | 매수기준 3개↑

코드      종목명           가격    RSI     변화율    거래량     BB   호가비  B/S
────────────────────────────────────────────────────────────────────────

══════════════════════════════════════════════════
→ 전종목 HOLD
✅ Discord 전송 완료

[09:20] HOLD | 보유:없음
💰 예수금 0원 | KODEX200 RSI50/+0.0% 정상 | 매수기준 3개↑

코드      종목명           가격    RSI     변화율    거래량     BB   호가비  B/S
────────────────────────────────────────────────────────────────────────

══════════════════════════════════════════════════
→ 전종목 HOLD
✅ Discord 전송 완료

[09:22] HOLD | 보유:없음
💰 예수금 0원 | KODEX200 RSI50/+0.0% 정상 | 매수기준 3개↑

코드      종목명           가격    RSI     변화율    거래량     BB   호가비  B/S
────────────────────────────────────────────────────────────────────────

══════════════════════════════════════════════════
→ 전종목 HOLD
✅ Discord 전송 완료

[09:24] HOLD | 보유:없음
💰 예수금 0원 | KODEX200 RSI50/+0.0% 정상 | 매수기준 3개↑

코드      종목명           가격    RSI     변화율    거래량     BB   호가비  B/S
────────────────────────────────────────────────────────────────────────

══════════════════════════════════════════════════
→ 전종목 HOLD
✅ Discord 전송 완료

[09:26] HOLD | 보유:없음
💰 예수금 0원 | KODEX200 RSI50/+0.0% 정상 | 매수기준 3개↑

코드      종목명           가격    RSI     변화율    거래량     BB   호가비  B/S
────────────────────────────────────────────────────────────────────────

══════════════════════════════════════════════════
→ 전종목 HOLD
✅ Discord 전송 완료

[09:28] HOLD | 보유:없음
💰 예수금 0원 | KODEX200 RSI50/+0.0% 정상 | 매수기준 3개↑

코드      종목명           가격    RSI     변화율    거래량     BB   호가비  B/S
────────────────────────────────────────────────────────────────────────

══════════════════════════════════════════════════
→ 전종목 HOLD
✅ Discord 전송 완료

[09:30] HOLD | 보유:없음
💰 예수금 0원 | KODEX200 RSI50/+0.0% 정상 | 매수기준 3개↑

코드      종목명           가격    RSI     변화율    거래량     BB   호가비  B/S
────────────────────────────────────────────────────────────────────────

══════════════════════════════════════════════════
→ 전종목 HOLD
✅ Discord 전송 완료

[09:32] HOLD | 보유:없음
💰 예수금 0원 | KODEX200 RSI50/+0.0% 정상 | 매수기준 3개↑

코드      종목명           가격    RSI     변화율    거래량     BB   호가비  B/S
────────────────────────────────────────────────────────────────────────

══════════════════════════════════════════════════
→ 전종목 HOLD

[09:34] HOLD | 보유:없음
💰 예수금 0원 | KODEX200 RSI50/+0.0% 정상 | 매수기준 3개↑

코드      종목명           가격    RSI     변화율    거래량     BB   호가비  B/S
────────────────────────────────────────────────────────────────────────

══════════════════════════════════════════════════
→ 전종목 HOLD

[09:36] HOLD | 보유:없음
💰 예수금 0원 | KODEX200 RSI50/+0.0% 정상 | 매수기준 3개↑

코드      종목명           가격    RSI     변화율    거래량     BB   호가비  B/S
────────────────────────────────────────────────────────────────────────

══════════════════════════════════════════════════
→ 전종목 HOLD

[09:38] HOLD | 보유:없음
💰 예수금 0원 | KODEX200 RSI50/+0.0% 정상 | 매수기준 3개↑

코드      종목명           가격    RSI     변화율    거래량     BB   호가비  B/S
────────────────────────────────────────────────────────────────────────

══════════════════════════════════════════════════
→ 전종목 HOLD

[09:40] HOLD | 보유:없음
🚨 [09:42:19] 에러 — 계좌 조회 실패
[Errno -3] Temporary failure in name resolution
✅ Discord 전송 완료
🚨 [09:42:20] 에러 — KODEX200 지표 조회 실패
[Errno -3] Temporary failure in name resolution
✅ Discord 전송 완료
💰 예수금 0원 | KODEX200 RSI50/+0.0% 정상 | 매수기준 3개↑

코드      종목명           가격    RSI     변화율    거래량     BB   호가비  B/S
────────────────────────────────────────────────────────────────────────

══════════════════════════════════════════════════
→ 전종목 HOLD

[09:42] HOLD | 보유:없음
🚨 [09:44:20] 에러 — 계좌 조회 실패
[Errno -3] Temporary failure in name resolution
✅ Discord 전송 완료
🚨 [09:44:21] 에러 — KODEX200 지표 조회 실패
[Errno -3] Temporary failure in name resolution
✅ Discord 전송 완료
💰 예수금 0원 | KODEX200 RSI50/+0.0% 정상 | 매수기준 3개↑

코드      종목명           가격    RSI     변화율    거래량     BB   호가비  B/S
────────────────────────────────────────────────────────────────────────

══════════════════════════════════════════════════
→ 전종목 HOLD

[09:44] HOLD | 보유:없음
🚨 [09:46:18] 에러 — 계좌 조회 실패
[Errno -3] Temporary failure in name resolution
✅ Discord 전송 완료
🚨 [09:46:19] 에러 — KODEX200 지표 조회 실패
[Errno -3] Temporary failure in name resolution
✅ Discord 전송 완료
💰 예수금 0원 | KODEX200 RSI50/+0.0% 정상 | 매수기준 3개↑

코드      종목명           가격    RSI     변화율    거래량     BB   호가비  B/S
────────────────────────────────────────────────────────────────────────

══════════════════════════════════════════════════
→ 전종목 HOLD

[09:46] HOLD | 보유:없음
💰 예수금 101,262원 | KODEX200 RSI89/+0.5% 과열⚠️ | 매수기준 4개↑

코드      종목명           가격    RSI     변화율    거래량     BB   호가비  B/S
────────────────────────────────────────────────────────────────────────
403870  403870    53,300   69.8    -0.4%    0.1x     중간  1.14  0/0
055550  055550   100,500   63.1    +0.4%    0.4x     중간  0.28  0/0
035720  035720    47,650   49.7    -1.6%    0.3x     중간  3.38  2/0
015760  015760    43,850   52.5    -1.6%    0.3x     중간  4.22  2/0
078930  078930    82,600   78.2    +0.6%    0.3x     상단  0.47  0/0
217820  217820     4,050   78.5    +0.0%    0.5x     중간  3.13  1/0
001510  001510     5,460   91.0    +2.6%    1.3x     상단  3.35  1/0
056080  056080    27,150   70.1    +0.7%    0.8x     중간  8.15  1/0
084850  084850    17,410   45.5    +2.2%    0.2x     중간  1.76  1/0

══════════════════════════════════════════════════
→ 전종목 HOLD

[09:48] HOLD | 보유:없음 | 최고신호 035720(035720) 2/4개
💰 예수금 101,262원 | KODEX200 RSI89/+0.4% 과열⚠️ | 매수기준 4개↑

코드      종목명           가격    RSI     변화율    거래량     BB   호가비  B/S
────────────────────────────────────────────────────────────────────────
403870  403870    53,400   70.1    -0.2%    0.1x     중간  0.99  0/0
055550  055550   100,400   62.5    +0.3%    0.4x     중간  0.33  0/0
035720  035720    47,650   49.5    -1.6%    0.3x     중간  4.09  2/0
015760  015760    43,850   52.8    -1.5%    0.3x     중간  4.03  1/0
078930  078930    82,500   78.1    +0.5%    0.3x     상단  0.28  0/0
217820  217820     4,045   77.7    -0.4%    0.5x     중간  3.41  1/0
001510  001510     5,430   90.9    +2.1%    1.3x     상단  3.25  1/0
056080  056080    27,150   70.1    +0.7%    0.8x     중간  9.08  1/0
084850  084850    17,410   45.2    +1.9%    0.2x     중간  5.85  1/0

══════════════════════════════════════════════════
→ 전종목 HOLD

[09:50] HOLD | 보유:없음 | 최고신호 035720(035720) 2/4개
💰 예수금 101,262원 | KODEX200 RSI89/+0.4% 과열⚠️ | 매수기준 4개↑

코드      종목명           가격    RSI     변화율    거래량     BB   호가비  B/S
────────────────────────────────────────────────────────────────────────
403870  403870    53,600   70.8    +0.4%    0.2x     중간  0.73  0/0
055550  055550   100,500   63.6    +0.5%    0.5x     중간  0.27  0/0
035720  035720    47,650   49.7    -1.6%    0.3x     중간  4.55  2/0
015760  015760    43,900   53.1    -1.4%    0.3x     중간  3.95  1/0
078930  078930    82,700   78.3    +0.7%    0.3x     상단  0.13  0/0
217820  217820     4,050   78.6    +0.1%    0.5x     중간  3.52  1/0
001510  001510     5,460   91.0    +2.4%    1.3x     상단  2.30  1/0
056080  056080    27,150   70.1    +0.7%    0.8x     중간  8.57  1/0
084850  084850    17,410   45.3    +2.0%    0.2x     중간  7.10  1/0

══════════════════════════════════════════════════
→ 전종목 HOLD

[09:52] HOLD | 보유:없음 | 최고신호 035720(035720) 2/4개
💰 예수금 101,262원 | KODEX200 RSI89/+0.2% 과열⚠️ | 매수기준 4개↑

코드      종목명           가격    RSI     변화율    거래량     BB   호가비  B/S
────────────────────────────────────────────────────────────────────────
403870  403870    53,500   70.5    +0.0%    0.2x     중간  0.89  0/0
055550  055550   100,500   63.6    +0.5%    0.5x     중간  0.24  0/0
035720  035720    47,650   49.7    -1.6%    0.3x     중간  4.60  2/0
015760  015760    43,900   52.8    -1.5%    0.3x     중간  3.82  1/0
078930  078930    82,700   78.1    +0.5%    0.3x     상단  0.43  0/0
217820  217820     4,025   77.2    -0.6%    0.5x     중간  7.74  1/0
001510  001510     5,460   91.0    +2.4%    1.3x     상단  2.87  1/0
056080  056080    27,100   69.9    +0.6%    0.8x     중간 23.67  1/0
084850  084850    17,400   45.3    +2.0%    0.2x     중간  5.17  1/0

══════════════════════════════════════════════════
→ 전종목 HOLD

[09:54] HOLD | 보유:없음 | 최고신호 035720(035720) 2/4개
💰 예수금 101,262원 | KODEX200 RSI89/+0.1% 과열⚠️ | 매수기준 4개↑

코드      종목명           가격    RSI     변화율    거래량     BB   호가비  B/S
────────────────────────────────────────────────────────────────────────
403870  403870    53,400   70.1    -0.2%    0.2x     중간  1.09  0/0
055550  055550   100,300   62.5    +0.3%    0.5x     중간  0.31  0/0
035720  035720    47,400   48.4    -2.1%    0.3x     중간  1.14  1/0
015760  015760    43,850   52.8    -1.5%    0.3x     중간  3.95  1/0
078930  078930    82,500   78.0    +0.4%    0.3x     상단  0.28  0/0
217820  217820     4,025   77.2    -0.6%    0.6x     중간 10.42  1/0
001510  001510     5,430   90.9    +2.1%    1.4x     상단  5.02  1/0
056080  056080    27,150   69.9    +0.6%    0.9x     중간 11.57  1/0
084850  084850    17,400   45.2    +1.9%    0.2x     중간  6.45  1/0

══════════════════════════════════════════════════
→ 전종목 HOLD

[09:56] HOLD | 보유:없음 | 최고신호 035720(035720) 1/4개
💰 예수금 101,262원 | KODEX200 RSI89/+0.2% 과열⚠️ | 매수기준 4개↑

코드      종목명           가격    RSI     변화율    거래량     BB   호가비  B/S
────────────────────────────────────────────────────────────────────────
[2단계 분석 대상: 079550, 217820, 056080, 012450, 084850]
403870  403870    53,700    0.0    +0.0%    0.0x     중간  0.75  0/0
055550  055550   100,200    0.0    +0.0%    0.0x     중간  0.32  0/0
035720  035720    47,400    0.0    +0.0%    0.0x     중간  3.20  1/0
015760  015760    43,800    0.0    +0.0%    0.0x     중간  4.20  1/0
078930  078930    82,400    0.0    +0.0%    0.0x     중간  0.22  0/0
217820  217820     4,050   78.6    +0.1%    0.6x     중간  9.70  1/0
001510  001510     5,440    0.0    +0.0%    0.0x     중간  4.06  1/0
056080  056080    27,250   70.3    +0.9%    0.9x     중간  7.65  1/0
084850  084850    17,390   45.3    +2.0%    0.2x     중간  7.24  1/0

══════════════════════════════════════════════════
→ 전종목 HOLD

[09:58] HOLD | 보유:없음 | 최고신호 035720(035720) 1/4개
💰 예수금 101,262원 | KODEX200 RSI89/+0.1% 과열⚠️ | 매수기준 4개↑

코드      종목명           가격    RSI     변화율    거래량     BB   호가비  B/S
────────────────────────────────────────────────────────────────────────
[2단계 분석 대상: 079550, 056080, 217820, 012450, 000270]
403870  403870    53,700    0.0    +0.0%    0.0x     중간  0.76  0/0
055550  055550   100,200    0.0    +0.0%    0.0x     중간  0.37  0/0
035720  035720    47,400    0.0    +0.0%    0.0x     중간  4.61  1/0
015760  015760    43,750    0.0    +0.0%    0.0x     중간  3.44  1/0
078930  078930    82,400    0.0    +0.0%    0.0x     중간  0.42  0/0
217820  217820     4,045   78.5    +0.0%    0.6x     중간 10.70  1/0
001510  001510     5,450    0.0    +0.0%    0.0x     중간  2.66  1/0
056080  056080    27,200   70.3    +0.9%    0.9x     중간 10.74  1/0
084850  084850    17,380    0.0    +0.0%    0.0x     중간  4.81  1/0

══════════════════════════════════════════════════
→ 전종목 HOLD

[10:00] HOLD | 보유:없음 | 최고신호 035720(035720) 1/4개
💰 예수금 101,262원 | KODEX200 RSI89/+0.0% 과열⚠️ | 매수기준 4개↑

코드      종목명           가격    RSI     변화율    거래량     BB   호가비  B/S
────────────────────────────────────────────────────────────────────────
[2단계 분석 대상: 217820, 012450, 056080, 000270, 084850]
403870  403870    53,600    0.0    +0.0%    0.0x     중간  0.78  0/0
055550  055550   100,200    0.0    +0.0%    0.0x     중간  0.37  0/0
035720  035720    47,450    0.0    +0.0%    0.0x     중간  4.98  1/0
015760  015760    43,700    0.0    +0.0%    0.0x     중간  2.84  1/0
078930  078930    82,300    0.0    +0.0%    0.0x     중간  0.36  0/0
217820  217820     4,025   77.4    -0.5%    0.6x     중간 22.28  1/0
001510  001510     5,430    0.0    +0.0%    0.0x     중간  3.39  1/0
056080  056080    27,200   70.3    +0.9%    0.9x     중간  8.68  1/0
084850  084850    17,380   45.6    +2.3%    0.2x     중간  5.21  1/0

══════════════════════════════════════════════════
→ 전종목 HOLD

[10:02] HOLD | 보유:없음 | 최고신호 035720(035720) 1/4개
💰 예수금 101,262원 | KODEX200 RSI89/+0.0% 과열⚠️ | 매수기준 4개↑

코드      종목명           가격    RSI     변화율    거래량     BB   호가비  B/S
────────────────────────────────────────────────────────────────────────
[2단계 분석 대상: 079550, 000270, 207940, 035420, 056080]
403870  403870    53,700    0.0    +0.0%    0.0x     중간  0.75  0/0
055550  055550   100,100    0.0    +0.0%    0.0x     중간  0.37  0/0
035720  035720    47,550    0.0    +0.0%    0.0x     중간  2.90  1/0
015760  015760    43,850    0.0    +0.0%    0.0x     중간  3.61  1/0
078930  078930    82,200    0.0    +0.0%    0.0x     중간  0.45  0/0
217820  217820     3,990    0.0    +0.0%    0.0x     중간  1.77  1/0
001510  001510     5,470    0.0    +0.0%    0.0x     중간  0.71  0/0
056080  056080    27,050   69.8    +0.4%    1.0x     중간  4.83  1/0
084850  084850    17,370    0.0    +0.0%    0.0x     중간  4.83  1/0

══════════════════════════════════════════════════
→ 전종목 HOLD

[10:20] HOLD | 보유:없음 | 최고신호 035720(035720) 1/4개
💰 예수금 101,262원 | KODEX200 RSI89/+0.0% 과열⚠️ | 매수기준 4개↑

코드      종목명           가격    RSI     변화율    거래량     BB   호가비  B/S
────────────────────────────────────────────────────────────────────────
[2단계 분석 대상: 079550, 000270, 035720, 035420, 084850]
403870  403870    53,600    0.0    +0.0%    0.0x     중간  0.80  0/0
055550  055550   100,200    0.0    +0.0%    0.0x     중간  0.41  0/0
035720  035720    47,500   48.9    -1.9%    0.5x     중간  6.22  2/0
015760  015760    44,000    0.0    +0.0%    0.0x     중간  2.99  1/0
078930  078930    82,200    0.0    +0.0%    0.0x     중간  0.60  0/0
217820  217820     3,980    0.0    +0.0%    0.0x     중간  1.01  0/0
001510  001510     5,550    0.0    +0.0%    0.0x     중간  0.46  0/0
056080  056080    26,900    0.0    +0.0%    0.0x     중간  4.55  1/0
084850  084850    17,370   45.5    +2.2%    0.2x     중간  4.98  1/0

══════════════════════════════════════════════════
→ 전종목 HOLD

[10:40] HOLD | 보유:없음 | 최고신호 035720(035720) 2/4개
💰 예수금 101,262원 | KODEX200 RSI89/+0.5% 과열⚠️ | 매수기준 4개↑

코드      종목명           가격    RSI     변화율    거래량     BB   호가비  B/S
────────────────────────────────────────────────────────────────────────
[2단계 분석 대상: 056080, 000270, 035420, 084850, 012330]
403870  403870    53,600    0.0    +0.0%    0.0x     중간  0.85  0/0
055550  055550   100,500    0.0    +0.0%    0.0x     중간  0.32  0/0
035720  035720    47,650    0.0    +0.0%    0.0x     중간  3.26  1/0
015760  015760    44,000    0.0    +0.0%    0.0x     중간  3.06  1/0
078930  078930    82,100    0.0    +0.0%    0.0x     중간  0.77  0/0
217820  217820     4,010    0.0    +0.0%    0.0x     중간  0.80  0/0
001510  001510     5,500    0.0    +0.0%    0.0x     중간  2.26  1/0
056080  056080    27,000   69.4    +0.0%    1.1x     중간 12.81  1/0
084850  084850    17,350   45.3    +2.1%    0.2x     중간  4.20  1/0

══════════════════════════════════════════════════
→ 전종목 HOLD

[11:00] HOLD | 보유:없음 | 최고신호 035720(035720) 1/4개
💰 예수금 101,262원 | KODEX200 RSI90/+0.7% 과열⚠️ | 매수기준 3개↑

코드      종목명           가격    RSI     변화율    거래량     BB   호가비  B/S
────────────────────────────────────────────────────────────────────────
[2단계 분석 대상: 035420, 001510, 056080, 035720, 005380]
403870  403870    53,800    0.0    +0.0%    0.0x     중간  0.87  0/0
055550  055550   100,500    0.0    +0.0%    0.0x     중간  0.46  0/0
035720  035720    47,700   50.3    -1.3%    0.5x     중간  2.93  2/0
015760  015760    44,050    0.0    +0.0%    0.0x     중간  1.62  1/0
078930  078930    82,300    0.0    +0.0%    0.0x     중간  0.68  0/0
217820  217820     4,000    0.0    +0.0%    0.0x     중간  0.67  0/0
001510  001510     5,470   91.0    +2.8%    1.8x     상단  3.92  2/0
056080  056080    27,100   69.9    +0.6%    1.1x     중간  3.58  1/0
084850  084850    17,540    0.0    +0.0%    0.0x     중간  0.20  0/0

══════════════════════════════════════════════════
→ 전종목 HOLD

[11:10] HOLD | 보유:없음 | 최고신호 035720(035720) 2/3개
💰 예수금 101,262원 | KODEX200 RSI90/+0.7% 과열⚠️ | 매수기준 3개↑

코드      종목명           가격    RSI     변화율    거래량     BB   호가비  B/S
────────────────────────────────────────────────────────────────────────
[2단계 분석 대상: 035420, 056080, 001510, 066970, 005380]
403870  403870    53,800    0.0    +0.0%    0.0x     중간  0.93  0/0
055550  055550   100,500    0.0    +0.0%    0.0x     중간  0.38  0/0
035720  035720    47,750    0.0    +0.0%    0.0x     중간  2.49  1/0
015760  015760    44,050    0.0    +0.0%    0.0x     중간  1.63  1/0
078930  078930    82,300    0.0    +0.0%    0.0x     중간  0.74  0/0
217820  217820     4,000    0.0    +0.0%    0.0x     중간  0.66  0/0
001510  001510     5,460   91.0    +2.6%    1.8x     상단  3.92  2/0
056080  056080    27,100   69.9    +0.6%    1.1x     중간  4.17  1/0
084850  084850    17,510    0.0    +0.0%    0.0x     중간  0.50  0/0

══════════════════════════════════════════════════
→ 전종목 HOLD
⚠️ Discord 전송 실패: Command '['/usr/bin/python3', '/home/hyunho/openclaw-setup/python-only/notify.py', '[11:12] HOLD | 보유:없음 | 최고신호 001510(001510) 2/3개']' timed out after 9.999977231986122 seconds

[11:12] HOLD | 보유:없음 | 최고신호 001510(001510) 2/3개
💰 예수금 101,262원 | KODEX200 RSI90/+0.7% 과열⚠️ | 매수기준 3개↑

코드      종목명           가격    RSI     변화율    거래량     BB   호가비  B/S
────────────────────────────────────────────────────────────────────────
[2단계 분석 대상: 035420, 001510, 056080, 000270, 035720]
403870  403870    53,800    0.0    +0.0%    0.0x     중간  0.92  0/0
055550  055550   100,500    0.0    +0.0%    0.0x     중간  0.36  0/0
035720  035720    47,700   50.0    -1.4%    0.5x     중간  2.78  2/0
015760  015760    44,050    0.0    +0.0%    0.0x     중간  1.67  1/0
078930  078930    82,300    0.0    +0.0%    0.0x     중간  0.73  0/0
217820  217820     4,000    0.0    +0.0%    0.0x     중간  0.68  0/0
001510  001510     5,460   91.0    +2.6%    1.8x     상단  4.34  2/0
056080  056080    27,050   69.8    +0.4%    1.1x     중간  4.27  1/0
084850  084850    17,490    0.0    +0.0%    0.0x     중간  1.08  0/0

══════════════════════════════════════════════════
→ 전종목 HOLD
⚠️ Discord 전송 실패: Command '['/usr/bin/python3', '/home/hyunho/openclaw-setup/python-only/notify.py', '[11:14] HOLD | 보유:없음 | 최고신호 035720(035720) 2/3개']' timed out after 9.999968588002957 seconds

[11:14] HOLD | 보유:없음 | 최고신호 035720(035720) 2/3개
💰 예수금 101,262원 | KODEX200 RSI90/+0.6% 과열⚠️ | 매수기준 3개↑

코드      종목명           가격    RSI     변화율    거래량     BB   호가비  B/S
────────────────────────────────────────────────────────────────────────
[2단계 분석 대상: 035420, 056080, 001510, 066970, 000270]
403870  403870    53,800    0.0    +0.0%    0.0x     중간  0.92  0/0
055550  055550   100,400    0.0    +0.0%    0.0x     중간  0.22  0/0
035720  035720    47,700    0.0    +0.0%    0.0x     중간  2.55  1/0
015760  015760    44,050    0.0    +0.0%    0.0x     중간  1.70  1/0
078930  078930    82,300    0.0    +0.0%    0.0x     중간  0.56  0/0
217820  217820     4,000    0.0    +0.0%    0.0x     중간  0.69  0/0
001510  001510     5,450   90.9    +2.3%    1.8x     상단  4.43  2/0
056080  056080    27,050   69.6    +0.2%    1.1x     중간  4.80  1/0
084850  084850    17,440    0.0    +0.0%    0.0x     중간  1.02  0/0

══════════════════════════════════════════════════
→ 전종목 HOLD
Traceback (most recent call last):
  File "/usr/lib/python3/dist-packages/httpcore/_exceptions.py", line 10, in map_exceptions
    yield
  File "/usr/lib/python3/dist-packages/httpcore/_backends/sync.py", line 206, in connect_tcp
    sock = socket.create_connection(
           ^^^^^^^^^^^^^^^^^^^^^^^^^
  File "/usr/lib/python3.12/socket.py", line 828, in create_connection
    for res in getaddrinfo(host, port, 0, SOCK_STREAM):
               ^^^^^^^^^^^^^^^^^^^^^^^^^^^^^^^^^^^^^^^
  File "/usr/lib/python3.12/socket.py", line 963, in getaddrinfo
    for res in _socket.getaddrinfo(host, port, family, type, proto, flags):
               ^^^^^^^^^^^^^^^^^^^^^^^^^^^^^^^^^^^^^^^^^^^^^^^^^^^^^^^^^^^
socket.gaierror: [Errno -3] Temporary failure in name resolution

The above exception was the direct cause of the following exception:

Traceback (most recent call last):
  File "/usr/lib/python3/dist-packages/httpx/_transports/default.py", line 67, in map_httpcore_exceptions
    yield
  File "/usr/lib/python3/dist-packages/httpx/_transports/default.py", line 231, in handle_request
    resp = self._pool.handle_request(req)
           ^^^^^^^^^^^^^^^^^^^^^^^^^^^^^^
  File "/usr/lib/python3/dist-packages/httpcore/_sync/connection_pool.py", line 268, in handle_request
    raise exc
  File "/usr/lib/python3/dist-packages/httpcore/_sync/connection_pool.py", line 251, in handle_request
    response = connection.handle_request(request)
               ^^^^^^^^^^^^^^^^^^^^^^^^^^^^^^^^^^
  File "/usr/lib/python3/dist-packages/httpcore/_sync/connection.py", line 99, in handle_request
    raise exc
  File "/usr/lib/python3/dist-packages/httpcore/_sync/connection.py", line 76, in handle_request
    stream = self._connect(request)
             ^^^^^^^^^^^^^^^^^^^^^^
  File "/usr/lib/python3/dist-packages/httpcore/_sync/connection.py", line 124, in _connect
    stream = self._network_backend.connect_tcp(**kwargs)
             ^^^^^^^^^^^^^^^^^^^^^^^^^^^^^^^^^^^^^^^^^^^
  File "/usr/lib/python3/dist-packages/httpcore/_backends/sync.py", line 205, in connect_tcp
    with map_exceptions(exc_map):
  File "/usr/lib/python3.12/contextlib.py", line 158, in __exit__
    self.gen.throw(value)
  File "/usr/lib/python3/dist-packages/httpcore/_exceptions.py", line 14, in map_exceptions
    raise to_exc(exc) from exc
httpcore.ConnectError: [Errno -3] Temporary failure in name resolution

The above exception was the direct cause of the following exception:

Traceback (most recent call last):
  File "/home/hyunho/openclaw-setup/python-only/notify.py", line 41, in <module>
    msg = httpx.post(f"https://discord.com/api/v10/channels/{channel_id}/messages",
          ^^^^^^^^^^^^^^^^^^^^^^^^^^^^^^^^^^^^^^^^^^^^^^^^^^^^^^^^^^^^^^^^^^^^^^^^^
  File "/usr/lib/python3/dist-packages/httpx/_api.py", line 317, in post
    return request(
           ^^^^^^^^
  File "/usr/lib/python3/dist-packages/httpx/_api.py", line 104, in request
    return client.request(
           ^^^^^^^^^^^^^^^
  File "/usr/lib/python3/dist-packages/httpx/_client.py", line 828, in request
    return self.send(request, auth=auth, follow_redirects=follow_redirects)
           ^^^^^^^^^^^^^^^^^^^^^^^^^^^^^^^^^^^^^^^^^^^^^^^^^^^^^^^^^^^^^^^^
  File "/usr/lib/python3/dist-packages/httpx/_client.py", line 915, in send
    response = self._send_handling_auth(
               ^^^^^^^^^^^^^^^^^^^^^^^^^
  File "/usr/lib/python3/dist-packages/httpx/_client.py", line 943, in _send_handling_auth
    response = self._send_handling_redirects(
               ^^^^^^^^^^^^^^^^^^^^^^^^^^^^^^
  File "/usr/lib/python3/dist-packages/httpx/_client.py", line 980, in _send_handling_redirects
    response = self._send_single_request(request)
               ^^^^^^^^^^^^^^^^^^^^^^^^^^^^^^^^^^
  File "/usr/lib/python3/dist-packages/httpx/_client.py", line 1016, in _send_single_request
    response = transport.handle_request(request)
               ^^^^^^^^^^^^^^^^^^^^^^^^^^^^^^^^^
  File "/usr/lib/python3/dist-packages/httpx/_transports/default.py", line 230, in handle_request
    with map_httpcore_exceptions():
  File "/usr/lib/python3.12/contextlib.py", line 158, in __exit__
    self.gen.throw(value)
  File "/usr/lib/python3/dist-packages/httpx/_transports/default.py", line 84, in map_httpcore_exceptions
    raise mapped_exc(message) from exc
httpx.ConnectError: [Errno -3] Temporary failure in name resolution

[11:16] HOLD | KODEX RSI90/+0.6%⚠️과열 | 보유:없음 | 최고신호 001510(001510) 2/3개
💰 예수금 101,262원 | KODEX200 RSI89/+0.6% 과열⚠️ | 매수기준 3개↑

코드      종목명           가격    RSI     변화율    거래량     BB   호가비  B/S
────────────────────────────────────────────────────────────────────────
[2단계 분석 대상: 035420, 056080, 066970, 015760, 000270]
403870  403870    53,800    0.0    +0.0%    0.0x     중간  0.91  0/0
055550  055550   100,400    0.0    +0.0%    0.0x     중간  0.24  0/0
035720  035720    47,700    0.0    +0.0%    0.0x     중간  2.63  1/0
015760  015760    44,000   53.8    -1.1%    0.5x     중간  3.03  2/0
078930  078930    82,200    0.0    +0.0%    0.0x     중간  0.62  0/0
217820  217820     4,000    0.0    +0.0%    0.0x     중간  0.75  0/0
001510  001510     5,470    0.0    +0.0%    0.0x     중간  2.43  1/0
056080  056080    27,050   69.6    +0.2%    1.1x     중간  5.84  1/0
084850  084850    17,420    0.0    +0.0%    0.0x     중간  2.78  1/0

══════════════════════════════════════════════════
→ 전종목 HOLD
Traceback (most recent call last):
  File "/usr/lib/python3/dist-packages/httpcore/_exceptions.py", line 10, in map_exceptions
    yield
  File "/usr/lib/python3/dist-packages/httpcore/_backends/sync.py", line 206, in connect_tcp
    sock = socket.create_connection(
           ^^^^^^^^^^^^^^^^^^^^^^^^^
  File "/usr/lib/python3.12/socket.py", line 828, in create_connection
    for res in getaddrinfo(host, port, 0, SOCK_STREAM):
               ^^^^^^^^^^^^^^^^^^^^^^^^^^^^^^^^^^^^^^^
  File "/usr/lib/python3.12/socket.py", line 963, in getaddrinfo
    for res in _socket.getaddrinfo(host, port, family, type, proto, flags):
               ^^^^^^^^^^^^^^^^^^^^^^^^^^^^^^^^^^^^^^^^^^^^^^^^^^^^^^^^^^^
socket.gaierror: [Errno -3] Temporary failure in name resolution

The above exception was the direct cause of the following exception:

Traceback (most recent call last):
  File "/usr/lib/python3/dist-packages/httpx/_transports/default.py", line 67, in map_httpcore_exceptions
    yield
  File "/usr/lib/python3/dist-packages/httpx/_transports/default.py", line 231, in handle_request
    resp = self._pool.handle_request(req)
           ^^^^^^^^^^^^^^^^^^^^^^^^^^^^^^
  File "/usr/lib/python3/dist-packages/httpcore/_sync/connection_pool.py", line 268, in handle_request
    raise exc
  File "/usr/lib/python3/dist-packages/httpcore/_sync/connection_pool.py", line 251, in handle_request
    response = connection.handle_request(request)
               ^^^^^^^^^^^^^^^^^^^^^^^^^^^^^^^^^^
  File "/usr/lib/python3/dist-packages/httpcore/_sync/connection.py", line 99, in handle_request
    raise exc
  File "/usr/lib/python3/dist-packages/httpcore/_sync/connection.py", line 76, in handle_request
    stream = self._connect(request)
             ^^^^^^^^^^^^^^^^^^^^^^
  File "/usr/lib/python3/dist-packages/httpcore/_sync/connection.py", line 124, in _connect
    stream = self._network_backend.connect_tcp(**kwargs)
             ^^^^^^^^^^^^^^^^^^^^^^^^^^^^^^^^^^^^^^^^^^^
  File "/usr/lib/python3/dist-packages/httpcore/_backends/sync.py", line 205, in connect_tcp
    with map_exceptions(exc_map):
  File "/usr/lib/python3.12/contextlib.py", line 158, in __exit__
    self.gen.throw(value)
  File "/usr/lib/python3/dist-packages/httpcore/_exceptions.py", line 14, in map_exceptions
    raise to_exc(exc) from exc
httpcore.ConnectError: [Errno -3] Temporary failure in name resolution

The above exception was the direct cause of the following exception:

Traceback (most recent call last):
  File "/home/hyunho/openclaw-setup/python-only/notify.py", line 41, in <module>
    msg = httpx.post(f"https://discord.com/api/v10/channels/{channel_id}/messages",
          ^^^^^^^^^^^^^^^^^^^^^^^^^^^^^^^^^^^^^^^^^^^^^^^^^^^^^^^^^^^^^^^^^^^^^^^^^
  File "/usr/lib/python3/dist-packages/httpx/_api.py", line 317, in post
    return request(
           ^^^^^^^^
  File "/usr/lib/python3/dist-packages/httpx/_api.py", line 104, in request
    return client.request(
           ^^^^^^^^^^^^^^^
  File "/usr/lib/python3/dist-packages/httpx/_client.py", line 828, in request
    return self.send(request, auth=auth, follow_redirects=follow_redirects)
           ^^^^^^^^^^^^^^^^^^^^^^^^^^^^^^^^^^^^^^^^^^^^^^^^^^^^^^^^^^^^^^^^
  File "/usr/lib/python3/dist-packages/httpx/_client.py", line 915, in send
    response = self._send_handling_auth(
               ^^^^^^^^^^^^^^^^^^^^^^^^^
  File "/usr/lib/python3/dist-packages/httpx/_client.py", line 943, in _send_handling_auth
    response = self._send_handling_redirects(
               ^^^^^^^^^^^^^^^^^^^^^^^^^^^^^^
  File "/usr/lib/python3/dist-packages/httpx/_client.py", line 980, in _send_handling_redirects
    response = self._send_single_request(request)
               ^^^^^^^^^^^^^^^^^^^^^^^^^^^^^^^^^^
  File "/usr/lib/python3/dist-packages/httpx/_client.py", line 1016, in _send_single_request
    response = transport.handle_request(request)
               ^^^^^^^^^^^^^^^^^^^^^^^^^^^^^^^^^
  File "/usr/lib/python3/dist-packages/httpx/_transports/default.py", line 230, in handle_request
    with map_httpcore_exceptions():
  File "/usr/lib/python3.12/contextlib.py", line 158, in __exit__
    self.gen.throw(value)
  File "/usr/lib/python3/dist-packages/httpx/_transports/default.py", line 84, in map_httpcore_exceptions
    raise mapped_exc(message) from exc
httpx.ConnectError: [Errno -3] Temporary failure in name resolution

[11:18] HOLD | KODEX RSI89/+0.6%⚠️과열 | 보유:없음 | 최고신호 015760(015760) 2/3개
💰 예수금 101,262원 | KODEX200 RSI89/+0.5% 과열⚠️ | 매수기준 4개↑

코드      종목명           가격    RSI     변화율    거래량     BB   호가비  B/S
────────────────────────────────────────────────────────────────────────
[2단계 분석 대상: 035420, 056080, 066970, 001510, 079550]
403870  403870    53,700    0.0    +0.0%    0.0x     중간  0.92  0/0
055550  055550   100,400    0.0    +0.0%    0.0x     중간  0.25  0/0
035720  035720    47,700    0.0    +0.0%    0.0x     중간  2.61  1/0
015760  015760    44,000    0.0    +0.0%    0.0x     중간  3.09  1/0
078930  078930    82,300    0.0    +0.0%    0.0x     중간  0.60  0/0
217820  217820     4,000    0.0    +0.0%    0.0x     중간  0.76  0/0
001510  001510     5,440   90.8    +1.7%    1.8x     상단  3.67  2/0
056080  056080    27,000   69.6    +0.2%    1.1x     중간  5.48  1/0
084850  084850    17,420    0.0    +0.0%    0.0x     중간  2.78  1/0

══════════════════════════════════════════════════
→ 전종목 HOLD
Traceback (most recent call last):
  File "/usr/lib/python3/dist-packages/httpcore/_exceptions.py", line 10, in map_exceptions
    yield
  File "/usr/lib/python3/dist-packages/httpcore/_backends/sync.py", line 206, in connect_tcp
    sock = socket.create_connection(
           ^^^^^^^^^^^^^^^^^^^^^^^^^
  File "/usr/lib/python3.12/socket.py", line 828, in create_connection
    for res in getaddrinfo(host, port, 0, SOCK_STREAM):
               ^^^^^^^^^^^^^^^^^^^^^^^^^^^^^^^^^^^^^^^
  File "/usr/lib/python3.12/socket.py", line 963, in getaddrinfo
    for res in _socket.getaddrinfo(host, port, family, type, proto, flags):
               ^^^^^^^^^^^^^^^^^^^^^^^^^^^^^^^^^^^^^^^^^^^^^^^^^^^^^^^^^^^
socket.gaierror: [Errno -3] Temporary failure in name resolution

The above exception was the direct cause of the following exception:

Traceback (most recent call last):
  File "/usr/lib/python3/dist-packages/httpx/_transports/default.py", line 67, in map_httpcore_exceptions
    yield
  File "/usr/lib/python3/dist-packages/httpx/_transports/default.py", line 231, in handle_request
    resp = self._pool.handle_request(req)
           ^^^^^^^^^^^^^^^^^^^^^^^^^^^^^^
  File "/usr/lib/python3/dist-packages/httpcore/_sync/connection_pool.py", line 268, in handle_request
    raise exc
  File "/usr/lib/python3/dist-packages/httpcore/_sync/connection_pool.py", line 251, in handle_request
    response = connection.handle_request(request)
               ^^^^^^^^^^^^^^^^^^^^^^^^^^^^^^^^^^
  File "/usr/lib/python3/dist-packages/httpcore/_sync/connection.py", line 99, in handle_request
    raise exc
  File "/usr/lib/python3/dist-packages/httpcore/_sync/connection.py", line 76, in handle_request
    stream = self._connect(request)
             ^^^^^^^^^^^^^^^^^^^^^^
  File "/usr/lib/python3/dist-packages/httpcore/_sync/connection.py", line 124, in _connect
    stream = self._network_backend.connect_tcp(**kwargs)
             ^^^^^^^^^^^^^^^^^^^^^^^^^^^^^^^^^^^^^^^^^^^
  File "/usr/lib/python3/dist-packages/httpcore/_backends/sync.py", line 205, in connect_tcp
    with map_exceptions(exc_map):
  File "/usr/lib/python3.12/contextlib.py", line 158, in __exit__
    self.gen.throw(value)
  File "/usr/lib/python3/dist-packages/httpcore/_exceptions.py", line 14, in map_exceptions
    raise to_exc(exc) from exc
httpcore.ConnectError: [Errno -3] Temporary failure in name resolution

The above exception was the direct cause of the following exception:

Traceback (most recent call last):
  File "/home/hyunho/openclaw-setup/python-only/notify.py", line 41, in <module>
    msg = httpx.post(f"https://discord.com/api/v10/channels/{channel_id}/messages",
          ^^^^^^^^^^^^^^^^^^^^^^^^^^^^^^^^^^^^^^^^^^^^^^^^^^^^^^^^^^^^^^^^^^^^^^^^^
  File "/usr/lib/python3/dist-packages/httpx/_api.py", line 317, in post
    return request(
           ^^^^^^^^
  File "/usr/lib/python3/dist-packages/httpx/_api.py", line 104, in request
    return client.request(
           ^^^^^^^^^^^^^^^
  File "/usr/lib/python3/dist-packages/httpx/_client.py", line 828, in request
    return self.send(request, auth=auth, follow_redirects=follow_redirects)
           ^^^^^^^^^^^^^^^^^^^^^^^^^^^^^^^^^^^^^^^^^^^^^^^^^^^^^^^^^^^^^^^^
  File "/usr/lib/python3/dist-packages/httpx/_client.py", line 915, in send
    response = self._send_handling_auth(
               ^^^^^^^^^^^^^^^^^^^^^^^^^
  File "/usr/lib/python3/dist-packages/httpx/_client.py", line 943, in _send_handling_auth
    response = self._send_handling_redirects(
               ^^^^^^^^^^^^^^^^^^^^^^^^^^^^^^
  File "/usr/lib/python3/dist-packages/httpx/_client.py", line 980, in _send_handling_redirects
    response = self._send_single_request(request)
               ^^^^^^^^^^^^^^^^^^^^^^^^^^^^^^^^^^
  File "/usr/lib/python3/dist-packages/httpx/_client.py", line 1016, in _send_single_request
    response = transport.handle_request(request)
               ^^^^^^^^^^^^^^^^^^^^^^^^^^^^^^^^^
  File "/usr/lib/python3/dist-packages/httpx/_transports/default.py", line 230, in handle_request
    with map_httpcore_exceptions():
  File "/usr/lib/python3.12/contextlib.py", line 158, in __exit__
    self.gen.throw(value)
  File "/usr/lib/python3/dist-packages/httpx/_transports/default.py", line 84, in map_httpcore_exceptions
    raise mapped_exc(message) from exc
httpx.ConnectError: [Errno -3] Temporary failure in name resolution

[11:20] HOLD ⚠️자제| KODEX RSI89/+0.5%⚠️과열 | 보유:없음 | 최고신호 001510(001510) 2/4개
💰 예수금 101,262원 | KODEX200 RSI89/+0.4% 과열⚠️ | 매수기준 4개↑

코드      종목명           가격    RSI     변화율    거래량     BB   호가비  B/S
────────────────────────────────────────────────────────────────────────
[2단계 분석 대상: 084850, 056080, 035420, 001510, 207940]
403870  403870    53,500    0.0    +0.0%    0.0x     중간  1.15  0/0
055550  055550   100,300    0.0    +0.0%    0.0x     중간  0.26  0/0
035720  035720    47,600    0.0    +0.0%    0.0x     중간  3.68  1/0
015760  015760    44,000    0.0    +0.0%    0.0x     중간  3.05  1/0
078930  078930    82,300    0.0    +0.0%    0.0x     중간  0.38  0/0
217820  217820     4,000    0.0    +0.0%    0.0x     중간  0.72  0/0
001510  001510     5,430   90.9    +2.3%    1.8x     상단  4.62  2/0
056080  056080    27,000   69.6    +0.2%    1.1x     중간  6.37  1/0
084850  084850    17,390   45.3    +2.0%    0.2x     중간 18.77  1/0

══════════════════════════════════════════════════
→ 전종목 HOLD
Traceback (most recent call last):
  File "/usr/lib/python3/dist-packages/httpcore/_exceptions.py", line 10, in map_exceptions
    yield
  File "/usr/lib/python3/dist-packages/httpcore/_backends/sync.py", line 206, in connect_tcp
    sock = socket.create_connection(
           ^^^^^^^^^^^^^^^^^^^^^^^^^
  File "/usr/lib/python3.12/socket.py", line 828, in create_connection
    for res in getaddrinfo(host, port, 0, SOCK_STREAM):
               ^^^^^^^^^^^^^^^^^^^^^^^^^^^^^^^^^^^^^^^
  File "/usr/lib/python3.12/socket.py", line 963, in getaddrinfo
    for res in _socket.getaddrinfo(host, port, family, type, proto, flags):
               ^^^^^^^^^^^^^^^^^^^^^^^^^^^^^^^^^^^^^^^^^^^^^^^^^^^^^^^^^^^
socket.gaierror: [Errno -3] Temporary failure in name resolution

The above exception was the direct cause of the following exception:

Traceback (most recent call last):
  File "/usr/lib/python3/dist-packages/httpx/_transports/default.py", line 67, in map_httpcore_exceptions
    yield
  File "/usr/lib/python3/dist-packages/httpx/_transports/default.py", line 231, in handle_request
    resp = self._pool.handle_request(req)
           ^^^^^^^^^^^^^^^^^^^^^^^^^^^^^^
  File "/usr/lib/python3/dist-packages/httpcore/_sync/connection_pool.py", line 268, in handle_request
    raise exc
  File "/usr/lib/python3/dist-packages/httpcore/_sync/connection_pool.py", line 251, in handle_request
    response = connection.handle_request(request)
               ^^^^^^^^^^^^^^^^^^^^^^^^^^^^^^^^^^
  File "/usr/lib/python3/dist-packages/httpcore/_sync/connection.py", line 99, in handle_request
    raise exc
  File "/usr/lib/python3/dist-packages/httpcore/_sync/connection.py", line 76, in handle_request
    stream = self._connect(request)
             ^^^^^^^^^^^^^^^^^^^^^^
  File "/usr/lib/python3/dist-packages/httpcore/_sync/connection.py", line 124, in _connect
    stream = self._network_backend.connect_tcp(**kwargs)
             ^^^^^^^^^^^^^^^^^^^^^^^^^^^^^^^^^^^^^^^^^^^
  File "/usr/lib/python3/dist-packages/httpcore/_backends/sync.py", line 205, in connect_tcp
    with map_exceptions(exc_map):
  File "/usr/lib/python3.12/contextlib.py", line 158, in __exit__
    self.gen.throw(value)
  File "/usr/lib/python3/dist-packages/httpcore/_exceptions.py", line 14, in map_exceptions
    raise to_exc(exc) from exc
httpcore.ConnectError: [Errno -3] Temporary failure in name resolution

The above exception was the direct cause of the following exception:

Traceback (most recent call last):
  File "/home/hyunho/openclaw-setup/python-only/notify.py", line 41, in <module>
    msg = httpx.post(f"https://discord.com/api/v10/channels/{channel_id}/messages",
          ^^^^^^^^^^^^^^^^^^^^^^^^^^^^^^^^^^^^^^^^^^^^^^^^^^^^^^^^^^^^^^^^^^^^^^^^^
  File "/usr/lib/python3/dist-packages/httpx/_api.py", line 317, in post
    return request(
           ^^^^^^^^
  File "/usr/lib/python3/dist-packages/httpx/_api.py", line 104, in request
    return client.request(
           ^^^^^^^^^^^^^^^
  File "/usr/lib/python3/dist-packages/httpx/_client.py", line 828, in request
    return self.send(request, auth=auth, follow_redirects=follow_redirects)
           ^^^^^^^^^^^^^^^^^^^^^^^^^^^^^^^^^^^^^^^^^^^^^^^^^^^^^^^^^^^^^^^^
  File "/usr/lib/python3/dist-packages/httpx/_client.py", line 915, in send
    response = self._send_handling_auth(
               ^^^^^^^^^^^^^^^^^^^^^^^^^
  File "/usr/lib/python3/dist-packages/httpx/_client.py", line 943, in _send_handling_auth
    response = self._send_handling_redirects(
               ^^^^^^^^^^^^^^^^^^^^^^^^^^^^^^
  File "/usr/lib/python3/dist-packages/httpx/_client.py", line 980, in _send_handling_redirects
    response = self._send_single_request(request)
               ^^^^^^^^^^^^^^^^^^^^^^^^^^^^^^^^^^
  File "/usr/lib/python3/dist-packages/httpx/_client.py", line 1016, in _send_single_request
    response = transport.handle_request(request)
               ^^^^^^^^^^^^^^^^^^^^^^^^^^^^^^^^^
  File "/usr/lib/python3/dist-packages/httpx/_transports/default.py", line 230, in handle_request
    with map_httpcore_exceptions():
  File "/usr/lib/python3.12/contextlib.py", line 158, in __exit__
    self.gen.throw(value)
  File "/usr/lib/python3/dist-packages/httpx/_transports/default.py", line 84, in map_httpcore_exceptions
    raise mapped_exc(message) from exc
httpx.ConnectError: [Errno -3] Temporary failure in name resolution

[11:22] HOLD ⚠️자제| KODEX RSI89/+0.4%⚠️과열 | 보유:없음 | 최고신호 001510(001510) 2/4개
💰 예수금 101,262원 | KODEX200 RSI89/+0.4% 과열⚠️ | 매수기준 4개↑

코드      종목명           가격    RSI     변화율    거래량     BB   호가비  B/S
────────────────────────────────────────────────────────────────────────
[2단계 분석 대상: 084850, 035420, 056080, 207940, 066970]
403870  403870    53,500    0.0    +0.0%    0.0x     중간  1.19  0/0
055550  055550   100,400    0.0    +0.0%    0.0x     중간  0.26  0/0
035720  035720    47,600    0.0    +0.0%    0.0x     중간  3.83  1/0
015760  015760    44,000    0.0    +0.0%    0.0x     중간  2.99  1/0
078930  078930    82,200    0.0    +0.0%    0.0x     중간  0.28  0/0
217820  217820     4,000    0.0    +0.0%    0.0x     중간  0.76  0/0
001510  001510     5,430    0.0    +0.0%    0.0x     중간  3.88  1/0
056080  056080    27,000   69.4    +0.0%    1.1x     중간  6.62  1/0
084850  084850    17,390   45.3    +2.0%    0.2x     중간 11.41  1/0

══════════════════════════════════════════════════
→ 전종목 HOLD
⚠️ 재시도 1/3: [Errno -3] Temporary failure in name resolution
✅ Discord 전송 완료

[11:24] HOLD ⚠️자제| KODEX RSI89/+0.4%⚠️과열 | 보유:없음 | 최고신호 035720(035720) 1/4개
💰 예수금 101,262원 | KODEX200 RSI89/+0.3% 과열⚠️ | 매수기준 4개↑

코드      종목명           가격    RSI     변화율    거래량     BB   호가비  B/S
────────────────────────────────────────────────────────────────────────
[2단계 분석 대상: 084850, 035420, 012330, 207940, 000270]
403870  403870    53,500    0.0    +0.0%    0.0x     중간  1.14  0/0
055550  055550   100,300    0.0    +0.0%    0.0x     중간  0.30  0/0
035720  035720    47,600    0.0    +0.0%    0.0x     중간  3.56  1/0
015760  015760    44,000    0.0    +0.0%    0.0x     중간  2.84  1/0
078930  078930    82,400    0.0    +0.0%    0.0x     중간  0.46  0/0
217820  217820     4,000    0.0    +0.0%    0.0x     중간  0.80  0/0
001510  001510     5,430    0.0    +0.0%    0.0x     중간  3.95  1/0
056080  056080    26,900    0.0    +0.0%    0.0x     중간  3.94  1/0
084850  084850    17,370   45.5    +2.2%    0.2x     중간 15.41  1/0

══════════════════════════════════════════════════
→ 전종목 HOLD
✅ Discord 전송 완료

[11:26] HOLD ⚠️자제| KODEX RSI89/+0.3%⚠️과열 | 보유:없음 | 최고신호 035720(035720) 1/4개
💰 예수금 101,262원 | KODEX200 RSI89/+0.1% 과열⚠️ | 매수기준 4개↑

코드      종목명           가격    RSI     변화율    거래량     BB   호가비  B/S
────────────────────────────────────────────────────────────────────────
[2단계 분석 대상: 035420, 084850, 012330, 207940, 066970]
403870  HPSP      53,400    0.0    +0.0%    0.0x     중간  1.39  1/0
055550  신한지주     100,300    0.0    +0.0%    0.0x     중간  0.25  0/0
035720  카카오       47,600    0.0    +0.0%    0.0x     중간  3.30  1/0
015760  한국전력      44,000    0.0    +0.0%    0.0x     중간  2.88  1/0
078930  GS        82,400    0.0    +0.0%    0.0x     중간  0.73  0/0
217820  이루다        4,015    0.0    +0.0%    0.0x     중간  0.59  0/0
001510  BYC        5,430    0.0    +0.0%    0.0x     중간  4.27  1/0
056080  유진에너지     26,900    0.0    +0.0%    0.0x     중간  3.90  1/0
084850  유진기업      17,380   45.6    +2.3%    0.2x     중간  6.01  1/0

══════════════════════════════════════════════════
→ 전종목 HOLD
✅ Discord 전송 완료

[11:28] HOLD ⚠️자제| KODEX RSI89/+0.1%⚠️과열 | 보유:없음 | 최고신호 HPSP(403870) 1/4개
💰 예수금 101,262원 | KODEX200 RSI88/-0.1% 과열⚠️ | 매수기준 4개↑

코드      종목명           가격    RSI     변화율    거래량     BB   호가비  B/S
────────────────────────────────────────────────────────────────────────
[2단계 분석 대상: 034020, 079550, 035720, 001510, 035420]
403870  HPSP      53,400    0.0    +0.0%    0.0x     중간  1.37  1/0
055550  신한지주     100,000    0.0    +0.0%    0.0x     중간  0.54  0/0
035720  카카오       47,500   48.4    -2.1%    0.5x     중간  6.08  2/0
015760  한국전력      43,900    0.0    +0.0%    0.0x     중간  3.75  1/0
078930  GS        82,100    0.0    +0.0%    0.0x     중간  0.67  0/0
217820  이루다        4,000    0.0    +0.0%    0.0x     중간  0.69  0/0
001510  BYC        5,420   90.8    +1.7%    1.8x     상단  5.71  2/0
056080  유진에너지     26,850    0.0    +0.0%    0.0x     중간  3.72  1/0
084850  유진기업      17,330    0.0    +0.0%    0.0x     중간  4.69  1/0

══════════════════════════════════════════════════
→ 전종목 HOLD
✅ Discord 전송 완료

[11:30] HOLD ⚠️자제| KODEX RSI88/-0.1%⚠️과열 | 보유:없음 | 최고신호 카카오(035720) 2/4개
💰 예수금 101,262원 | KODEX200 RSI87/-0.3% 과열⚠️ | 매수기준 4개↑

코드      종목명           가격    RSI     변화율    거래량     BB   호가비  B/S
────────────────────────────────────────────────────────────────────────
[2단계 분석 대상: 079550, 000270, 207940, 001510, 034020]
403870  HPSP      53,300    0.0    +0.0%    0.0x     중간  1.22  1/0
055550  신한지주      99,900    0.0    +0.0%    0.0x     중간  0.85  0/0
035720  카카오       47,450    0.0    +0.0%    0.0x     중간  6.37  1/0
015760  한국전력      43,800    0.0    +0.0%    0.0x     중간  4.80  1/0
078930  GS        82,000    0.0    +0.0%    0.0x     중간  0.90  0/0
217820  이루다        4,000    0.0    +0.0%    0.0x     중간  0.69  0/0
001510  BYC        5,410   90.8    +1.7%    1.8x     상단  7.60  2/0
056080  유진에너지     26,850    0.0    +0.0%    0.0x     중간  3.72  1/0
084850  유진기업      17,390    0.0    +0.0%    0.0x     중간  5.49  1/0

══════════════════════════════════════════════════
→ 전종목 HOLD
✅ Discord 전송 완료

[11:32] HOLD ⚠️자제| KODEX RSI87/-0.3%⚠️과열 | 보유:없음 | 최고신호 BYC(001510) 2/4개 [거래량1.8x / 호가7.6]
💰 예수금 101,262원 | KODEX200 RSI88/-0.2% 과열⚠️ | 매수기준 4개↑

코드      종목명           가격    RSI     변화율    거래량     BB   호가비  B/S
────────────────────────────────────────────────────────────────────────
[2단계 분석 대상: 000270, 079550, 084850, 207940, 001510]
403870  HPSP      53,300    0.0    +0.0%    0.0x     중간  1.24  1/0
055550  신한지주     100,000    0.0    +0.0%    0.0x     중간  0.55  0/0
035720  카카오       47,450    0.0    +0.0%    0.0x     중간  6.70  1/0
015760  한국전력      43,800    0.0    +0.0%    0.0x     중간  4.55  1/0
078930  GS        82,000    0.0    +0.0%    0.0x     중간  0.65  0/0
217820  이루다        4,000    0.0    +0.0%    0.0x     중간  0.69  0/0
001510  BYC        5,410   90.7    +1.5%    1.8x     상단  7.39  2/0
056080  유진에너지     26,900    0.0    +0.0%    0.0x     중간  3.84  1/0
084850  유진기업      17,350   45.5    +2.2%    0.2x     중간  9.42  1/0

══════════════════════════════════════════════════
→ 전종목 HOLD
✅ Discord 전송 완료

[11:34] HOLD ⚠️자제| KODEX RSI88/-0.2%⚠️과열 | 보유:없음 | 최고신호 BYC(001510) 2/4개 [거래량1.8x / 호가7.4]
💰 예수금 101,262원 | KODEX200 RSI89/-0.0% 과열⚠️ | 매수기준 4개↑

코드      종목명           가격    RSI     변화율    거래량     BB   호가비  B/S
────────────────────────────────────────────────────────────────────────
[2단계 분석 대상: 000270, 207940, 084850, 035720, 001510]
403870  HPSP      53,300    0.0    +0.0%    0.0x     중간  1.29  1/0
055550  신한지주     100,100    0.0    +0.0%    0.0x     중간  0.30  0/0
035720  카카오       47,500   48.9    -1.9%    0.6x     중간  7.15  2/0
015760  한국전력      43,850    0.0    +0.0%    0.0x     중간  4.42  1/0
078930  GS        82,100    0.0    +0.0%    0.0x     중간  0.62  0/0
217820  이루다        3,990    0.0    +0.0%    0.0x     중간  3.63  1/0
001510  BYC        5,410   90.8    +1.7%    1.8x     상단  6.05  2/0
056080  유진에너지     26,950    0.0    +0.0%    0.0x     중간  3.97  1/0
084850  유진기업      17,350   45.4    +2.1%    0.2x     중간  9.18  1/0

══════════════════════════════════════════════════
→ 전종목 HOLD
✅ Discord 전송 완료

[11:36] HOLD ⚠️자제| KODEX RSI89/-0.0%⚠️과열 | 보유:없음 | 최고신호 카카오(035720) 2/4개 [하락-1.9% / 호가7.2]
💰 예수금 101,262원 | KODEX200 RSI89/-0.0% 과열⚠️ | 매수기준 4개↑

코드      종목명           가격    RSI     변화율    거래량     BB   호가비  B/S
────────────────────────────────────────────────────────────────────────
[2단계 분석 대상: 000270, 207940, 001510, 084850, 035720]
403870  HPSP      53,500    0.0    +0.0%    0.0x     중간  0.91  0/0
055550  신한지주     100,100    0.0    +0.0%    0.0x     중간  0.33  0/0
035720  카카오       47,500   48.9    -1.9%    0.6x     중간  6.98  3/0
015760  한국전력      43,850    0.0    +0.0%    0.0x     중간  4.37  1/0
078930  GS        82,100    0.0    +0.0%    0.0x     중간  0.66  0/0
217820  이루다        3,990    0.0    +0.0%    0.0x     중간  2.99  1/0
001510  BYC        5,400   90.7    +1.5%    1.8x     상단  9.00  3/0
056080  유진에너지     26,850    0.0    +0.0%    0.0x     중간  3.75  1/0
084850  유진기업      17,350   45.2    +1.9%    0.2x     중간  7.33  2/0

══════════════════════════════════════════════════
→ 전종목 HOLD
✅ Discord 전송 완료

[11:38] HOLD ⚠️자제| KODEX RSI89/-0.0%⚠️과열 | 보유:없음 | 최고신호 카카오(035720) 3/4개 [하락-1.9% / MA골 / 호가7.0]
💰 예수금 101,262원 | KODEX200 RSI89/-0.1% 과열⚠️ | 매수기준 4개↑

코드      종목명           가격    RSI     변화율    거래량     BB   호가비  B/S
────────────────────────────────────────────────────────────────────────
[2단계 분석 대상: 207940, 000270, 001510, 084850, 035720]
403870  HPSP      53,400    0.0    +0.0%    0.0x     중간  1.13  0/0
055550  신한지주     100,000    0.0    +0.0%    0.0x     중간  0.49  0/0
035720  카카오       47,500   48.6    -2.0%    0.6x     중간  7.03  3/0
015760  한국전력      43,850    0.0    +0.0%    0.0x     중간  4.39  1/0
078930  GS        82,100    0.0    +0.0%    0.0x     중간  0.76  0/0
217820  이루다        3,990    0.0    +0.0%    0.0x     중간  2.97  1/0
001510  BYC        5,400   90.7    +1.3%    1.8x     상단  8.96  3/0
056080  유진에너지     26,850    0.0    +0.0%    0.0x     중간  3.90  1/0
084850  유진기업      17,350   45.2    +1.9%    0.2x     중간  7.70  2/0

══════════════════════════════════════════════════
→ 전종목 HOLD
✅ Discord 전송 완료

[11:40] HOLD ⚠️자제| KODEX RSI89/-0.1%⚠️과열 | 보유:없음 | 최고신호 카카오(035720) 3/4개 [하락-2.0% / MA골 / 호가7.0]
💰 예수금 101,262원 | KODEX200 RSI88/-0.1% 과열⚠️ | 매수기준 4개↑

코드      종목명           가격    RSI     변화율    거래량     BB   호가비  B/S
────────────────────────────────────────────────────────────────────────
[2단계 분석 대상: 207940, 000270, 001510, 084850, 035720]
403870  HPSP      53,300    0.0    +0.0%    0.0x     중간  1.32  1/0
055550  신한지주     100,100    0.0    +0.0%    0.0x     중간  0.34  0/0
035720  카카오       47,500   48.9    -1.9%    0.6x     중간  6.59  3/0
015760  한국전력      43,850    0.0    +0.0%    0.0x     중간  4.20  1/0
078930  GS        82,200    0.0    +0.0%    0.0x     중간  0.75  0/0
217820  이루다        4,000    0.0    +0.0%    0.0x     중간  1.41  1/0
001510  BYC        5,400   90.7    +1.5%    1.8x     상단  9.36  3/0
056080  유진에너지     26,900    0.0    +0.0%    0.0x     중간  3.88  1/0
084850  유진기업      17,320   45.1    +1.9%    0.2x     중간  6.67  2/0

══════════════════════════════════════════════════
→ 전종목 HOLD
✅ Discord 전송 완료

[11:42] HOLD ⚠️자제| KODEX RSI88/-0.1%⚠️과열 | 보유:없음 | 최고신호 카카오(035720) 3/4개 [하락-1.9% / MA골 / 호가6.6]
💰 예수금 101,262원 | KODEX200 RSI88/-0.3% 과열⚠️ | 매수기준 4개↑

코드      종목명           가격    RSI     변화율    거래량     BB   호가비  B/S
────────────────────────────────────────────────────────────────────────
[2단계 분석 대상: 207940, 001510, 035720, 000270, 000660]
403870  HPSP      53,400    0.0    +0.0%    0.0x     중간  1.07  0/0
055550  신한지주     100,100    0.0    +0.0%    0.0x     중간  0.33  0/0
035720  카카오       47,450   48.4    -2.1%    0.6x     중간  7.18  3/0
015760  한국전력      43,850    0.0    +0.0%    0.0x     중간  4.17  1/0
078930  GS        82,000    0.0    +0.0%    0.0x     중간  0.82  0/0
217820  이루다        3,985    0.0    +0.0%    0.0x     중간  1.45  1/0
001510  BYC        5,400   90.7    +1.3%    1.8x     상단  7.83  3/0
056080  유진에너지     26,850    0.0    +0.0%    0.0x     중간  3.79  1/0
084850  유진기업      17,320    0.0    +0.0%    0.0x     중간  5.44  1/0

══════════════════════════════════════════════════
→ 전종목 HOLD
✅ Discord 전송 완료

[11:44] HOLD ⚠️자제| KODEX RSI88/-0.3%⚠️과열 | 보유:없음 | 최고신호 카카오(035720) 3/4개 [하락-2.1% / MA골 / 호가7.2]
💰 예수금 101,262원 | KODEX200 RSI87/-0.3% 과열⚠️ | 매수기준 3개↑

코드      종목명           가격    RSI     변화율    거래량     BB   호가비  B/S
────────────────────────────────────────────────────────────────────────
[2단계 분석 대상: 207940, 084850, 000270, 001510, 000660]
403870  HPSP      53,300    0.0    +0.0%    0.0x     중간  1.10  0/0
055550  신한지주     100,000    0.0    +0.0%    0.0x     중간  0.46  0/0
035720  카카오       47,450    0.0    +0.0%    0.0x     중간  4.73  1/0
015760  한국전력      43,850    0.0    +0.0%    0.0x     중간  4.27  1/0
078930  GS        81,900    0.0    +0.0%    0.0x     중간  0.81  0/0
217820  이루다        3,985    0.0    +0.0%    0.0x     중간  1.34  1/0
001510  BYC        5,390   90.6    +1.1%    1.9x     상단  6.31  3/0
056080  유진에너지     26,800    0.0    +0.0%    0.0x     중간  3.25  1/0
084850  유진기업      17,300   45.0    +1.8%    0.2x     중간  7.59  3/0

══════════════════════════════════════════════════
🟢 BUY BYC(001510) 조건3개 [거래량1.9x/MA골/호가6.3] 신뢰도0.75 ratio0.35
💰 예수금: 101,262원
📊 BYC(001510) 매도1호가: 5,390원 | 매수1호가: 5,380원
📌 BUY 지정가: 5,380원 × 6주 = 32,280원
✅ 접수 | 매수 주문 접수: BYC 6주 (주문번호: 0579107)
🟢 BUY 유진기업(084850) 조건3개 [RSI45/MA골/호가7.6] 신뢰도0.75 ratio0.35
💰 예수금: 101,262원
📊 유진기업(084850) 매도1호가: 17,300원 | 매수1호가: 17,290원
📌 BUY 지정가: 17,290원 × 2주 = 34,580원
✅ 접수 | 매수 주문 접수: 유진기업 2주 (주문번호: 0579162)
✅ Discord 전송 완료

🟢 BUY 체결 [11:46]
KODEX RSI87/-0.3% ⚠️과열 | 예수금 101,262원 | 기준3개↑
────────────────────────────
🟢 BUY  BYC(001510)
   신뢰도 0.75 | 신호 3/3개
   RSI 91 (극과매수)
   당일 +1.1% | 거래량 1.9x (수급유입)
   BB 상단 | 호가비 6.31 (강한매수우위)
   충족: 거래량1.9x / MA골 / 호가6.3
────────────────────────────
🟢 BUY  유진기업(084850)
   신뢰도 0.75 | 신호 3/3개
   RSI 45 (과매도)
   당일 +1.8% | 거래량 0.2x (평균이하)
   BB 중간 | 호가비 7.59 (강한매수우위)
   충족: RSI45 / MA골 / 호가7.6
────────────────────────────
📊 전체 종목 신호 현황
🟢 BYC(001510)  RSI91 +1.1% 1.9x  [3/3] 거래량1.9x MA골 호가6.3
🟢 유진기업(084850)  RSI45 +1.8% 0.2x  [3/3] RSI45 MA골 호가7.6
🔹 카카오(035720)  RSI0 +0.0% 0.0x  [1/3] 호가4.7
🔹 한국전력(015760)  RSI0 +0.0% 0.0x  [1/3] 호가4.3
🔹 이루다(217820)  RSI0 +0.0% 0.0x  [1/3] 호가1.3
🔹 유진에너지(056080)  RSI0 +0.0% 0.0x  [1/3] 호가3.2
⬜ 신호없음: HPSP 신한지주 GS
💰 예수금 68,918원 | KODEX200 RSI87/-0.4% 과열⚠️ | 매수기준 3개↑
📦 보유 SK증권(001510) 6주 -0.4%

코드      종목명           가격    RSI     변화율    거래량     BB   호가비  B/S
────────────────────────────────────────────────────────────────────────
[2단계 분석 대상: 001510, 207940, 084850, 006400, 000270, 003670]
403870  HPSP      53,200    0.0    +0.0%    0.0x     중간  1.05  0/0
035720  카카오       47,450    0.0    +0.0%    0.0x     중간  4.45  1/0
015760  한국전력      43,850    0.0    +0.0%    0.0x     중간  3.77  1/0
217820  이루다        3,985    0.0    +0.0%    0.0x     중간  1.38  1/0
001510  BYC        5,390   90.6    +1.1%    1.9x     상단  7.73  3/2
056080  유진에너지     26,800    0.0    +0.0%    0.0x     중간  3.39  1/0
084850  유진기업      17,300   45.0    +1.8%    0.2x     중간  6.37  3/0

══════════════════════════════════════════════════
🟡 SELL(손실축소) BYC(001510) -0.4% [RSI91, BB상단] 신뢰도0.7

🚨 [11:49:14] 에러 — SELL BYC(001510) 주문 실패
Traceback (most recent call last):
  File "/usr/lib/python3/dist-packages/httpcore/_exceptions.py", line 10, in map_exceptions
    yield
  File "/usr/lib/python3/dist-packages/httpcore/_backends/sync.py", line 206, in connect_tcp
    sock = socket.create_connection(
           ^^^^^^^^^^^^^^^^^^^^^^
✅ Discord 전송 완료
🟢 BUY 유진기업(084850) 조건3개 [RSI45/MA골/호가6.4] 신뢰도0.75 ratio0.5
💰 예수금: 34,269원
📊 유진기업(084850) 매도1호가: 17,300원 | 매수1호가: 17,280원
📌 BUY 지정가: 17,280원 × 1주 = 17,280원
✅ 접수 | 매수 주문 접수: 유진기업 1주 (주문번호: 0582255)
✅ Discord 전송 완료

🟢 BUY 체결 [11:48]
KODEX RSI87/-0.4% ⚠️과열 | 예수금 68,918원 | 기준3개↑
📦 보유: SK증권(001510) -0.4%
────────────────────────────
🟡 SELL BYC(001510)  손실축소
   수익률 -0.4% | 신뢰도 0.70
   RSI 91 (극과매수)
   당일 +1.1% | BB 상단 | 호가비 7.73
   충족: RSI91 / BB상단
────────────────────────────
🟢 BUY  유진기업(084850)
   신뢰도 0.75 | 신호 3/3개
   RSI 45 (과매도)
   당일 +1.8% | 거래량 0.2x (평균이하)
   BB 중간 | 호가비 6.37 (강한매수우위)
   충족: RSI45 / MA골 / 호가6.4
────────────────────────────
📊 전체 종목 신호 현황
🟢 BYC(001510)  RSI91 +1.1% 1.9x  [3/3] 거래량1.9x MA골 호가7.7
🟢 유진기업(084850)  RSI45 +1.8% 0.2x  [3/3] RSI45 MA골 호가6.4
🔹 카카오(035720)  RSI0 +0.0% 0.0x  [1/3] 호가4.5
🔹 한국전력(015760)  RSI0 +0.0% 0.0x  [1/3] 호가3.8
🔹 이루다(217820)  RSI0 +0.0% 0.0x  [1/3] 호가1.4
🔹 유진에너지(056080)  RSI0 +0.0% 0.0x  [1/3] 호가3.4
⬜ 신호없음: HPSP
💰 예수금 34,269원 | KODEX200 RSI87/-0.3% 과열⚠️ | 매수기준 3개↑
📦 보유 SK증권(001510) 6주 -0.4%
📦 보유 아이티엠반도체(084850) 2주 -0.3%

코드      종목명           가격    RSI     변화율    거래량     BB   호가비  B/S
────────────────────────────────────────────────────────────────────────
[2단계 분석 대상: 001510, 084850, 207940, 006400, 035720, 000660, 000270]
217820  이루다        3,985    0.0    +0.0%    0.0x     중간  1.36  1/0
001510  BYC        5,370   90.6    +0.9%    1.9x     상단  7.14  3/2
056080  유진에너지     26,800    0.0    +0.0%    0.0x     중간  3.67  1/0
084850  유진기업      17,290   45.0    +1.8%    0.2x     중간  4.09  3/0

══════════════════════════════════════════════════
🟡 SELL(손실축소) BYC(001510) -0.4% [RSI91, BB상단] 신뢰도0.7

🚨 [11:51:16] 에러 — SELL BYC(001510) 주문 실패
Traceback (most recent call last):
  File "/usr/lib/python3/dist-packages/httpcore/_exceptions.py", line 10, in map_exceptions
    yield
  File "/usr/lib/python3/dist-packages/httpcore/_backends/sync.py", line 206, in connect_tcp
    sock = socket.create_connection(
           ^^^^^^^^^^^^^^^^^^^^^^
✅ Discord 전송 완료
✅ Discord 전송 완료

🟡 SELL 체결 [11:50]
KODEX RSI87/-0.3% ⚠️과열 | 예수금 34,269원 | 기준3개↑
📦 보유: SK증권(001510) -0.4% | 아이티엠반(084850) -0.3%
────────────────────────────
🟡 SELL BYC(001510)  손실축소
   수익률 -0.4% | 신뢰도 0.70
   RSI 91 (극과매수)
   당일 +0.9% | BB 상단 | 호가비 7.14
   충족: RSI91 / BB상단
────────────────────────────
📊 전체 종목 신호 현황
🟢 BYC(001510)  RSI91 +0.9% 1.9x  [3/3] 거래량1.9x MA골 호가7.1
🟢 유진기업(084850)  RSI45 +1.8% 0.2x  [3/3] RSI45 MA골 호가4.1
🔹 이루다(217820)  RSI0 +0.0% 0.0x  [1/3] 호가1.4
🔹 유진에너지(056080)  RSI0 +0.0% 0.0x  [1/3] 호가3.7
💰 예수금 16,955원 | KODEX200 RSI87/-0.4% 과열⚠️ | 매수기준 3개↑
📦 보유 SK증권(001510) 6주 -0.2%
📦 보유 아이티엠반도체(084850) 3주 -0.2%

코드      종목명           가격    RSI     변화율    거래량     BB   호가비  B/S
────────────────────────────────────────────────────────────────────────
[2단계 분석 대상: 001510, 084850, 006400, 207940, 079550, 035720, 003670]
217820  이루다        3,985    0.0    +0.0%    0.0x     중간  1.25  1/0
001510  SK증권       5,380   90.6    +1.1%    1.9x     상단  7.19  3/2
084850  아이티엠반도체   17,290   45.0    +1.8%    0.2x     중간  3.94  3/0

══════════════════════════════════════════════════
🟡 SELL(손실축소) SK증권(001510) -0.2% [RSI91, BB상단] 신뢰도0.7
💰 예수금: 16,955원
📊 SK증권(001510) 매도1호가: 5,380원 | 매수1호가: 5,370원
📌 SELL 지정가: 5,370원 × 6주
✅ 접수 | 매도 주문 접수: SK증권 6주 (주문번호: 0587928)
✅ Discord 전송 완료

🟡 SELL 체결 [11:52]
KODEX RSI87/-0.4% ⚠️과열 | 예수금 16,955원 | 기준3개↑
📦 보유: SK증권(001510) -0.2% | 아이티엠반(084850) -0.2%
────────────────────────────
🟡 SELL SK증권(001510)  손실축소
   수익률 -0.2% | 신뢰도 0.70
   RSI 91 (극과매수)
   당일 +1.1% | BB 상단 | 호가비 7.19
   충족: RSI91 / BB상단
────────────────────────────
📊 전체 종목 신호 현황
🟢 SK증권(001510)  RSI91 +1.1% 1.9x  [3/3] 거래량1.9x MA골 호가7.2
🟢 아이티엠반도(084850)  RSI45 +1.8% 0.2x  [3/3] RSI45 MA골 호가3.9
🔹 이루다(217820)  RSI0 +0.0% 0.0x  [1/3] 호가1.2
