💰 예수금 24,636원 | KODEX200 RSI89/+0.0% 과열⚠️ | 매수기준 3개↑
📦 보유 아이티엠반도체(084850) 3주 -1.1%
📦 보유 원익피앤이(217820) 6주 +3.4%

코드      종목명           가격    RSI     변화율    거래량     BB   호가비  B/S
────────────────────────────────────────────────────────────────────────
[2단계 분석 대상: 084850, 217820, 058470, 005380, 035720, 056080, 051910]
⛔ 아우토크립트(137040) 호가 없음 (거래정지 의심)
061250  화일약품       9,030    0.0    +0.0%    0.0x     중간  1.12  0/0
217820  원익피앤이      4,230   78.2    +0.0%    0.0x     중간 327.00  2/0
001510  SK증권       5,420    0.0    +0.0%    0.0x     중간  2.02  1/0
084850  아이티엠반도체   19,320   42.0    +0.0%    0.0x     중간  0.39  1/1
⛔ 금양(001570) 호가 없음 (거래정지 의심)

══════════════════════════════════════════════════
→ 전종목 HOLD
✅ Discord 전송 완료

[08:50] HOLD | KODEX RSI89/+0.0%⚠️ | 보유:아이티엠(084850) -1.1% 원익피앤(217820) +3.4% | 💸예수금부족 | 최고신호 원익피앤이(217820) 2/3개 [MA골 / 호가327.0]
💰 예수금 24,636원 | KODEX200 RSI89/+0.0% 과열⚠️ | 매수기준 3개↑
📦 보유 아이티엠반도체(084850) 3주 -1.1%
📦 보유 원익피앤이(217820) 6주 +3.4%

코드      종목명           가격    RSI     변화율    거래량     BB   호가비  B/S
────────────────────────────────────────────────────────────────────────
[2단계 분석 대상: 084850, 217820, 058470, 056080, 138040, 012330, 403870]
⛔ 아우토크립트(137040) 호가 없음 (거래정지 의심)
061250  화일약품       9,010    0.0    +0.0%    0.0x     중간  0.30  0/0
217820  원익피앤이      4,325   79.5    +2.6%    0.1x     중간 25.49  2/0
001510  SK증권       5,580    0.0    +0.0%    0.0x     중간  1.37  1/0
084850  아이티엠반도체   19,460   42.0    +0.0%    0.0x     중간  1.48  2/1
⛔ 금양(001570) 호가 없음 (거래정지 의심)

══════════════════════════════════════════════════
→ 전종목 HOLD
✅ Discord 전송 완료

[09:00] HOLD | KODEX RSI89/+0.0%⚠️ | 보유:아이티엠(084850) -1.1% 원익피앤(217820) +3.4% | 💸예수금부족 | 최고신호 원익피앤이(217820) 2/3개 [MA골 / 호가25.5]
💰 예수금 24,635원 | KODEX200 RSI92/+6.1% 과열⚠️ | 매수기준 3개↑
📦 보유 아이티엠반도체(084850) 3주 -1.1%
📦 보유 원익피앤이(217820) 6주 +4.3%

코드      종목명           가격    RSI     변화율    거래량     BB   호가비  B/S
────────────────────────────────────────────────────────────────────────
[2단계 분석 대상: 084850, 217820, 006400, 403870, 012450, 012330, 066970]
⛔ 아우토크립트(137040) 호가 없음 (거래정지 의심)
061250  화일약품       9,010    0.0    +0.0%    0.0x     중간  0.30  0/0
217820  원익피앤이      4,245   77.3    -0.5%    0.1x     중간  1.07  1/0
001510  SK증권       5,630    0.0    +0.0%    0.0x     중간  0.28  0/0
084850  아이티엠반도체   19,310   57.4   +12.5%    0.1x     중간  0.65  1/1
⛔ 금양(001570) 호가 없음 (거래정지 의심)

══════════════════════════════════════════════════
→ 전종목 HOLD
✅ Discord 전송 완료

[09:02] HOLD | KODEX RSI92/+6.1%⚠️ | 보유:아이티엠(084850) -1.1% 원익피앤(217820) +4.3% | 💸예수금부족 | 최고신호 원익피앤이(217820) 1/3개 [MA골]
💰 예수금 24,625원 | KODEX200 RSI92/+6.0% 과열⚠️ | 매수기준 3개↑
📦 보유 아이티엠반도체(084850) 3주 +9.4%
📦 보유 원익피앤이(217820) 6주 +2.9%

코드      종목명           가격    RSI     변화율    거래량     BB   호가비  B/S
────────────────────────────────────────────────────────────────────────
[2단계 분석 대상: 084850, 217820, 403870, 058470, 042700, 066970, 207940]
⛔ 아우토크립트(137040) 호가 없음 (거래정지 의심)
061250  화일약품       8,960    0.0    +0.0%    0.0x     중간  0.49  0/0
217820  원익피앤이      4,195   76.9    -0.7%    0.1x     중간  2.52  2/0
001510  SK증권       5,560    0.0    +0.0%    0.0x     중간  0.48  0/0
084850  아이티엠반도체   18,800   54.5    +9.4%    0.2x     중간  2.99  2/2
⛔ 금양(001570) 호가 없음 (거래정지 의심)

══════════════════════════════════════════════════
🟡 SELL(수익실현💰) 아이티엠반도체(084850) +9.4% [수익+9.4%, 급등+9.4%] 신뢰도0.7
💰 예수금: 24,626원
📊 아이티엠반도체(084850) 매도1호가: 18,800원 | 매수1호가: 18,790원
📌 SELL 지정가: 18,790원 × 3주
✅ 접수 | 매도 주문 접수: 아이티엠반도체 3주 (주문번호: 0176559)
✅ Discord 전송 완료

[09:04] 🟡SELL | KODEX RSI92/+6.0%⚠️ | 예수금 24,625원

🟡 아이티엠반도체(084850)  💰수익+9.4%  RSI54 BB중간  [수익+9.4%·급등+9.4%]
📦 아이티엠 +9.4% | 원익피앤 +2.9%

🔶 원익피앤이  2/3  RSI77 -0.7%  [MA골·호가2.5]
💰 예수금 81,026원 | KODEX200 RSI92/+6.2% 과열⚠️ | 매수기준 3개↑
📦 보유 원익피앤이(217820) 6주 +2.9%

코드      종목명           가격    RSI     변화율    거래량     BB   호가비  B/S
────────────────────────────────────────────────────────────────────────
[2단계 분석 대상: 217820, 403870, 034020, 079550, 012330, 078930]
403870  HPSP      54,800   86.2    +0.6%    0.2x     중간  7.19  2/0
⛔ 아우토크립트(137040) 호가 없음 (거래정지 의심)
035720  카카오       47,650    0.0    +0.0%    0.0x     중간  0.31  0/0
015760  한국전력      45,950    0.0    +0.0%    0.0x     중간  0.93  0/0
078930  GS        76,900   58.0    -5.1%    0.1x     중간  5.82  3/0
061250  화일약품       8,840    0.0    +0.0%    0.0x     중간  1.17  0/0
217820  원익피앤이      4,185   75.8    -1.3%    0.2x     중간  3.35  3/0
001510  SK증권       5,520    0.0    +0.0%    0.0x     중간  0.93  0/0
056080  유진로봇      26,450    0.0    +0.0%    0.0x     중간  1.25  1/0
084850  아이티엠반도체   18,600    0.0    +0.0%    0.0x     중간  2.03  1/0
⛔ 금양(001570) 호가 없음 (거래정지 의심)

══════════════════════════════════════════════════
🟢 BUY GS(078930) 조건3개 [하락-5.1%/MA골/호가5.8] 신뢰도0.75 ratio0.5
💰 예수금: 81,027원
📊 GS(078930) 매도1호가: 76,800원 | 매수1호가: 76,700원
📌 BUY 지정가: 76,700원 × 1주 = 76,700원
✅ 접수 | 매수 주문 접수: GS 1주 (주문번호: 0190719)
✅ Discord 전송 완료

[09:06] 🟢BUY | KODEX RSI92/+6.2%⚠️ | 예수금 81,026원

🟢 GS(078930)  3/3  RSI58 -5.1% 0.1x  [하락-5.1%·MA골·호가5.8]
📦 원익피앤 +2.9%

🔹 원익피앤이  3/3  RSI76 -1.3%  [하락-1.3%·MA골·호가3.4]
🔶 HPSP  2/3  RSI86 +0.6%  [MA골·호가7.2]
🔹 유진로봇  1/3  RSI0 +0.0%  [호가1.2]
🔹 아이티엠반  1/3  RSI0 +0.0%  [호가2.0]
💰 예수금 4,154원 | KODEX200 RSI91/+5.1% 과열⚠️ | 매수기준 3개↑
📦 보유 GS(078930) 1주 +0.2%
📦 보유 원익피앤이(217820) 6주 +0.9%

코드      종목명           가격    RSI     변화율    거래량     BB   호가비  B/S
────────────────────────────────────────────────────────────────────────
[2단계 분석 대상: 078930, 217820, 012450, 403870, 000270, 105560, 042700]
⛔ 아우토크립트(137040) 호가 없음 (거래정지 의심)
078930  GS        76,900   58.0    -5.1%    0.1x     중간  6.42  3/0
217820  원익피앤이      4,180   75.3    -1.5%    0.3x     중간  4.83  3/0
⛔ 금양(001570) 호가 없음 (거래정지 의심)

══════════════════════════════════════════════════
→ 전종목 HOLD
✅ Discord 전송 완료

[09:08] HOLD | KODEX RSI91/+5.1%⚠️ | 보유:GS(078930) +0.2% 원익피앤(217820) +0.9% | 💸예수금부족 | 최고신호 GS(078930) 3/3개 [하락-5.1% / MA골 / 호가6.4]
💰 예수금 4,154원 | KODEX200 RSI91/+5.2% 과열⚠️ | 매수기준 3개↑
📦 보유 GS(078930) 1주 -0.1%
📦 보유 원익피앤이(217820) 6주 +1.5%

코드      종목명           가격    RSI     변화율    거래량     BB   호가비  B/S
────────────────────────────────────────────────────────────────────────
[2단계 분석 대상: 078930, 217820, 012450, 403870, 012330, 079550, 006400]
⛔ 아우토크립트(137040) 호가 없음 (거래정지 의심)
078930  GS        77,000   58.0    -5.1%    0.1x     중간  3.28  3/0
217820  원익피앤이      4,150   74.1    -2.2%    0.3x     중간  1.57  3/0
⛔ 금양(001570) 호가 없음 (거래정지 의심)

══════════════════════════════════════════════════
→ 전종목 HOLD
✅ Discord 전송 완료

[09:10] HOLD | KODEX RSI91/+5.2%⚠️ | 보유:GS(078930) -0.1% 원익피앤(217820) +1.5% | 💸예수금부족 | 최고신호 GS(078930) 3/3개 [하락-5.1% / MA골 / 호가3.3]
💰 예수금 4,153원 | KODEX200 RSI92/+5.9% 과열⚠️ | 매수기준 3개↑
📦 보유 GS(078930) 1주 +0.0%
📦 보유 원익피앤이(217820) 6주 +2.4%

코드      종목명           가격    RSI     변화율    거래량     BB   호가비  B/S
────────────────────────────────────────────────────────────────────────
[2단계 분석 대상: 078930, 217820, 079550, 058470, 403870, 042700, 066970]
⛔ 아우토크립트(137040) 호가 없음 (거래정지 의심)
078930  GS        77,200   58.5    -4.8%    0.2x     중간  6.73  3/0
217820  원익피앤이      4,170   75.8    -1.3%    0.3x     중간  2.09  3/0
⛔ 금양(001570) 호가 없음 (거래정지 의심)

══════════════════════════════════════════════════
→ 전종목 HOLD
✅ Discord 전송 완료

[09:12] HOLD | KODEX RSI92/+5.9%⚠️ | 보유:GS(078930) +0.0% 원익피앤(217820) +2.4% | 💸예수금부족 | 최고신호 GS(078930) 3/3개 [하락-4.8% / MA골 / 호가6.7]
💰 예수금 4,154원 | KODEX200 RSI92/+6.0% 과열⚠️ | 매수기준 3개↑
📦 보유 GS(078930) 1주 -0.2%
📦 보유 원익피앤이(217820) 6주 +1.5%

코드      종목명           가격    RSI     변화율    거래량     BB   호가비  B/S
────────────────────────────────────────────────────────────────────────
[2단계 분석 대상: 078930, 217820, 058470, 006400, 012450, 207940, 061250]
⛔ 아우토크립트(137040) 호가 없음 (거래정지 의심)
078930  GS        76,600   57.7    -5.2%    0.2x     중간  3.41  3/0
217820  원익피앤이      4,150   74.5    -2.0%    0.3x     중간  3.25  3/0
⛔ 금양(001570) 호가 없음 (거래정지 의심)

══════════════════════════════════════════════════
→ 전종목 HOLD
✅ Discord 전송 완료

[09:14] HOLD | KODEX RSI92/+6.0%⚠️ | 보유:GS(078930) -0.2% 원익피앤(217820) +1.5% | 💸예수금부족 | 최고신호 GS(078930) 3/3개 [하락-5.2% / MA골 / 호가3.4]
💰 예수금 4,155원 | KODEX200 RSI92/+6.2% 과열⚠️ | 매수기준 3개↑
📦 보유 GS(078930) 1주 -0.3%
📦 보유 원익피앤이(217820) 6주 +0.9%

코드      종목명           가격    RSI     변화율    거래량     BB   호가비  B/S
────────────────────────────────────────────────────────────────────────
[2단계 분석 대상: 078930, 217820, 012450, 207940, 061250, 056080, 051910]
⛔ 아우토크립트(137040) 호가 없음 (거래정지 의심)
078930  GS        77,100   58.2    -4.9%    0.2x     중간  4.26  3/0
217820  원익피앤이      4,115   73.3    -2.7%    0.4x     중간  1.39  3/0
⛔ 금양(001570) 호가 없음 (거래정지 의심)

══════════════════════════════════════════════════
→ 전종목 HOLD
✅ Discord 전송 완료

[09:16] HOLD | KODEX RSI92/+6.2%⚠️ | 보유:GS(078930) -0.3% 원익피앤(217820) +0.9% | 💸예수금부족 | 최고신호 GS(078930) 3/3개 [하락-4.9% / MA골 / 호가4.3]
💰 예수금 4,155원 | KODEX200 RSI92/+6.1% 과열⚠️ | 매수기준 3개↑
📦 보유 GS(078930) 1주 +0.0%
📦 보유 원익피앤이(217820) 6주 -0.8%

코드      종목명           가격    RSI     변화율    거래량     BB   호가비  B/S
────────────────────────────────────────────────────────────────────────
[2단계 분석 대상: 078930, 217820, 012450, 066970, 051910, 207940, 061250]
⛔ 아우토크립트(137040) 호가 없음 (거래정지 의심)
078930  GS        77,000   58.2    -4.9%    0.2x     중간  3.76  3/0
217820  원익피앤이      4,035   69.2    -5.3%    0.5x     중간  0.64  2/0
⛔ 금양(001570) 호가 없음 (거래정지 의심)

══════════════════════════════════════════════════
→ 전종목 HOLD
✅ Discord 전송 완료

[09:18] HOLD | KODEX RSI92/+6.1%⚠️ | 보유:GS(078930) +0.0% 원익피앤(217820) -0.8% | 💸예수금부족 | 최고신호 GS(078930) 3/3개 [하락-4.9% / MA골 / 호가3.8]
💰 예수금 4,156원 | KODEX200 RSI92/+6.3% 과열⚠️ | 매수기준 3개↑
📦 보유 GS(078930) 1주 +0.0%
📦 보유 원익피앤이(217820) 6주 -2.5% ⚠️주의

코드      종목명           가격    RSI     변화율    거래량     BB   호가비  B/S
────────────────────────────────────────────────────────────────────────
[2단계 분석 대상: 078930, 217820, 012450, 079550, 207940, 066970, 006400]
⛔ 아우토크립트(137040) 호가 없음 (거래정지 의심)
078930  GS        77,100   59.0    -4.6%    0.3x     중간  4.63  3/0
217820  원익피앤이      3,975   68.1    -6.0%    0.6x     중간  0.39  2/0
⛔ 금양(001570) 호가 없음 (거래정지 의심)

══════════════════════════════════════════════════
→ 전종목 HOLD
✅ Discord 전송 완료

[09:20] HOLD | KODEX RSI92/+6.3%⚠️ | 보유:GS(078930) +0.0% 원익피앤(217820) -2.5% | 💸예수금부족 | 최고신호 GS(078930) 3/3개 [하락-4.6% / MA골 / 호가4.6]
💰 예수금 4,155원 | KODEX200 RSI92/+6.1% 과열⚠️ | 매수기준 3개↑
📦 보유 GS(078930) 1주 +0.2%
📦 보유 원익피앤이(217820) 6주 -2.2%

코드      종목명           가격    RSI     변화율    거래량     BB   호가비  B/S
────────────────────────────────────────────────────────────────────────
[2단계 분석 대상: 078930, 217820, 012450, 066970, 051910, 058470, 068270]
⛔ 아우토크립트(137040) 호가 없음 (거래정지 의심)
078930  GS        77,500   59.8    -4.2%    0.3x     중간  7.96  3/0
217820  원익피앤이      3,970   68.1    -6.0%    0.6x     중간  1.28  3/0
⛔ 금양(001570) 호가 없음 (거래정지 의심)

══════════════════════════════════════════════════
→ 전종목 HOLD
✅ Discord 전송 완료

[09:22] HOLD | KODEX RSI92/+6.1%⚠️ | 보유:GS(078930) +0.2% 원익피앤(217820) -2.2% | 💸예수금부족 | 최고신호 GS(078930) 3/3개 [하락-4.2% / MA골 / 호가8.0]
💰 예수금 4,156원 | KODEX200 RSI92/+6.5% 과열⚠️ | 매수기준 3개↑
📦 보유 GS(078930) 1주 +0.2%
📦 보유 원익피앤이(217820) 6주 -3.1% ⚠️주의

코드      종목명           가격    RSI     변화율    거래량     BB   호가비  B/S
────────────────────────────────────────────────────────────────────────
[2단계 분석 대상: 078930, 217820, 012450, 066970, 207940, 068270, 051910]
⛔ 아우토크립트(137040) 호가 없음 (거래정지 의심)
078930  GS        76,800   57.7    -5.2%    0.3x     중간  2.22  3/0
217820  원익피앤이      3,985   68.6    -5.7%    0.6x     중간  1.90  3/0
⛔ 금양(001570) 호가 없음 (거래정지 의심)

══════════════════════════════════════════════════
→ 전종목 HOLD
✅ Discord 전송 완료

[09:24] HOLD | KODEX RSI92/+6.5%⚠️ | 보유:GS(078930) +0.2% 원익피앤(217820) -3.1% | 💸예수금부족 | 최고신호 GS(078930) 3/3개 [하락-5.2% / MA골 / 호가2.2]
💰 예수금 4,157원 | KODEX200 RSI92/+6.6% 과열⚠️ | 매수기준 3개↑
📦 보유 GS(078930) 1주 -0.3%
📦 보유 원익피앤이(217820) 6주 -2.4%

코드      종목명           가격    RSI     변화율    거래량     BB   호가비  B/S
────────────────────────────────────────────────────────────────────────
[2단계 분석 대상: 078930, 217820, 012450, 079550, 066970, 403870, 068270]
⛔ 아우토크립트(137040) 호가 없음 (거래정지 의심)
078930  GS        76,800   57.5    -5.3%    0.3x     중간  2.24  3/0
217820  원익피앤이      3,995   68.8    -5.6%    0.6x     중간  1.75  3/0
⛔ 금양(001570) 호가 없음 (거래정지 의심)

══════════════════════════════════════════════════
→ 전종목 HOLD
✅ Discord 전송 완료

[09:26] HOLD | KODEX RSI92/+6.6%⚠️ | 보유:GS(078930) -0.3% 원익피앤(217820) -2.4% | 💸예수금부족 | 최고신호 GS(078930) 3/3개 [하락-5.3% / MA골 / 호가2.2]
💰 예수금 4,156원 | KODEX200 RSI92/+6.0% 과열⚠️ | 매수기준 3개↑
📦 보유 GS(078930) 1주 -0.1%
📦 보유 원익피앤이(217820) 6주 -2.8% ⚠️주의

코드      종목명           가격    RSI     변화율    거래량     BB   호가비  B/S
────────────────────────────────────────────────────────────────────────
[2단계 분석 대상: 078930, 217820, 012450, 079550, 207940, 051910, 066970]
⛔ 아우토크립트(137040) 호가 없음 (거래정지 의심)
078930  GS        77,000   58.5    -4.8%    0.3x     중간  2.59  3/0
217820  원익피앤이      3,990   69.0    -5.4%    0.7x     중간  2.07  3/0
⛔ 금양(001570) 호가 없음 (거래정지 의심)

══════════════════════════════════════════════════
→ 전종목 HOLD
✅ Discord 전송 완료

[09:28] HOLD | KODEX RSI92/+6.0%⚠️ | 보유:GS(078930) -0.1% 원익피앤(217820) -2.8% | 💸예수금부족 | 최고신호 GS(078930) 3/3개 [하락-4.8% / MA골 / 호가2.6]
💰 예수금 4,155원 | KODEX200 RSI92/+5.8% 과열⚠️ | 매수기준 3개↑
📦 보유 GS(078930) 1주 +0.0%
📦 보유 원익피앤이(217820) 6주 -2.0%

코드      종목명           가격    RSI     변화율    거래량     BB   호가비  B/S
────────────────────────────────────────────────────────────────────────
[2단계 분석 대상: 078930, 217820, 068270, 012450, 051910, 207940, 079550]
⛔ 아우토크립트(137040) 호가 없음 (거래정지 의심)
078930  GS        76,800   57.7    -5.2%    0.3x     중간  2.21  3/0
217820  원익피앤이      4,010   69.2    -5.3%    0.7x     중간  2.43  3/0
⛔ 금양(001570) 호가 없음 (거래정지 의심)

══════════════════════════════════════════════════
→ 전종목 HOLD
✅ Discord 전송 완료

[09:30] HOLD | KODEX RSI92/+5.8%⚠️ | 보유:GS(078930) +0.0% 원익피앤(217820) -2.0% | 💸예수금부족 | 최고신호 GS(078930) 3/3개 [하락-5.2% / MA골 / 호가2.2]
💰 예수금 4,156원 | KODEX200 RSI92/+6.1% 과열⚠️ | 매수기준 3개↑
📦 보유 GS(078930) 1주 -0.2%
📦 보유 원익피앤이(217820) 6주 -2.5% ⚠️주의

코드      종목명           가격    RSI     변화율    거래량     BB   호가비  B/S
────────────────────────────────────────────────────────────────────────
[2단계 분석 대상: 078930, 217820, 207940, 068270, 084850, 138040, 012450]
⛔ 아우토크립트(137040) 호가 없음 (거래정지 의심)
078930  GS        77,000   58.2    -4.9%    0.3x     중간  2.33  3/0
217820  원익피앤이      4,010   69.5    -5.1%    0.7x     중간  3.86  3/0
⛔ 금양(001570) 호가 없음 (거래정지 의심)

══════════════════════════════════════════════════
→ 전종목 HOLD
✅ Discord 전송 완료

[09:32] HOLD | KODEX RSI92/+6.1%⚠️ | 보유:GS(078930) -0.2% 원익피앤(217820) -2.5% | 💸예수금부족 | 최고신호 GS(078930) 3/3개 [하락-4.9% / MA골 / 호가2.3]
💰 예수금 4,155원 | KODEX200 RSI92/+5.9% 과열⚠️ | 매수기준 3개↑
📦 보유 GS(078930) 1주 +0.0%
📦 보유 원익피앤이(217820) 6주 -1.9%

코드      종목명           가격    RSI     변화율    거래량     BB   호가비  B/S
────────────────────────────────────────────────────────────────────────
[2단계 분석 대상: 078930, 217820, 207940, 058470, 079550, 068270, 012450]
⛔ 아우토크립트(137040) 호가 없음 (거래정지 의심)
078930  GS        76,800   58.0    -5.1%    0.3x     중간  2.42  3/0
217820  원익피앤이      4,010   69.0    -5.4%    0.7x     중간  4.12  3/0
⛔ 금양(001570) 호가 없음 (거래정지 의심)

══════════════════════════════════════════════════
→ 전종목 HOLD
✅ Discord 전송 완료

[09:34] HOLD | KODEX RSI92/+5.9%⚠️ | 보유:GS(078930) +0.0% 원익피앤(217820) -1.9% | 💸예수금부족 | 최고신호 GS(078930) 3/3개 [하락-5.1% / MA골 / 호가2.4]
💰 예수금 4,155원 | KODEX200 RSI92/+6.1% 과열⚠️ | 매수기준 3개↑
📦 보유 GS(078930) 1주 +0.0%
📦 보유 원익피앤이(217820) 6주 -1.9%

코드      종목명           가격    RSI     변화율    거래량     BB   호가비  B/S
────────────────────────────────────────────────────────────────────────
[2단계 분석 대상: 078930, 217820, 207940, 058470, 068270, 084850, 051910]
⛔ 아우토크립트(137040) 호가 없음 (거래정지 의심)
078930  GS        76,900   57.7    -5.2%    0.3x     중간  2.19  3/0
217820  원익피앤이      4,015   69.9    -4.8%    0.8x     중간  3.32  3/0
⛔ 금양(001570) 호가 없음 (거래정지 의심)

══════════════════════════════════════════════════
→ 전종목 HOLD
✅ Discord 전송 완료

[09:36] HOLD | KODEX RSI92/+6.1%⚠️ | 보유:GS(078930) +0.0% 원익피앤(217820) -1.9% | 💸예수금부족 | 최고신호 GS(078930) 3/3개 [하락-5.2% / MA골 / 호가2.2]
💰 예수금 4,155원 | KODEX200 RSI92/+6.1% 과열⚠️ | 매수기준 3개↑
📦 보유 GS(078930) 1주 +0.0%
📦 보유 원익피앤이(217820) 6주 -1.7%

코드      종목명           가격    RSI     변화율    거래량     BB   호가비  B/S
────────────────────────────────────────────────────────────────────────
[2단계 분석 대상: 078930, 217820, 207940, 058470, 084850, 001510, 056080]
⛔ 아우토크립트(137040) 호가 없음 (거래정지 의심)
078930  GS        76,900   58.2    -4.9%    0.4x     중간  2.48  3/0
217820  원익피앤이      4,095   71.7    -3.7%    0.8x     중간  1.67  3/0
⛔ 금양(001570) 호가 없음 (거래정지 의심)

══════════════════════════════════════════════════
→ 전종목 HOLD
✅ Discord 전송 완료

[09:38] HOLD | KODEX RSI92/+6.1%⚠️ | 보유:GS(078930) +0.0% 원익피앤(217820) -1.7% | 💸예수금부족 | 최고신호 GS(078930) 3/3개 [하락-4.9% / MA골 / 호가2.5]
💰 예수금 4,155원 | KODEX200 RSI92/+6.2% 과열⚠️ | 매수기준 3개↑
📦 보유 GS(078930) 1주 -0.2%
📦 보유 원익피앤이(217820) 6주 -1.2%

코드      종목명           가격    RSI     변화율    거래량     BB   호가비  B/S
────────────────────────────────────────────────────────────────────────
[2단계 분석 대상: 078930, 217820, 058470, 207940, 084850, 068270, 051910]
⛔ 아우토크립트(137040) 호가 없음 (거래정지 의심)
078930  GS        76,800   58.2    -4.9%    0.4x     중간  3.81  3/0
217820  원익피앤이      4,030   70.0    -4.7%    0.8x     중간  2.66  3/0
⛔ 금양(001570) 호가 없음 (거래정지 의심)

══════════════════════════════════════════════════
→ 전종목 HOLD
✅ Discord 전송 완료

[09:40] HOLD | KODEX RSI92/+6.2%⚠️ | 보유:GS(078930) -0.2% 원익피앤(217820) -1.2% | 💸예수금부족 | 최고신호 GS(078930) 3/3개 [하락-4.9% / MA골 / 호가3.8]
💰 예수금 4,155원 | KODEX200 RSI92/+6.4% 과열⚠️ | 매수기준 3개↑
📦 보유 GS(078930) 1주 -0.2%
📦 보유 원익피앤이(217820) 6주 -1.4%

코드      종목명           가격    RSI     변화율    거래량     BB   호가비  B/S
────────────────────────────────────────────────────────────────────────
[2단계 분석 대상: 078930, 217820, 058470, 207940, 068270, 051910, 056080]
⛔ 아우토크립트(137040) 호가 없음 (거래정지 의심)
078930  GS        76,900   58.2    -4.9%    0.4x     중간  3.78  3/0
217820  원익피앤이      4,015   69.5    -5.1%    0.8x     중간  2.91  3/0
⛔ 금양(001570) 호가 없음 (거래정지 의심)

══════════════════════════════════════════════════
→ 전종목 HOLD
✅ Discord 전송 완료

[09:42] HOLD | KODEX RSI92/+6.4%⚠️ | 보유:GS(078930) -0.2% 원익피앤(217820) -1.4% | 💸예수금부족 | 최고신호 GS(078930) 3/3개 [하락-4.9% / MA골 / 호가3.8]
💰 예수금 4,155원 | KODEX200 RSI92/+6.5% 과열⚠️ | 매수기준 3개↑
📦 보유 GS(078930) 1주 +0.0%
📦 보유 원익피앤이(217820) 6주 -1.9%

코드      종목명           가격    RSI     변화율    거래량     BB   호가비  B/S
────────────────────────────────────────────────────────────────────────
[2단계 분석 대상: 078930, 217820, 058470, 207940, 051910, 006400, 056080]
⛔ 아우토크립트(137040) 호가 없음 (거래정지 의심)
078930  GS        77,000   58.2    -4.9%    0.4x     중간  3.84  3/0
217820  원익피앤이      4,015   69.3    -5.2%    0.8x     중간  4.32  3/0
⛔ 금양(001570) 호가 없음 (거래정지 의심)

══════════════════════════════════════════════════
→ 전종목 HOLD
✅ Discord 전송 완료

[09:44] HOLD | KODEX RSI92/+6.5%⚠️ | 보유:GS(078930) +0.0% 원익피앤(217820) -1.9% | 💸예수금부족 | 최고신호 GS(078930) 3/3개 [하락-4.9% / MA골 / 호가3.8]
💰 예수금 4,155원 | KODEX200 RSI92/+6.5% 과열⚠️ | 매수기준 3개↑
📦 보유 GS(078930) 1주 +0.0%
📦 보유 원익피앤이(217820) 6주 -1.3%

코드      종목명           가격    RSI     변화율    거래량     BB   호가비  B/S
────────────────────────────────────────────────────────────────────────
[2단계 분석 대상: 078930, 217820, 058470, 051910, 207940, 079550, 066970]
⛔ 아우토크립트(137040) 호가 없음 (거래정지 의심)
078930  GS        77,100   58.5    -4.8%    0.4x     중간  3.65  3/0
217820  원익피앤이      4,050   70.0    -4.7%    0.8x     중간  3.49  3/0
⛔ 금양(001570) 호가 없음 (거래정지 의심)

══════════════════════════════════════════════════
→ 전종목 HOLD
✅ Discord 전송 완료

[09:46] HOLD | KODEX RSI92/+6.5%⚠️ | 보유:GS(078930) +0.0% 원익피앤(217820) -1.3% | 💸예수금부족 | 최고신호 GS(078930) 3/3개 [하락-4.8% / MA골 / 호가3.6]
💰 예수금 4,155원 | KODEX200 RSI92/+6.5% 과열⚠️ | 매수기준 3개↑
📦 보유 GS(078930) 1주 +0.2%
📦 보유 원익피앤이(217820) 6주 -1.5%

코드      종목명           가격    RSI     변화율    거래량     BB   호가비  B/S
────────────────────────────────────────────────────────────────────────
[2단계 분석 대상: 078930, 217820, 058470, 079550, 207940, 084850, 051910]
⛔ 아우토크립트(137040) 호가 없음 (거래정지 의심)
078930  GS        77,100   58.7    -4.7%    0.4x     중간  3.23  3/0
217820  원익피앤이      4,050   71.0    -4.1%    0.8x     중간  4.21  3/0
⛔ 금양(001570) 호가 없음 (거래정지 의심)

══════════════════════════════════════════════════
→ 전종목 HOLD
✅ Discord 전송 완료

[09:48] HOLD | KODEX RSI92/+6.5%⚠️ | 보유:GS(078930) +0.2% 원익피앤(217820) -1.5% | 💸예수금부족 | 최고신호 GS(078930) 3/3개 [하락-4.7% / MA골 / 호가3.2]
💰 예수금 4,155원 | KODEX200 RSI92/+6.5% 과열⚠️ | 매수기준 3개↑
📦 보유 GS(078930) 1주 +0.3%
📦 보유 원익피앤이(217820) 6주 -1.7%

코드      종목명           가격    RSI     변화율    거래량     BB   호가비  B/S
────────────────────────────────────────────────────────────────────────
[2단계 분석 대상: 078930, 217820, 058470, 207940, 056080, 051910, 084850]
⛔ 아우토크립트(137040) 호가 없음 (거래정지 의심)
078930  GS        77,200   59.0    -4.6%    0.4x     중간  5.21  3/0
217820  원익피앤이      4,030   70.2    -4.6%    0.8x     중간 11.41  3/0
⛔ 금양(001570) 호가 없음 (거래정지 의심)

══════════════════════════════════════════════════
→ 전종목 HOLD
✅ Discord 전송 완료

[09:50] HOLD | KODEX RSI92/+6.5%⚠️ | 보유:GS(078930) +0.3% 원익피앤(217820) -1.7% | 💸예수금부족 | 최고신호 GS(078930) 3/3개 [하락-4.6% / MA골 / 호가5.2]
💰 예수금 4,155원 | KODEX200 RSI92/+6.7% 과열⚠️ | 매수기준 3개↑
📦 보유 GS(078930) 1주 +0.2%
📦 보유 원익피앤이(217820) 6주 -1.7%

코드      종목명           가격    RSI     변화율    거래량     BB   호가비  B/S
────────────────────────────────────────────────────────────────────────
[2단계 분석 대상: 078930, 217820, 058470, 207940, 056080, 079550, 051910]
⛔ 아우토크립트(137040) 호가 없음 (거래정지 의심)
078930  GS        77,000   58.5    -4.8%    0.4x     중간  4.83  3/0
217820  원익피앤이      4,035   70.2    -4.6%    0.8x     중간 10.23  3/0
⛔ 금양(001570) 호가 없음 (거래정지 의심)

══════════════════════════════════════════════════
→ 전종목 HOLD
✅ Discord 전송 완료

[09:52] HOLD | KODEX RSI92/+6.7%⚠️ | 보유:GS(078930) +0.2% 원익피앤(217820) -1.7% | 💸예수금부족 | 최고신호 GS(078930) 3/3개 [하락-4.8% / MA골 / 호가4.8]
💰 예수금 4,155원 | KODEX200 RSI92/+6.8% 과열⚠️ | 매수기준 3개↑
📦 보유 GS(078930) 1주 +0.2%
📦 보유 원익피앤이(217820) 6주 -1.4%

코드      종목명           가격    RSI     변화율    거래량     BB   호가비  B/S
────────────────────────────────────────────────────────────────────────
[2단계 분석 대상: 078930, 217820, 207940, 056080, 066970, 051910, 034020]
⛔ 아우토크립트(137040) 호가 없음 (거래정지 의심)
078930  GS        77,200   58.7    -4.7%    0.4x     중간  4.75  3/0
217820  원익피앤이      4,030   70.2    -4.6%    0.9x     중간  8.48  3/0
⛔ 금양(001570) 호가 없음 (거래정지 의심)

══════════════════════════════════════════════════
→ 전종목 HOLD
✅ Discord 전송 완료

[09:54] HOLD | KODEX RSI92/+6.8%⚠️ | 보유:GS(078930) +0.2% 원익피앤(217820) -1.4% | 💸예수금부족 | 최고신호 GS(078930) 3/3개 [하락-4.7% / MA골 / 호가4.8]
💰 예수금 4,155원 | KODEX200 RSI92/+6.9% 과열⚠️ | 매수기준 3개↑
📦 보유 GS(078930) 1주 +0.3%
📦 보유 원익피앤이(217820) 6주 -0.9%

코드      종목명           가격    RSI     변화율    거래량     BB   호가비  B/S
────────────────────────────────────────────────────────────────────────
[2단계 분석 대상: 078930, 217820, 207940, 058470, 056080, 051910, 066970]
⛔ 아우토크립트(137040) 호가 없음 (거래정지 의심)
078930  GS        77,000   58.2    -4.9%    0.4x     중간  4.25  3/0
217820  원익피앤이      4,055   71.0    -4.1%    0.9x     중간  1.30  3/0
⛔ 금양(001570) 호가 없음 (거래정지 의심)

══════════════════════════════════════════════════
→ 전종목 HOLD
✅ Discord 전송 완료

[09:56] HOLD | KODEX RSI92/+6.9%⚠️ | 보유:GS(078930) +0.3% 원익피앤(217820) -0.9% | 💸예수금부족 | 최고신호 GS(078930) 3/3개 [하락-4.9% / MA골 / 호가4.2]
💰 예수금 4,155원 | KODEX200 RSI92/+7.0% 과열⚠️ | 매수기준 3개↑
📦 보유 GS(078930) 1주 -0.1%
📦 보유 원익피앤이(217820) 6주 -0.9%

코드      종목명           가격    RSI     변화율    거래량     BB   호가비  B/S
────────────────────────────────────────────────────────────────────────
[2단계 분석 대상: 078930, 217820, 207940, 058470, 056080, 066970, 051910]
⛔ 아우토크립트(137040) 호가 없음 (거래정지 의심)
078930  GS        76,800   57.7    -5.2%    0.4x     중간  3.86  3/0
217820  원익피앤이      4,050   70.8    -4.3%    0.9x     중간  1.28  3/0
⛔ 금양(001570) 호가 없음 (거래정지 의심)

══════════════════════════════════════════════════
→ 전종목 HOLD
✅ Discord 전송 완료

[09:58] HOLD | KODEX RSI92/+7.0%⚠️ | 보유:GS(078930) -0.1% 원익피앤(217820) -0.9% | 💸예수금부족 | 최고신호 GS(078930) 3/3개 [하락-5.2% / MA골 / 호가3.9]
💰 예수금 4,156원 | KODEX200 RSI92/+6.9% 과열⚠️ | 매수기준 3개↑
📦 보유 GS(078930) 1주 -0.5%
📦 보유 원익피앤이(217820) 6주 -0.8%

코드      종목명           가격    RSI     변화율    거래량     BB   호가비  B/S
────────────────────────────────────────────────────────────────────────
[2단계 분석 대상: 078930, 217820, 058470, 207940, 051910, 066970, 006400]
⛔ 아우토크립트(137040) 호가 없음 (거래정지 의심)
078930  GS        76,600   57.0    -5.6%    0.5x     중간  2.65  3/0
217820  원익피앤이      4,055   71.2    -4.0%    0.9x     중간  1.12  2/0
⛔ 금양(001570) 호가 없음 (거래정지 의심)

══════════════════════════════════════════════════
→ 전종목 HOLD
✅ Discord 전송 완료

[10:00] HOLD | KODEX RSI92/+6.9%⚠️ | 보유:GS(078930) -0.5% 원익피앤(217820) -0.8% | 💸예수금부족 | 최고신호 GS(078930) 3/3개 [하락-5.6% / MA골 / 호가2.6]
💰 예수금 4,156원 | KODEX200 RSI92/+7.0% 과열⚠️ | 매수기준 3개↑
📦 보유 GS(078930) 1주 -0.6%
📦 보유 원익피앤이(217820) 6주 -0.9%

코드      종목명           가격    RSI     변화율    거래량     BB   호가비  B/S
────────────────────────────────────────────────────────────────────────
[2단계 분석 대상: 078930, 217820, 058470, 207940, 056080, 066970, 051910]
⛔ 아우토크립트(137040) 호가 없음 (거래정지 의심)
078930  GS        76,500   57.0    -5.6%    0.5x     중간  2.38  3/0
217820  원익피앤이      4,065   71.5    -3.8%    0.9x     중간  1.01  2/0
⛔ 금양(001570) 호가 없음 (거래정지 의심)

══════════════════════════════════════════════════
→ 전종목 HOLD
✅ Discord 전송 완료

[10:02] HOLD | KODEX RSI92/+7.0%⚠️ | 보유:GS(078930) -0.6% 원익피앤(217820) -0.9% | 💸예수금부족 | 최고신호 GS(078930) 3/3개 [하락-5.6% / MA골 / 호가2.4]
💰 예수금 4,156원 | KODEX200 RSI92/+7.0% 과열⚠️ | 매수기준 3개↑
📦 보유 GS(078930) 1주 -0.8%
📦 보유 원익피앤이(217820) 6주 -0.2%

코드      종목명           가격    RSI     변화율    거래량     BB   호가비  B/S
────────────────────────────────────────────────────────────────────────
[2단계 분석 대상: 078930, 217820, 058470, 207940, 056080, 066970, 015760]
⛔ 아우토크립트(137040) 호가 없음 (거래정지 의심)
078930  GS        76,200   56.3    -5.9%    0.5x     중간  1.21  3/0
217820  원익피앤이      4,085   72.3    -3.3%    0.9x     중간  0.96  2/0
⛔ 금양(001570) 호가 없음 (거래정지 의심)

══════════════════════════════════════════════════
→ 전종목 HOLD
✅ Discord 전송 완료

[10:04] HOLD | KODEX RSI92/+7.0%⚠️ | 보유:GS(078930) -0.8% 원익피앤(217820) -0.2% | 💸예수금부족 | 최고신호 GS(078930) 3/3개 [하락-5.9% / MA골 / 호가1.2]
💰 예수금 4,156원 | KODEX200 RSI92/+6.8% 과열⚠️ | 매수기준 3개↑
📦 보유 GS(078930) 1주 -0.9%
📦 보유 원익피앤이(217820) 6주 -0.2%

코드      종목명           가격    RSI     변화율    거래량     BB   호가비  B/S
────────────────────────────────────────────────────────────────────────
[2단계 분석 대상: 078930, 217820, 207940, 058470, 066970, 079550, 056080]
⛔ 아우토크립트(137040) 호가 없음 (거래정지 의심)
078930  GS        76,000   55.7    -6.2%    0.5x     중간  2.73  3/0
217820  원익피앤이      4,080   72.1    -3.4%    0.9x     중간  0.98  2/0
⛔ 금양(001570) 호가 없음 (거래정지 의심)

══════════════════════════════════════════════════
→ 전종목 HOLD
✅ Discord 전송 완료

[10:06] HOLD | KODEX RSI92/+6.8%⚠️ | 보유:GS(078930) -0.9% 원익피앤(217820) -0.2% | 💸예수금부족 | 최고신호 GS(078930) 3/3개 [하락-6.2% / MA골 / 호가2.7]
💰 예수금 4,158원 | KODEX200 RSI92/+6.8% 과열⚠️ | 매수기준 3개↑
📦 보유 GS(078930) 1주 -1.3%
📦 보유 원익피앤이(217820) 6주 -0.2%

코드      종목명           가격    RSI     변화율    거래량     BB   호가비  B/S
────────────────────────────────────────────────────────────────────────
[2단계 분석 대상: 078930, 217820, 058470, 207940, 079550, 056080, 015760]
⛔ 아우토크립트(137040) 호가 없음 (거래정지 의심)
078930  GS        75,900   55.3    -6.4%    0.6x     중간  2.43  3/0
217820  원익피앤이      4,085   72.1    -3.4%    0.9x     중간  2.77  3/0
⛔ 금양(001570) 호가 없음 (거래정지 의심)

══════════════════════════════════════════════════
→ 전종목 HOLD
✅ Discord 전송 완료

[10:08] HOLD | KODEX RSI92/+6.8%⚠️ | 보유:GS(078930) -1.3% 원익피앤(217820) -0.2% | 💸예수금부족 | 최고신호 GS(078930) 3/3개 [하락-6.4% / MA골 / 호가2.4]
💰 예수금 4,155원 | KODEX200 RSI92/+6.8% 과열⚠️ | 매수기준 3개↑
📦 보유 GS(078930) 1주 -0.9%
📦 보유 원익피앤이(217820) 6주 -0.1%

코드      종목명           가격    RSI     변화율    거래량     BB   호가비  B/S
────────────────────────────────────────────────────────────────────────
[2단계 분석 대상: 078930, 217820, 058470, 207940, 056080, 066970, 079550]
⛔ 아우토크립트(137040) 호가 없음 (거래정지 의심)
078930  GS        76,300   56.5    -5.8%    0.6x     중간  2.71  3/0
217820  원익피앤이      4,085   72.3    -3.3%    0.9x     중간  1.52  3/0
⛔ 금양(001570) 호가 없음 (거래정지 의심)

══════════════════════════════════════════════════
→ 전종목 HOLD
✅ Discord 전송 완료

[10:10] HOLD | KODEX RSI92/+6.8%⚠️ | 보유:GS(078930) -0.9% 원익피앤(217820) -0.1% | 💸예수금부족 | 최고신호 GS(078930) 3/3개 [하락-5.8% / MA골 / 호가2.7]
💰 예수금 4,156원 | KODEX200 RSI92/+6.7% 과열⚠️ | 매수기준 3개↑
📦 보유 GS(078930) 1주 -0.9%
📦 보유 원익피앤이(217820) 6주 -0.2%

코드      종목명           가격    RSI     변화율    거래량     BB   호가비  B/S
────────────────────────────────────────────────────────────────────────
[2단계 분석 대상: 078930, 217820, 058470, 207940, 079550, 066970, 056080]
⛔ 아우토크립트(137040) 호가 없음 (거래정지 의심)
078930  GS        76,400   56.7    -5.7%    0.6x     중간  2.88  3/0
217820  원익피앤이      4,070   71.7    -3.7%    0.9x     중간  1.82  3/0
⛔ 금양(001570) 호가 없음 (거래정지 의심)

══════════════════════════════════════════════════
→ 전종목 HOLD
✅ Discord 전송 완료

[10:12] HOLD | KODEX RSI92/+6.7%⚠️ | 보유:GS(078930) -0.9% 원익피앤(217820) -0.2% | 💸예수금부족 | 최고신호 GS(078930) 3/3개 [하락-5.7% / MA골 / 호가2.9]
💰 예수금 4,156원 | KODEX200 RSI92/+6.7% 과열⚠️ | 매수기준 3개↑
📦 보유 GS(078930) 1주 -0.6%
📦 보유 원익피앤이(217820) 6주 -0.6%

코드      종목명           가격    RSI     변화율    거래량     BB   호가비  B/S
────────────────────────────────────────────────────────────────────────
[2단계 분석 대상: 078930, 217820, 058470, 015760, 066970, 207940, 068270]
⛔ 아우토크립트(137040) 호가 없음 (거래정지 의심)
078930  GS        76,400   56.7    -5.7%    0.6x     중간  2.33  3/0
217820  원익피앤이      4,075   71.7    -3.7%    0.9x     중간  1.35  3/0
⛔ 금양(001570) 호가 없음 (거래정지 의심)

══════════════════════════════════════════════════
→ 전종목 HOLD
✅ Discord 전송 완료

[10:14] HOLD | KODEX RSI92/+6.7%⚠️ | 보유:GS(078930) -0.6% 원익피앤(217820) -0.6% | 💸예수금부족 | 최고신호 GS(078930) 3/3개 [하락-5.7% / MA골 / 호가2.3]
💰 예수금 4,156원 | KODEX200 RSI92/+6.6% 과열⚠️ | 매수기준 3개↑
📦 보유 GS(078930) 1주 -0.8%
📦 보유 원익피앤이(217820) 6주 -0.4%

코드      종목명           가격    RSI     변화율    거래량     BB   호가비  B/S
────────────────────────────────────────────────────────────────────────
[2단계 분석 대상: 078930, 217820, 056080, 012450, 066970, 000270, 015760]
⛔ 아우토크립트(137040) 호가 없음 (거래정지 의심)
078930  GS        76,500   57.0    -5.6%    0.6x     중간  2.34  3/0
217820  원익피앤이      4,080   72.1    -3.4%    0.9x     중간  1.64  3/0
⛔ 금양(001570) 호가 없음 (거래정지 의심)

══════════════════════════════════════════════════
→ 전종목 HOLD
✅ Discord 전송 완료

[10:16] HOLD | KODEX RSI92/+6.6%⚠️ | 보유:GS(078930) -0.8% 원익피앤(217820) -0.4% | 💸예수금부족 | 최고신호 GS(078930) 3/3개 [하락-5.6% / MA골 / 호가2.3]
💰 예수금 4,156원 | KODEX200 RSI92/+6.7% 과열⚠️ | 매수기준 3개↑
📦 보유 GS(078930) 1주 -0.6%
📦 보유 원익피앤이(217820) 6주 -0.4%

코드      종목명           가격    RSI     변화율    거래량     BB   호가비  B/S
────────────────────────────────────────────────────────────────────────
[2단계 분석 대상: 078930, 217820, 058470, 015760, 012450, 056080, 105560]
⛔ 아우토크립트(137040) 호가 없음 (거래정지 의심)
078930  GS        76,400   56.7    -5.7%    0.6x     중간  2.31  3/0
217820  원익피앤이      4,080   71.9    -3.5%    0.9x     중간  1.71  3/0
⛔ 금양(001570) 호가 없음 (거래정지 의심)

══════════════════════════════════════════════════
→ 전종목 HOLD
✅ Discord 전송 완료

[10:18] HOLD | KODEX RSI92/+6.7%⚠️ | 보유:GS(078930) -0.6% 원익피앤(217820) -0.4% | 💸예수금부족 | 최고신호 GS(078930) 3/3개 [하락-5.7% / MA골 / 호가2.3]
💰 예수금 4,156원 | KODEX200 RSI92/+6.5% 과열⚠️ | 매수기준 3개↑
📦 보유 GS(078930) 1주 -0.8%
📦 보유 원익피앤이(217820) 6주 -0.2%

코드      종목명           가격    RSI     변화율    거래량     BB   호가비  B/S
────────────────────────────────────────────────────────────────────────
[2단계 분석 대상: 078930, 217820, 012450, 056080, 105560, 015760, 000270]
⛔ 아우토크립트(137040) 호가 없음 (거래정지 의심)
078930  GS        76,400   56.7    -5.7%    0.6x     중간  1.69  3/0
217820  원익피앤이      4,085   72.3    -3.3%    0.9x     중간  2.34  3/0
⛔ 금양(001570) 호가 없음 (거래정지 의심)

══════════════════════════════════════════════════
→ 전종목 HOLD
✅ Discord 전송 완료

[10:20] HOLD | KODEX RSI92/+6.5%⚠️ | 보유:GS(078930) -0.8% 원익피앤(217820) -0.2% | 💸예수금부족 | 최고신호 GS(078930) 3/3개 [하락-5.7% / MA골 / 호가1.7]
💰 예수금 4,155원 | KODEX200 RSI92/+6.3% 과열⚠️ | 매수기준 3개↑
📦 보유 GS(078930) 1주 -0.8%
📦 보유 원익피앤이(217820) 6주 -0.1%

코드      종목명           가격    RSI     변화율    거래량     BB   호가비  B/S
────────────────────────────────────────────────────────────────────────
[2단계 분석 대상: 078930, 217820, 207940, 058470, 056080, 000270, 068270]
⛔ 아우토크립트(137040) 호가 없음 (거래정지 의심)
078930  GS        76,300   56.7    -5.7%    0.6x     중간  1.54  3/0
217820  원익피앤이      4,090   72.5    -3.2%    0.9x     중간  2.24  3/0
⛔ 금양(001570) 호가 없음 (거래정지 의심)

══════════════════════════════════════════════════
→ 전종목 HOLD
✅ Discord 전송 완료

[10:22] HOLD | KODEX RSI92/+6.3%⚠️ | 보유:GS(078930) -0.8% 원익피앤(217820) -0.1% | 💸예수금부족 | 최고신호 GS(078930) 3/3개 [하락-5.7% / MA골 / 호가1.5]
💰 예수금 4,155원 | KODEX200 RSI92/+6.4% 과열⚠️ | 매수기준 3개↑
📦 보유 GS(078930) 1주 -0.8%
📦 보유 원익피앤이(217820) 6주 +0.0%

코드      종목명           가격    RSI     변화율    거래량     BB   호가비  B/S
────────────────────────────────────────────────────────────────────────
[2단계 분석 대상: 078930, 217820, 056080, 207940, 058470, 012450, 084850]
⛔ 아우토크립트(137040) 호가 없음 (거래정지 의심)
078930  GS        76,400   56.7    -5.7%    0.6x     중간  1.40  3/0
217820  원익피앤이      4,090   72.5    -3.2%    0.9x     중간  2.77  3/0
⛔ 금양(001570) 호가 없음 (거래정지 의심)

══════════════════════════════════════════════════
→ 전종목 HOLD
✅ Discord 전송 완료

[10:24] HOLD | KODEX RSI92/+6.4%⚠️ | 보유:GS(078930) -0.8% 원익피앤(217820) +0.0% | 💸예수금부족 | 최고신호 GS(078930) 3/3개 [하락-5.7% / MA골 / 호가1.4]
💰 예수금 4,155원 | KODEX200 RSI92/+6.2% 과열⚠️ | 매수기준 3개↑
📦 보유 GS(078930) 1주 -0.3%
📦 보유 원익피앤이(217820) 6주 -0.1%

코드      종목명           가격    RSI     변화율    거래량     BB   호가비  B/S
────────────────────────────────────────────────────────────────────────
[2단계 분석 대상: 078930, 217820, 084850, 207940, 056080, 058470, 012450]
⛔ 아우토크립트(137040) 호가 없음 (거래정지 의심)
078930  GS        76,600   57.5    -5.3%    0.6x     중간  1.19  2/0
217820  원익피앤이      4,080   71.7    -3.7%    1.0x     중간  1.58  3/0
⛔ 금양(001570) 호가 없음 (거래정지 의심)

══════════════════════════════════════════════════
→ 전종목 HOLD
✅ Discord 전송 완료

[10:26] HOLD | KODEX RSI92/+6.2%⚠️ | 보유:GS(078930) -0.3% 원익피앤(217820) -0.1% | 💸예수금부족 | 최고신호 원익피앤이(217820) 3/3개 [하락-3.7% / MA골 / 호가1.6]
💰 예수금 4,156원 | KODEX200 RSI92/+6.3% 과열⚠️ | 매수기준 3개↑
📦 보유 GS(078930) 1주 -0.3%
📦 보유 원익피앤이(217820) 6주 -0.6%

코드      종목명           가격    RSI     변화율    거래량     BB   호가비  B/S
────────────────────────────────────────────────────────────────────────
[2단계 분석 대상: 078930, 217820, 084850, 056080, 058470, 207940, 000270]
⛔ 아우토크립트(137040) 호가 없음 (거래정지 의심)
078930  GS        76,800   58.0    -5.1%    0.6x     중간  0.83  2/0
217820  원익피앤이      4,065   71.5    -3.8%    1.0x     중간  1.61  3/0
⛔ 금양(001570) 호가 없음 (거래정지 의심)

══════════════════════════════════════════════════
→ 전종목 HOLD
✅ Discord 전송 완료

[10:28] HOLD | KODEX RSI92/+6.3%⚠️ | 보유:GS(078930) -0.3% 원익피앤(217820) -0.6% | 💸예수금부족 | 최고신호 원익피앤이(217820) 3/3개 [하락-3.8% / MA골 / 호가1.6]
💰 예수금 4,155원 | KODEX200 RSI92/+6.3% 과열⚠️ | 매수기준 3개↑
📦 보유 GS(078930) 1주 -0.2%
📦 보유 원익피앤이(217820) 6주 -0.4%

코드      종목명           가격    RSI     변화율    거래량     BB   호가비  B/S
────────────────────────────────────────────────────────────────────────
[2단계 분석 대상: 078930, 217820, 207940, 056080, 058470, 105560, 012450]
⛔ 아우토크립트(137040) 호가 없음 (거래정지 의심)
078930  GS        76,700   57.7    -5.2%    0.6x     중간  0.95  2/0
217820  원익피앤이      4,070   71.7    -3.7%    1.0x     중간  2.24  3/0
⛔ 금양(001570) 호가 없음 (거래정지 의심)

══════════════════════════════════════════════════
→ 전종목 HOLD
✅ Discord 전송 완료

[10:30] HOLD | KODEX RSI92/+6.3%⚠️ | 보유:GS(078930) -0.2% 원익피앤(217820) -0.4% | 💸예수금부족 | 최고신호 원익피앤이(217820) 3/3개 [하락-3.7% / MA골 / 호가2.2]
💰 예수금 4,156원 | KODEX200 RSI92/+6.6% 과열⚠️ | 매수기준 3개↑
📦 보유 GS(078930) 1주 -0.8%
📦 보유 원익피앤이(217820) 6주 -0.2%

코드      종목명           가격    RSI     변화율    거래량     BB   호가비  B/S
────────────────────────────────────────────────────────────────────────
[2단계 분석 대상: 078930, 217820, 058470, 012450, 068270, 056080, 000270]
⛔ 아우토크립트(137040) 호가 없음 (거래정지 의심)
078930  GS        76,600   57.2    -5.4%    0.6x     중간  1.21  3/0
217820  원익피앤이      4,090   72.5    -3.2%    1.0x     중간  2.14  3/0
⛔ 금양(001570) 호가 없음 (거래정지 의심)

══════════════════════════════════════════════════
→ 전종목 HOLD
✅ Discord 전송 완료

[10:32] HOLD | KODEX RSI92/+6.6%⚠️ | 보유:GS(078930) -0.8% 원익피앤(217820) -0.2% | 💸예수금부족 | 최고신호 GS(078930) 3/3개 [하락-5.4% / MA골 / 호가1.2]
💰 예수금 4,156원 | KODEX200 RSI92/+6.8% 과열⚠️ | 매수기준 3개↑
📦 보유 GS(078930) 1주 -0.5%
📦 보유 원익피앤이(217820) 6주 -0.2%

코드      종목명           가격    RSI     변화율    거래량     BB   호가비  B/S
────────────────────────────────────────────────────────────────────────
[2단계 분석 대상: 078930, 217820, 012450, 058470, 068270, 056080, 000270]
⛔ 아우토크립트(137040) 호가 없음 (거래정지 의심)
078930  GS        76,600   57.2    -5.4%    0.6x     중간  1.15  2/0
217820  원익피앤이      4,085   71.9    -3.5%    1.0x     중간  1.95  3/0
⛔ 금양(001570) 호가 없음 (거래정지 의심)

══════════════════════════════════════════════════
→ 전종목 HOLD
✅ Discord 전송 완료

[10:34] HOLD | KODEX RSI92/+6.8%⚠️ | 보유:GS(078930) -0.5% 원익피앤(217820) -0.2% | 💸예수금부족 | 최고신호 원익피앤이(217820) 3/3개 [하락-3.5% / MA골 / 호가1.9]
💰 예수금 4,156원 | KODEX200 RSI92/+6.9% 과열⚠️ | 매수기준 3개↑
📦 보유 GS(078930) 1주 -0.5%
📦 보유 원익피앤이(217820) 6주 -0.3%

코드      종목명           가격    RSI     변화율    거래량     BB   호가비  B/S
────────────────────────────────────────────────────────────────────────
[2단계 분석 대상: 078930, 217820, 012450, 058470, 207940, 056080, 000270]
⛔ 아우토크립트(137040) 호가 없음 (거래정지 의심)
078930  GS        76,600   57.2    -5.4%    0.6x     중간  0.93  2/0
217820  원익피앤이      4,080   72.0    -3.5%    1.0x     중간  1.64  3/0
⛔ 금양(001570) 호가 없음 (거래정지 의심)

══════════════════════════════════════════════════
→ 전종목 HOLD
✅ Discord 전송 완료

[10:36] HOLD | KODEX RSI92/+6.9%⚠️ | 보유:GS(078930) -0.5% 원익피앤(217820) -0.3% | 💸예수금부족 | 최고신호 원익피앤이(217820) 3/3개 [하락-3.5% / MA골 / 호가1.6]
💰 예수금 4,155원 | KODEX200 RSI92/+6.8% 과열⚠️ | 매수기준 3개↑
📦 보유 GS(078930) 1주 -0.2%
📦 보유 원익피앤이(217820) 6주 -0.3%

코드      종목명           가격    RSI     변화율    거래량     BB   호가비  B/S
────────────────────────────────────────────────────────────────────────
[2단계 분석 대상: 078930, 217820, 056080, 058470, 012450, 068270, 000270]
⛔ 아우토크립트(137040) 호가 없음 (거래정지 의심)
078930  GS        77,000   58.0    -5.1%    0.6x     중간  0.74  2/0
217820  원익피앤이      4,070   71.9    -3.5%    1.0x     중간  2.24  3/0
⛔ 금양(001570) 호가 없음 (거래정지 의심)

══════════════════════════════════════════════════
→ 전종목 HOLD
✅ Discord 전송 완료

[10:38] HOLD | KODEX RSI92/+6.8%⚠️ | 보유:GS(078930) -0.2% 원익피앤(217820) -0.3% | 💸예수금부족 | 최고신호 원익피앤이(217820) 3/3개 [하락-3.5% / MA골 / 호가2.2]
💰 예수금 4,155원 | KODEX200 RSI92/+6.8% 과열⚠️ | 매수기준 3개↑
📦 보유 GS(078930) 1주 +0.0%
📦 보유 원익피앤이(217820) 6주 -0.2%

코드      종목명           가격    RSI     변화율    거래량     BB   호가비  B/S
────────────────────────────────────────────────────────────────────────
[2단계 분석 대상: 078930, 217820, 056080, 058470, 012450, 068270, 000270]
⛔ 아우토크립트(137040) 호가 없음 (거래정지 의심)
078930  GS        77,000   58.5    -4.8%    0.7x     중간  0.69  2/0
217820  원익피앤이      4,080   71.5    -3.8%    1.0x     중간  2.06  3/0
⛔ 금양(001570) 호가 없음 (거래정지 의심)

══════════════════════════════════════════════════
→ 전종목 HOLD
✅ Discord 전송 완료

[10:40] HOLD | KODEX RSI92/+6.8%⚠️ | 보유:GS(078930) +0.0% 원익피앤(217820) -0.2% | 💸예수금부족 | 최고신호 원익피앤이(217820) 3/3개 [하락-3.8% / MA골 / 호가2.1]
💰 예수금 4,155원 | KODEX200 RSI92/+6.7% 과열⚠️ | 매수기준 3개↑
📦 보유 GS(078930) 1주 +0.0%
📦 보유 원익피앤이(217820) 6주 -0.2%

코드      종목명           가격    RSI     변화율    거래량     BB   호가비  B/S
────────────────────────────────────────────────────────────────────────
[2단계 분석 대상: 078930, 217820, 058470, 056080, 000270, 207940, 012450]
⛔ 아우토크립트(137040) 호가 없음 (거래정지 의심)
078930  GS        77,000   58.2    -4.9%    0.7x     중간  0.54  2/0
217820  원익피앤이      4,080   72.1    -3.4%    1.0x     중간  1.50  3/0
⛔ 금양(001570) 호가 없음 (거래정지 의심)

══════════════════════════════════════════════════
→ 전종목 HOLD
✅ Discord 전송 완료

[10:42] HOLD | KODEX RSI92/+6.7%⚠️ | 보유:GS(078930) +0.0% 원익피앤(217820) -0.2% | 💸예수금부족 | 최고신호 원익피앤이(217820) 3/3개 [하락-3.4% / MA골 / 호가1.5]
💰 예수금 4,155원 | KODEX200 RSI92/+6.8% 과열⚠️ | 매수기준 3개↑
📦 보유 GS(078930) 1주 +0.0%
📦 보유 원익피앤이(217820) 6주 -0.2%

코드      종목명           가격    RSI     변화율    거래량     BB   호가비  B/S
────────────────────────────────────────────────────────────────────────
[2단계 분석 대상: 078930, 217820, 058470, 056080, 012450, 207940, 068270]
⛔ 아우토크립트(137040) 호가 없음 (거래정지 의심)
078930  GS        76,900   58.0    -5.1%    0.7x     중간  0.70  2/0
217820  원익피앤이      4,090   72.3    -3.3%    1.0x     중간  1.71  3/0
⛔ 금양(001570) 호가 없음 (거래정지 의심)

══════════════════════════════════════════════════
→ 전종목 HOLD
✅ Discord 전송 완료

[10:44] HOLD | KODEX RSI92/+6.8%⚠️ | 보유:GS(078930) +0.0% 원익피앤(217820) -0.2% | 💸예수금부족 | 최고신호 원익피앤이(217820) 3/3개 [하락-3.3% / MA골 / 호가1.7]
💰 예수금 4,155원 | KODEX200 RSI92/+7.0% 과열⚠️ | 매수기준 3개↑
📦 보유 GS(078930) 1주 +0.0%
📦 보유 원익피앤이(217820) 6주 -0.3%

코드      종목명           가격    RSI     변화율    거래량     BB   호가비  B/S
────────────────────────────────────────────────────────────────────────
[2단계 분석 대상: 078930, 217820, 207940, 056080, 058470, 012450, 068270]
⛔ 아우토크립트(137040) 호가 없음 (거래정지 의심)
078930  GS        76,900   58.0    -5.1%    0.7x     중간  1.05  2/0
217820  원익피앤이      4,090   72.5    -3.2%    1.0x     중간  1.92  3/0
⛔ 금양(001570) 호가 없음 (거래정지 의심)

══════════════════════════════════════════════════
→ 전종목 HOLD
✅ Discord 전송 완료

[10:46] HOLD | KODEX RSI92/+7.0%⚠️ | 보유:GS(078930) +0.0% 원익피앤(217820) -0.3% | 💸예수금부족 | 최고신호 원익피앤이(217820) 3/3개 [하락-3.2% / MA골 / 호가1.9]
💰 예수금 4,154원 | KODEX200 RSI92/+7.0% 과열⚠️ | 매수기준 3개↑
📦 보유 GS(078930) 1주 +0.0%
📦 보유 원익피앤이(217820) 6주 +0.0%

코드      종목명           가격    RSI     변화율    거래량     BB   호가비  B/S
────────────────────────────────────────────────────────────────────────
[2단계 분석 대상: 078930, 217820, 056080, 207940, 058470, 068270, 012450]
⛔ 아우토크립트(137040) 호가 없음 (거래정지 의심)
078930  GS        77,000   58.2    -4.9%    0.7x     중간  0.77  2/0
217820  원익피앤이      4,110   73.5    -2.6%    1.0x     중간  0.87  2/0
⛔ 금양(001570) 호가 없음 (거래정지 의심)

══════════════════════════════════════════════════
→ 전종목 HOLD
✅ Discord 전송 완료

[10:48] HOLD | KODEX RSI92/+7.0%⚠️ | 보유:GS(078930) +0.0% 원익피앤(217820) +0.0% | 💸예수금부족 | 최고신호 GS(078930) 2/3개 [하락-4.9% / MA골]
💰 예수금 4,154원 | KODEX200 RSI92/+7.1% 과열⚠️ | 매수기준 3개↑
📦 보유 GS(078930) 1주 -0.1%
📦 보유 원익피앤이(217820) 6주 +0.7%

코드      종목명           가격    RSI     변화율    거래량     BB   호가비  B/S
────────────────────────────────────────────────────────────────────────
[2단계 분석 대상: 078930, 217820, 056080, 001510, 058470, 207940, 000270]
⛔ 아우토크립트(137040) 호가 없음 (거래정지 의심)
078930  GS        76,900   58.0    -5.1%    0.7x     중간  0.78  2/0
217820  원익피앤이      4,115   73.1    -2.8%    1.0x     중간  0.73  2/0
⛔ 금양(001570) 호가 없음 (거래정지 의심)

══════════════════════════════════════════════════
→ 전종목 HOLD
✅ Discord 전송 완료

[10:50] HOLD | KODEX RSI92/+7.1%⚠️ | 보유:GS(078930) -0.1% 원익피앤(217820) +0.7% | 💸예수금부족 | 최고신호 GS(078930) 2/3개 [하락-5.1% / MA골]
💰 예수금 4,154원 | KODEX200 RSI92/+7.2% 과열⚠️ | 매수기준 3개↑
📦 보유 GS(078930) 1주 +0.0%
📦 보유 원익피앤이(217820) 6주 +0.4%

코드      종목명           가격    RSI     변화율    거래량     BB   호가비  B/S
────────────────────────────────────────────────────────────────────────
[2단계 분석 대상: 078930, 217820, 084850, 056080, 012450, 058470, 000270]
⛔ 아우토크립트(137040) 호가 없음 (거래정지 의심)
078930  GS        76,800   58.0    -5.1%    0.7x     중간  0.80  2/0
217820  원익피앤이      4,100   72.9    -3.0%    1.0x     중간  0.62  2/0
⛔ 금양(001570) 호가 없음 (거래정지 의심)

══════════════════════════════════════════════════
→ 전종목 HOLD
✅ Discord 전송 완료

[10:52] HOLD | KODEX RSI92/+7.2%⚠️ | 보유:GS(078930) +0.0% 원익피앤(217820) +0.4% | 💸예수금부족 | 최고신호 GS(078930) 2/3개 [하락-5.1% / MA골]
💰 예수금 4,154원 | KODEX200 RSI92/+7.2% 과열⚠️ | 매수기준 3개↑
📦 보유 GS(078930) 1주 -0.2%
📦 보유 원익피앤이(217820) 6주 +0.3%

코드      종목명           가격    RSI     변화율    거래량     BB   호가비  B/S
────────────────────────────────────────────────────────────────────────
[2단계 분석 대상: 078930, 217820, 056080, 000270, 084850, 058470, 068270]
⛔ 아우토크립트(137040) 호가 없음 (거래정지 의심)
078930  GS        76,700   57.5    -5.3%    0.7x     중간  0.87  2/0
217820  원익피앤이      4,100   72.9    -3.0%    1.0x     중간  0.57  2/0
⛔ 금양(001570) 호가 없음 (거래정지 의심)

══════════════════════════════════════════════════
→ 전종목 HOLD
✅ Discord 전송 완료

[10:54] HOLD | KODEX RSI92/+7.2%⚠️ | 보유:GS(078930) -0.2% 원익피앤(217820) +0.3% | 💸예수금부족 | 최고신호 GS(078930) 2/3개 [하락-5.3% / MA골]
💰 예수금 4,155원 | KODEX200 RSI92/+7.0% 과열⚠️ | 매수기준 3개↑
📦 보유 GS(078930) 1주 -0.3%
📦 보유 원익피앤이(217820) 6주 +0.0%

코드      종목명           가격    RSI     변화율    거래량     BB   호가비  B/S
────────────────────────────────────────────────────────────────────────
[2단계 분석 대상: 078930, 217820, 084850, 056080, 012450, 000270, 403870]
⛔ 아우토크립트(137040) 호가 없음 (거래정지 의심)
078930  GS        76,700   57.5    -5.3%    0.7x     중간  1.28  3/0
217820  원익피앤이      4,085   71.7    -3.7%    1.0x     중간  1.29  3/0
⛔ 금양(001570) 호가 없음 (거래정지 의심)

══════════════════════════════════════════════════
→ 전종목 HOLD
✅ Discord 전송 완료

[10:56] HOLD | KODEX RSI92/+7.0%⚠️ | 보유:GS(078930) -0.3% 원익피앤(217820) +0.0% | 💸예수금부족 | 최고신호 GS(078930) 3/3개 [하락-5.3% / MA골 / 호가1.3]
💰 예수금 4,156원 | KODEX200 RSI92/+7.2% 과열⚠️ | 매수기준 3개↑
📦 보유 GS(078930) 1주 -0.3%
📦 보유 원익피앤이(217820) 6주 -0.4%

코드      종목명           가격    RSI     변화율    거래량     BB   호가비  B/S
────────────────────────────────────────────────────────────────────────
[2단계 분석 대상: 078930, 217820, 056080, 012450, 000270, 068270, 207940]
⛔ 아우토크립트(137040) 호가 없음 (거래정지 의심)
078930  GS        76,700   57.7    -5.2%    0.7x     중간  1.26  3/0
217820  원익피앤이      4,070   71.7    -3.7%    1.0x     중간  0.63  2/0
⛔ 금양(001570) 호가 없음 (거래정지 의심)

══════════════════════════════════════════════════
→ 전종목 HOLD
✅ Discord 전송 완료

[10:58] HOLD | KODEX RSI92/+7.2%⚠️ | 보유:GS(078930) -0.3% 원익피앤(217820) -0.4% | 💸예수금부족 | 최고신호 GS(078930) 3/3개 [하락-5.2% / MA골 / 호가1.3]
💰 예수금 4,155원 | KODEX200 RSI92/+7.2% 과열⚠️ | 매수기준 3개↑
📦 보유 GS(078930) 1주 -0.2%
📦 보유 원익피앤이(217820) 6주 -0.4%

코드      종목명           가격    RSI     변화율    거래량     BB   호가비  B/S
────────────────────────────────────────────────────────────────────────
[2단계 분석 대상: 078930, 217820, 056080, 012450, 068270, 000270, 015760]
⛔ 아우토크립트(137040) 호가 없음 (거래정지 의심)
078930  GS        76,800   57.7    -5.2%    0.7x     중간  1.22  3/0
217820  원익피앤이      4,085   72.3    -3.3%    1.0x     중간  0.56  2/0
⛔ 금양(001570) 호가 없음 (거래정지 의심)

══════════════════════════════════════════════════
→ 전종목 HOLD
✅ Discord 전송 완료

[11:00] HOLD | KODEX RSI92/+7.2%⚠️ | 보유:GS(078930) -0.2% 원익피앤(217820) -0.4% | 💸예수금부족 | 최고신호 GS(078930) 3/3개 [하락-5.2% / MA골 / 호가1.2]
💰 예수금 4,155원 | KODEX200 RSI92/+7.2% 과열⚠️ | 매수기준 3개↑
📦 보유 GS(078930) 1주 -0.2%
📦 보유 원익피앤이(217820) 6주 -0.6%

코드      종목명           가격    RSI     변화율    거래량     BB   호가비  B/S
────────────────────────────────────────────────────────────────────────
[2단계 분석 대상: 078930, 217820, 012450, 056080, 015760, 058470, 207940]
⛔ 아우토크립트(137040) 호가 없음 (거래정지 의심)
078930  GS        76,800   57.7    -5.2%    0.7x     중간  1.05  2/0
217820  원익피앤이      4,075   71.5    -3.8%    1.0x     중간  0.64  2/0
⛔ 금양(001570) 호가 없음 (거래정지 의심)

══════════════════════════════════════════════════
→ 전종목 HOLD
✅ Discord 전송 완료

[11:02] HOLD | KODEX RSI92/+7.2%⚠️ | 보유:GS(078930) -0.2% 원익피앤(217820) -0.6% | 💸예수금부족 | 최고신호 GS(078930) 2/3개 [하락-5.2% / MA골]
💰 예수금 4,155원 | KODEX200 RSI92/+7.2% 과열⚠️ | 매수기준 3개↑
📦 보유 GS(078930) 1주 -0.1%
📦 보유 원익피앤이(217820) 6주 -0.4%

코드      종목명           가격    RSI     변화율    거래량     BB   호가비  B/S
────────────────────────────────────────────────────────────────────────
[2단계 분석 대상: 078930, 217820, 012450, 058470, 056080, 015760, 000270]
⛔ 아우토크립트(137040) 호가 없음 (거래정지 의심)
078930  GS        76,900   58.0    -5.1%    0.7x     중간  1.09  2/0
217820  원익피앤이      4,070   71.3    -3.9%    1.0x     중간  0.60  2/0
⛔ 금양(001570) 호가 없음 (거래정지 의심)

══════════════════════════════════════════════════
→ 전종목 HOLD
✅ Discord 전송 완료

[11:04] HOLD | KODEX RSI92/+7.2%⚠️ | 보유:GS(078930) -0.1% 원익피앤(217820) -0.4% | 💸예수금부족 | 최고신호 GS(078930) 2/3개 [하락-5.1% / MA골]
💰 예수금 4,155원 | KODEX200 RSI92/+7.2% 과열⚠️ | 매수기준 3개↑
📦 보유 GS(078930) 1주 +0.0%
📦 보유 원익피앤이(217820) 6주 -0.4%

코드      종목명           가격    RSI     변화율    거래량     BB   호가비  B/S
────────────────────────────────────────────────────────────────────────
[2단계 분석 대상: 078930, 217820, 012450, 056080, 000270, 207940, 058470]
⛔ 아우토크립트(137040) 호가 없음 (거래정지 의심)
078930  GS        77,000   58.0    -5.1%    0.7x     중간  1.31  3/0
217820  원익피앤이      4,065   71.5    -3.8%    1.0x     중간  0.62  2/0
⛔ 금양(001570) 호가 없음 (거래정지 의심)

══════════════════════════════════════════════════
→ 전종목 HOLD
✅ Discord 전송 완료

[11:06] HOLD | KODEX RSI92/+7.2%⚠️ | 보유:GS(078930) +0.0% 원익피앤(217820) -0.4% | 💸예수금부족 | 최고신호 GS(078930) 3/3개 [하락-5.1% / MA골 / 호가1.3]
💰 예수금 4,155원 | KODEX200 RSI92/+6.9% 과열⚠️ | 매수기준 3개↑
📦 보유 GS(078930) 1주 -0.2%
📦 보유 원익피앤이(217820) 6주 -0.6%

코드      종목명           가격    RSI     변화율    거래량     BB   호가비  B/S
────────────────────────────────────────────────────────────────────────
[2단계 분석 대상: 078930, 217820, 084850, 058470, 012450, 056080, 015760]
⛔ 아우토크립트(137040) 호가 없음 (거래정지 의심)
078930  GS        76,700   57.5    -5.3%    0.7x     중간  1.63  3/0
217820  원익피앤이      4,070   71.5    -3.8%    1.0x     중간  0.59  2/0
⛔ 금양(001570) 호가 없음 (거래정지 의심)

══════════════════════════════════════════════════
→ 전종목 HOLD
✅ Discord 전송 완료

[11:08] HOLD | KODEX RSI92/+6.9%⚠️ | 보유:GS(078930) -0.2% 원익피앤(217820) -0.6% | 💸예수금부족 | 최고신호 GS(078930) 3/3개 [하락-5.3% / MA골 / 호가1.6]
💰 예수금 4,156원 | KODEX200 RSI92/+7.1% 과열⚠️ | 매수기준 3개↑
📦 보유 GS(078930) 1주 -0.3%
📦 보유 원익피앤이(217820) 6주 -0.8%

코드      종목명           가격    RSI     변화율    거래량     BB   호가비  B/S
────────────────────────────────────────────────────────────────────────
[2단계 분석 대상: 078930, 217820, 058470, 012450, 015760, 056080, 000270]
⛔ 아우토크립트(137040) 호가 없음 (거래정지 의심)
078930  GS        76,700   57.5    -5.3%    0.7x     중간  1.59  3/0
217820  원익피앤이      4,065   71.3    -3.9%    1.0x     중간  0.63  2/0
⛔ 금양(001570) 호가 없음 (거래정지 의심)

══════════════════════════════════════════════════
→ 전종목 HOLD
✅ Discord 전송 완료

[11:10] HOLD | KODEX RSI92/+7.1%⚠️ | 보유:GS(078930) -0.3% 원익피앤(217820) -0.8% | 💸예수금부족 | 최고신호 GS(078930) 3/3개 [하락-5.3% / MA골 / 호가1.6]
💰 예수금 4,155원 | KODEX200 RSI92/+6.8% 과열⚠️ | 매수기준 3개↑
📦 보유 GS(078930) 1주 -0.1%
📦 보유 원익피앤이(217820) 6주 -0.7%

코드      종목명           가격    RSI     변화율    거래량     BB   호가비  B/S
────────────────────────────────────────────────────────────────────────
[2단계 분석 대상: 078930, 217820, 084850, 058470, 012450, 015760, 207940]
⛔ 아우토크립트(137040) 호가 없음 (거래정지 의심)
078930  GS        76,900   58.2    -4.9%    0.7x     중간  1.06  2/0
217820  원익피앤이      4,060   71.3    -3.9%    1.0x     중간  0.75  2/0
⛔ 금양(001570) 호가 없음 (거래정지 의심)

══════════════════════════════════════════════════
→ 전종목 HOLD
✅ Discord 전송 완료

[11:12] HOLD | KODEX RSI92/+6.8%⚠️ | 보유:GS(078930) -0.1% 원익피앤(217820) -0.7% | 💸예수금부족 | 최고신호 GS(078930) 2/3개 [하락-4.9% / MA골]
💰 예수금 4,155원 | KODEX200 RSI92/+6.8% 과열⚠️ | 매수기준 3개↑
📦 보유 GS(078930) 1주 -0.1%
📦 보유 원익피앤이(217820) 6주 -0.9%

코드      종목명           가격    RSI     변화율    거래량     BB   호가비  B/S
────────────────────────────────────────────────────────────────────────
[2단계 분석 대상: 078930, 217820, 058470, 012450, 015760, 000270, 207940]
⛔ 아우토크립트(137040) 호가 없음 (거래정지 의심)
078930  GS        76,900   58.0    -5.1%    0.7x     중간  1.19  2/0
217820  원익피앤이      4,055   71.2    -4.0%    1.0x     중간  0.86  2/0
⛔ 금양(001570) 호가 없음 (거래정지 의심)

══════════════════════════════════════════════════
→ 전종목 HOLD
✅ Discord 전송 완료

[11:14] HOLD | KODEX RSI92/+6.8%⚠️ | 보유:GS(078930) -0.1% 원익피앤(217820) -0.9% | 💸예수금부족 | 최고신호 GS(078930) 2/3개 [하락-5.1% / MA골]
💰 예수금 4,155원 | KODEX200 RSI92/+7.1% 과열⚠️ | 매수기준 3개↑
📦 보유 GS(078930) 1주 +0.2%
📦 보유 원익피앤이(217820) 6주 -0.8%

코드      종목명           가격    RSI     변화율    거래량     BB   호가비  B/S
────────────────────────────────────────────────────────────────────────
[2단계 분석 대상: 078930, 217820, 138040, 058470, 012450, 056080, 015760]
⛔ 아우토크립트(137040) 호가 없음 (거래정지 의심)
078930  GS        77,000   58.2    -4.9%    0.7x     중간  1.37  3/0
217820  원익피앤이      4,060   71.2    -4.0%    1.0x     중간  0.95  2/0
⛔ 금양(001570) 호가 없음 (거래정지 의심)

══════════════════════════════════════════════════
→ 전종목 HOLD
✅ Discord 전송 완료

[11:16] HOLD | KODEX RSI92/+7.1%⚠️ | 보유:GS(078930) +0.2% 원익피앤(217820) -0.8% | 💸예수금부족 | 최고신호 GS(078930) 3/3개 [하락-4.9% / MA골 / 호가1.4]
💰 예수금 4,155원 | KODEX200 RSI92/+7.2% 과열⚠️ | 매수기준 3개↑
📦 보유 GS(078930) 1주 +0.3%
📦 보유 원익피앤이(217820) 6주 -0.8%

코드      종목명           가격    RSI     변화율    거래량     BB   호가비  B/S
────────────────────────────────────────────────────────────────────────
[2단계 분석 대상: 078930, 217820, 058470, 012450, 056080, 015760, 138040]
⛔ 아우토크립트(137040) 호가 없음 (거래정지 의심)
078930  GS        77,100   58.5    -4.8%    0.7x     중간  1.38  3/0
217820  원익피앤이      4,060   71.2    -4.0%    1.0x     중간  0.94  2/0
⛔ 금양(001570) 호가 없음 (거래정지 의심)

══════════════════════════════════════════════════
→ 전종목 HOLD
✅ Discord 전송 완료

[11:18] HOLD | KODEX RSI92/+7.2%⚠️ | 보유:GS(078930) +0.3% 원익피앤(217820) -0.8% | 💸예수금부족 | 최고신호 GS(078930) 3/3개 [하락-4.8% / MA골 / 호가1.4]
💰 예수금 4,155원 | KODEX200 RSI92/+7.3% 과열⚠️ | 매수기준 3개↑
📦 보유 GS(078930) 1주 +0.3%
📦 보유 원익피앤이(217820) 6주 -0.7%

코드      종목명           가격    RSI     변화율    거래량     BB   호가비  B/S
────────────────────────────────────────────────────────────────────────
[2단계 분석 대상: 078930, 217820, 058470, 012450, 056080, 084850, 015760]
⛔ 아우토크립트(137040) 호가 없음 (거래정지 의심)
078930  GS        77,200   59.3    -4.5%    0.7x     중간  1.55  3/0
217820  원익피앤이      4,055   71.2    -4.0%    1.1x     중간  0.73  2/0
⛔ 금양(001570) 호가 없음 (거래정지 의심)

══════════════════════════════════════════════════
→ 전종목 HOLD
✅ Discord 전송 완료

[11:20] HOLD | KODEX RSI92/+7.3%⚠️ | 보유:GS(078930) +0.3% 원익피앤(217820) -0.7% | 💸예수금부족 | 최고신호 GS(078930) 3/3개 [하락-4.5% / MA골 / 호가1.6]
💰 예수금 4,155원 | KODEX200 RSI92/+7.2% 과열⚠️ | 매수기준 3개↑
📦 보유 GS(078930) 1주 +0.3%
📦 보유 원익피앤이(217820) 6주 -0.7%

코드      종목명           가격    RSI     변화율    거래량     BB   호가비  B/S
────────────────────────────────────────────────────────────────────────
[2단계 분석 대상: 078930, 217820, 058470, 056080, 015760, 084850, 012450]
⛔ 아우토크립트(137040) 호가 없음 (거래정지 의심)
078930  GS        77,200   58.2    -4.9%    0.7x     중간  1.44  3/0
217820  원익피앤이      4,055   71.2    -4.0%    1.1x     중간  0.77  2/0
⛔ 금양(001570) 호가 없음 (거래정지 의심)

══════════════════════════════════════════════════
→ 전종목 HOLD
✅ Discord 전송 완료

[11:22] HOLD | KODEX RSI92/+7.2%⚠️ | 보유:GS(078930) +0.3% 원익피앤(217820) -0.7% | 💸예수금부족 | 최고신호 GS(078930) 3/3개 [하락-4.9% / MA골 / 호가1.4]
💰 예수금 4,155원 | KODEX200 RSI92/+7.3% 과열⚠️ | 매수기준 3개↑
📦 보유 GS(078930) 1주 +0.2%
📦 보유 원익피앤이(217820) 6주 -0.8%

코드      종목명           가격    RSI     변화율    거래량     BB   호가비  B/S
────────────────────────────────────────────────────────────────────────
[2단계 분석 대상: 078930, 217820, 056080, 012450, 058470, 001510, 207940]
⛔ 아우토크립트(137040) 호가 없음 (거래정지 의심)
078930  GS        77,000   58.2    -4.9%    0.7x     중간  1.30  3/0
217820  원익피앤이      4,060   71.2    -4.0%    1.1x     중간  0.68  2/0
⛔ 금양(001570) 호가 없음 (거래정지 의심)

══════════════════════════════════════════════════
→ 전종목 HOLD
✅ Discord 전송 완료

[11:24] HOLD | KODEX RSI92/+7.3%⚠️ | 보유:GS(078930) +0.2% 원익피앤(217820) -0.8% | 💸예수금부족 | 최고신호 GS(078930) 3/3개 [하락-4.9% / MA골 / 호가1.3]
💰 예수금 4,155원 | KODEX200 RSI92/+7.3% 과열⚠️ | 매수기준 3개↑
📦 보유 GS(078930) 1주 +0.0%
📦 보유 원익피앤이(217820) 6주 -0.7%

코드      종목명           가격    RSI     변화율    거래량     BB   호가비  B/S
────────────────────────────────────────────────────────────────────────
[2단계 분석 대상: 078930, 217820, 084850, 056080, 061250, 012450, 058470]
⛔ 아우토크립트(137040) 호가 없음 (거래정지 의심)
078930  GS        77,000   58.2    -4.9%    0.7x     중간  1.25  3/0
217820  원익피앤이      4,060   71.0    -4.1%    1.1x     중간  0.72  2/0
⛔ 금양(001570) 호가 없음 (거래정지 의심)

══════════════════════════════════════════════════
→ 전종목 HOLD
✅ Discord 전송 완료

[11:26] HOLD | KODEX RSI92/+7.3%⚠️ | 보유:GS(078930) +0.0% 원익피앤(217820) -0.7% | 💸예수금부족 | 최고신호 GS(078930) 3/3개 [하락-4.9% / MA골 / 호가1.2]
💰 예수금 4,155원 | KODEX200 RSI92/+7.2% 과열⚠️ | 매수기준 3개↑
📦 보유 GS(078930) 1주 +0.3%
📦 보유 원익피앤이(217820) 6주 -0.9%

코드      종목명           가격    RSI     변화율    거래량     BB   호가비  B/S
────────────────────────────────────────────────────────────────────────
[2단계 분석 대상: 078930, 217820, 058470, 207940, 056080, 061250, 015760]
⛔ 아우토크립트(137040) 호가 없음 (거래정지 의심)
078930  GS        77,200   58.7    -4.7%    0.8x     중간  2.08  3/0
217820  원익피앤이      4,055   71.2    -4.0%    1.1x     중간  1.47  3/0
⛔ 금양(001570) 호가 없음 (거래정지 의심)

══════════════════════════════════════════════════
→ 전종목 HOLD
✅ Discord 전송 완료

[11:28] HOLD | KODEX RSI92/+7.2%⚠️ | 보유:GS(078930) +0.3% 원익피앤(217820) -0.9% | 💸예수금부족 | 최고신호 GS(078930) 3/3개 [하락-4.7% / MA골 / 호가2.1]
💰 예수금 4,154원 | KODEX200 RSI92/+7.2% 과열⚠️ | 매수기준 3개↑
📦 보유 GS(078930) 1주 +1.3%
📦 보유 원익피앤이(217820) 6주 -0.9%

코드      종목명           가격    RSI     변화율    거래량     BB   호가비  B/S
────────────────────────────────────────────────────────────────────────
[2단계 분석 대상: 078930, 217820, 058470, 207940, 056080, 061250, 012450]
⛔ 아우토크립트(137040) 호가 없음 (거래정지 의심)
078930  GS        78,500   62.4    -3.1%    0.8x     중간  0.41  2/0
217820  원익피앤이      4,050   71.0    -4.1%    1.1x     중간  0.98  2/0
⛔ 금양(001570) 호가 없음 (거래정지 의심)

══════════════════════════════════════════════════
→ 전종목 HOLD
✅ Discord 전송 완료

[11:30] HOLD | KODEX RSI92/+7.2%⚠️ | 보유:GS(078930) +1.3% 원익피앤(217820) -0.9% | 💸예수금부족 | 최고신호 GS(078930) 2/3개 [하락-3.1% / MA골]
💰 예수금 4,152원 | KODEX200 RSI92/+7.4% 과열⚠️ | 매수기준 3개↑
📦 보유 GS(078930) 1주 +2.0%
📦 보유 원익피앤이(217820) 6주 -1.1%

코드      종목명           가격    RSI     변화율    거래량     BB   호가비  B/S
────────────────────────────────────────────────────────────────────────
[2단계 분석 대상: 078930, 217820, 138040, 058470, 012450, 056080, 061250]
⛔ 아우토크립트(137040) 호가 없음 (거래정지 의심)
078930  GS        78,400   62.1    -3.2%    0.8x     중간  0.73  2/0
217820  원익피앤이      4,045   70.4    -4.5%    1.1x     중간  1.91  3/0
⛔ 금양(001570) 호가 없음 (거래정지 의심)

══════════════════════════════════════════════════
→ 전종목 HOLD
✅ Discord 전송 완료

[11:32] HOLD | KODEX RSI92/+7.4%⚠️ | 보유:GS(078930) +2.0% 원익피앤(217820) -1.1% | 💸예수금부족 | 최고신호 원익피앤이(217820) 3/3개 [하락-4.5% / MA골 / 호가1.9]
💰 예수금 4,152원 | KODEX200 RSI92/+7.4% 과열⚠️ | 매수기준 3개↑
📦 보유 GS(078930) 1주 +1.9%
📦 보유 원익피앤이(217820) 6주 -1.4%

코드      종목명           가격    RSI     변화율    거래량     BB   호가비  B/S
────────────────────────────────────────────────────────────────────────
[2단계 분석 대상: 078930, 217820, 138040, 058470, 056080, 061250, 084850]
⛔ 아우토크립트(137040) 호가 없음 (거래정지 의심)
078930  GS        78,400   62.1    -3.2%    0.8x     중간  0.61  2/0
217820  원익피앤이      4,030   70.2    -4.6%    1.1x     중간  2.52  3/0
⛔ 금양(001570) 호가 없음 (거래정지 의심)

══════════════════════════════════════════════════
→ 전종목 HOLD
✅ Discord 전송 완료

[11:34] HOLD | KODEX RSI92/+7.4%⚠️ | 보유:GS(078930) +1.9% 원익피앤(217820) -1.4% | 💸예수금부족 | 최고신호 원익피앤이(217820) 3/3개 [하락-4.6% / MA골 / 호가2.5]
💰 예수금 4,154원 | KODEX200 RSI92/+7.5% 과열⚠️ | 매수기준 3개↑
📦 보유 GS(078930) 1주 +1.3%
📦 보유 원익피앤이(217820) 6주 -1.4%

코드      종목명           가격    RSI     변화율    거래량     BB   호가비  B/S
────────────────────────────────────────────────────────────────────────
[2단계 분석 대상: 078930, 217820, 138040, 058470, 056080, 084850, 061250]
⛔ 아우토크립트(137040) 호가 없음 (거래정지 의심)
078930  GS        78,500   63.3    -2.7%    0.8x     중간  0.47  2/0
217820  원익피앤이      4,040   70.2    -4.6%    1.1x     중간  2.51  3/0
⛔ 금양(001570) 호가 없음 (거래정지 의심)

══════════════════════════════════════════════════
→ 전종목 HOLD
✅ Discord 전송 완료

[11:36] HOLD | KODEX RSI92/+7.5%⚠️ | 보유:GS(078930) +1.3% 원익피앤(217820) -1.4% | 💸예수금부족 | 최고신호 원익피앤이(217820) 3/3개 [하락-4.6% / MA골 / 호가2.5]
💰 예수금 4,151원 | KODEX200 RSI92/+7.5% 과열⚠️ | 매수기준 3개↑
📦 보유 GS(078930) 1주 +2.4%
📦 보유 원익피앤이(217820) 6주 -1.4%

코드      종목명           가격    RSI     변화율    거래량     BB   호가비  B/S
────────────────────────────────────────────────────────────────────────
[2단계 분석 대상: 078930, 217820, 138040, 061250, 058470, 056080, 012450]
⛔ 아우토크립트(137040) 호가 없음 (거래정지 의심)
078930  GS        78,700   63.0    -2.8%    0.8x     중간  0.55  2/0
217820  원익피앤이      4,035   70.2    -4.6%    1.1x     중간  2.52  3/0
⛔ 금양(001570) 호가 없음 (거래정지 의심)

══════════════════════════════════════════════════
→ 전종목 HOLD
✅ Discord 전송 완료

[11:38] HOLD | KODEX RSI92/+7.5%⚠️ | 보유:GS(078930) +2.4% 원익피앤(217820) -1.4% | 💸예수금부족 | 최고신호 원익피앤이(217820) 3/3개 [하락-4.6% / MA골 / 호가2.5]
💰 예수금 4,152원 | KODEX200 RSI92/+7.3% 과열⚠️ | 매수기준 3개↑
📦 보유 GS(078930) 1주 +2.2%
📦 보유 원익피앤이(217820) 6주 -1.4%

코드      종목명           가격    RSI     변화율    거래량     BB   호가비  B/S
────────────────────────────────────────────────────────────────────────
[2단계 분석 대상: 078930, 217820, 138040, 056080, 084850, 058470, 086790]
⛔ 아우토크립트(137040) 호가 없음 (거래정지 의심)
078930  GS        78,600   63.0    -2.8%    0.8x     중간  0.57  2/0
217820  원익피앤이      4,035   70.4    -4.5%    1.1x     중간  2.77  3/0
⛔ 금양(001570) 호가 없음 (거래정지 의심)

══════════════════════════════════════════════════
→ 전종목 HOLD
✅ Discord 전송 완료

[11:40] HOLD | KODEX RSI92/+7.3%⚠️ | 보유:GS(078930) +2.2% 원익피앤(217820) -1.4% | 💸예수금부족 | 최고신호 원익피앤이(217820) 3/3개 [하락-4.5% / MA골 / 호가2.8]
💰 예수금 4,152원 | KODEX200 RSI92/+7.1% 과열⚠️ | 매수기준 3개↑
📦 보유 GS(078930) 1주 +2.2%
📦 보유 원익피앤이(217820) 6주 -1.3%

코드      종목명           가격    RSI     변화율    거래량     BB   호가비  B/S
────────────────────────────────────────────────────────────────────────
[2단계 분석 대상: 078930, 217820, 138040, 056080, 058470, 012450, 001510]
⛔ 아우토크립트(137040) 호가 없음 (거래정지 의심)
078930  GS        78,600   62.7    -3.0%    0.8x     중간  1.23  3/0
217820  원익피앤이      4,040   70.4    -4.5%    1.1x     중간  2.88  3/0
⛔ 금양(001570) 호가 없음 (거래정지 의심)

══════════════════════════════════════════════════
→ 전종목 HOLD
✅ Discord 전송 완료

[11:42] HOLD | KODEX RSI92/+7.1%⚠️ | 보유:GS(078930) +2.2% 원익피앤(217820) -1.3% | 💸예수금부족 | 최고신호 GS(078930) 3/3개 [하락-3.0% / MA골 / 호가1.2]
💰 예수금 4,152원 | KODEX200 RSI92/+7.0% 과열⚠️ | 매수기준 3개↑
📦 보유 GS(078930) 1주 +2.0%
📦 보유 원익피앤이(217820) 6주 -1.4%

코드      종목명           가격    RSI     변화율    거래량     BB   호가비  B/S
────────────────────────────────────────────────────────────────────────
[2단계 분석 대상: 078930, 217820, 138040, 012450, 058470, 056080, 055550]
⛔ 아우토크립트(137040) 호가 없음 (거래정지 의심)
078930  GS        78,500   62.4    -3.1%    0.8x     중간  0.43  2/0
217820  원익피앤이      4,040   70.4    -4.5%    1.1x     중간  2.67  3/0
⛔ 금양(001570) 호가 없음 (거래정지 의심)

══════════════════════════════════════════════════
→ 전종목 HOLD
✅ Discord 전송 완료

[11:44] HOLD | KODEX RSI92/+7.0%⚠️ | 보유:GS(078930) +2.0% 원익피앤(217820) -1.4% | 💸예수금부족 | 최고신호 원익피앤이(217820) 3/3개 [하락-4.5% / MA골 / 호가2.7]
💰 예수금 4,152원 | KODEX200 RSI92/+7.1% 과열⚠️ | 매수기준 3개↑
📦 보유 GS(078930) 1주 +2.0%
📦 보유 원익피앤이(217820) 6주 -1.3%

코드      종목명           가격    RSI     변화율    거래량     BB   호가비  B/S
────────────────────────────────────────────────────────────────────────
[2단계 분석 대상: 078930, 217820, 138040, 058470, 056080, 012450, 086790]
⛔ 아우토크립트(137040) 호가 없음 (거래정지 의심)
078930  GS        78,700   63.0    -2.8%    0.9x     중간  0.42  2/0
217820  원익피앤이      4,035   70.4    -4.5%    1.1x     중간  2.89  3/0
⛔ 금양(001570) 호가 없음 (거래정지 의심)

══════════════════════════════════════════════════
→ 전종목 HOLD
✅ Discord 전송 완료

[11:46] HOLD | KODEX RSI92/+7.1%⚠️ | 보유:GS(078930) +2.0% 원익피앤(217820) -1.3% | 💸예수금부족 | 최고신호 원익피앤이(217820) 3/3개 [하락-4.5% / MA골 / 호가2.9]
💰 예수금 4,152원 | KODEX200 RSI92/+7.2% 과열⚠️ | 매수기준 3개↑
📦 보유 GS(078930) 1주 +2.2%
📦 보유 원익피앤이(217820) 6주 -1.2%

코드      종목명           가격    RSI     변화율    거래량     BB   호가비  B/S
────────────────────────────────────────────────────────────────────────
[2단계 분석 대상: 078930, 217820, 138040, 058470, 086790, 001510, 056080]
⛔ 아우토크립트(137040) 호가 없음 (거래정지 의심)
078930  GS        78,600   62.7    -3.0%    0.9x     중간  0.58  2/0
217820  원익피앤이      4,040   70.6    -4.4%    1.1x     중간  3.20  3/0
⛔ 금양(001570) 호가 없음 (거래정지 의심)

══════════════════════════════════════════════════
→ 전종목 HOLD
✅ Discord 전송 완료

[11:48] HOLD | KODEX RSI92/+7.2%⚠️ | 보유:GS(078930) +2.2% 원익피앤(217820) -1.2% | 💸예수금부족 | 최고신호 원익피앤이(217820) 3/3개 [하락-4.4% / MA골 / 호가3.2]
💰 예수금 4,151원 | KODEX200 RSI92/+7.1% 과열⚠️ | 매수기준 3개↑
📦 보유 GS(078930) 1주 +2.4%
📦 보유 원익피앤이(217820) 6주 -0.9%

코드      종목명           가격    RSI     변화율    거래량     BB   호가비  B/S
────────────────────────────────────────────────────────────────────────
[2단계 분석 대상: 078930, 217820, 138040, 058470, 086790, 056080, 001510]
⛔ 아우토크립트(137040) 호가 없음 (거래정지 의심)
078930  GS        78,800   63.3    -2.7%    0.9x     중간  0.56  2/0
217820  원익피앤이      4,060   71.3    -3.9%    1.1x     중간  0.84  2/0
⛔ 금양(001570) 호가 없음 (거래정지 의심)

══════════════════════════════════════════════════
→ 전종목 HOLD
✅ Discord 전송 완료

[11:50] HOLD | KODEX RSI92/+7.1%⚠️ | 보유:GS(078930) +2.4% 원익피앤(217820) -0.9% | 💸예수금부족 | 최고신호 GS(078930) 2/3개 [하락-2.7% / MA골]
💰 예수금 4,151원 | KODEX200 RSI92/+7.2% 과열⚠️ | 매수기준 3개↑
📦 보유 GS(078930) 1주 +2.4%
📦 보유 원익피앤이(217820) 6주 -0.7%

코드      종목명           가격    RSI     변화율    거래량     BB   호가비  B/S
────────────────────────────────────────────────────────────────────────
[2단계 분석 대상: 078930, 217820, 138040, 058470, 001510, 056080, 086790]
⛔ 아우토크립트(137040) 호가 없음 (거래정지 의심)
078930  GS        78,800   63.6    -2.6%    0.9x     중간  0.65  2/0
217820  원익피앤이      4,065   71.3    -3.9%    1.1x     중간  0.64  2/0
⛔ 금양(001570) 호가 없음 (거래정지 의심)

══════════════════════════════════════════════════
→ 전종목 HOLD
✅ Discord 전송 완료

[11:52] HOLD | KODEX RSI92/+7.2%⚠️ | 보유:GS(078930) +2.4% 원익피앤(217820) -0.7% | 💸예수금부족 | 최고신호 GS(078930) 2/3개 [하락-2.6% / MA골]
