💰 예수금 49,166원 | KODEX200 RSI90/+4.9% 과열⚠️ | 매수기준 3개↑
📦 보유 아이티엠반도체(084850) 3주 -1.0%

코드      종목명           가격    RSI     변화율    거래량     BB   호가비  B/S
────────────────────────────────────────────────────────────────────────
[2단계 분석 대상: 084850, 105560, 068270, 086790, 078930, 035720]
⛔ 아우토크립트(137040) 호가 없음 (거래정지 의심)
035720  카카오       47,050   50.3    -0.5%    0.8x     중간  3.22  1/0
015760  한국전력      44,900    0.0    +0.0%    0.0x     중간  0.62  0/0
061250  화일약품       9,000    0.0    +0.0%    0.0x     중간  1.33  1/0
217820  원익피앤이      4,120    0.0    +0.0%    0.0x     중간  1.11  0/0
001510  SK증권       5,390    0.0    +0.0%    0.0x     중간  0.93  0/0
056080  유진로봇      26,900    0.0    +0.0%    0.0x     중간  2.81  1/0
084850  아이티엠반도체   17,200   48.8    +1.0%    0.2x     중간  0.71  1/0
⛔ 금양(001570) 호가 없음 (거래정지 의심)

══════════════════════════════════════════════════
→ 전종목 HOLD
✅ Discord 전송 완료

[13:24] HOLD | KODEX RSI90/+4.9%⚠️ | 보유:아이티엠(084850) -1.0% | 💸예수금부족 | 최고신호 카카오(035720) 1/3개 [호가3.2]
💰 예수금 49,166원 | KODEX200 RSI90/+4.9% 과열⚠️ | 매수기준 3개↑
📦 보유 아이티엠반도체(084850) 3주 -1.0%

코드      종목명           가격    RSI     변화율    거래량     BB   호가비  B/S
────────────────────────────────────────────────────────────────────────
[2단계 분석 대상: 084850, 105560, 068270, 086790, 078930, 035720]
⛔ 아우토크립트(137040) 호가 없음 (거래정지 의심)
035720  카카오       47,100   50.3    -0.5%    0.8x     중간  3.44  1/0
015760  한국전력      44,900    0.0    +0.0%    0.0x     중간  0.64  0/0
061250  화일약품       9,000    0.0    +0.0%    0.0x     중간  1.32  1/0
217820  원익피앤이      4,110    0.0    +0.0%    0.0x     중간  2.24  1/0
001510  SK증권       5,420    0.0    +0.0%    0.0x     중간  0.32  0/0
056080  유진로봇      26,950    0.0    +0.0%    0.0x     중간  2.66  1/0
084850  아이티엠반도체   17,150   48.8    +1.0%    0.2x     중간  0.78  1/0
⛔ 금양(001570) 호가 없음 (거래정지 의심)

══════════════════════════════════════════════════
→ 전종목 HOLD
✅ Discord 전송 완료

[13:26] HOLD | KODEX RSI90/+4.9%⚠️ | 보유:아이티엠(084850) -1.0% | 💸예수금부족 | 최고신호 카카오(035720) 1/3개 [호가3.4]
💰 예수금 49,166원 | KODEX200 RSI90/+4.8% 과열⚠️ | 매수기준 3개↑
📦 보유 아이티엠반도체(084850) 3주 -1.0%

코드      종목명           가격    RSI     변화율    거래량     BB   호가비  B/S
────────────────────────────────────────────────────────────────────────
[2단계 분석 대상: 084850, 105560, 068270, 035720, 078930, 055550]
⛔ 아우토크립트(137040) 호가 없음 (거래정지 의심)
035720  카카오       47,100   50.3    -0.5%    0.8x     중간  3.26  1/0
015760  한국전력      44,900    0.0    +0.0%    0.0x     중간  0.63  0/0
061250  화일약품       8,990    0.0    +0.0%    0.0x     중간  1.45  1/0
217820  원익피앤이      4,115    0.0    +0.0%    0.0x     중간  1.09  0/0
001510  SK증권       5,430    0.0    +0.0%    0.0x     중간  0.33  0/0
056080  유진로봇      26,950    0.0    +0.0%    0.0x     중간  2.66  1/0
084850  아이티엠반도체   17,100   48.4    +0.7%    0.2x     중간  0.47  1/1
⛔ 금양(001570) 호가 없음 (거래정지 의심)

══════════════════════════════════════════════════
→ 전종목 HOLD
✅ Discord 전송 완료

[13:28] HOLD | KODEX RSI90/+4.8%⚠️ | 보유:아이티엠(084850) -1.0% | 💸예수금부족 | 최고신호 카카오(035720) 1/3개 [호가3.3]
💰 예수금 49,166원 | KODEX200 RSI90/+4.8% 과열⚠️ | 매수기준 3개↑
📦 보유 아이티엠반도체(084850) 3주 -1.3%

코드      종목명           가격    RSI     변화율    거래량     BB   호가비  B/S
────────────────────────────────────────────────────────────────────────
[2단계 분석 대상: 084850, 105560, 068270, 078930, 035720, 056080]
⛔ 아우토크립트(137040) 호가 없음 (거래정지 의심)
035720  카카오       47,100   50.3    -0.5%    0.8x     중간  3.23  1/0
015760  한국전력      44,950    0.0    +0.0%    0.0x     중간  0.70  0/0
061250  화일약품       8,990    0.0    +0.0%    0.0x     중간  1.52  1/0
217820  원익피앤이      4,110    0.0    +0.0%    0.0x     중간  1.08  0/0
001510  SK증권       5,430    0.0    +0.0%    0.0x     중간  0.35  0/0
056080  유진로봇      26,950   69.1    +0.9%    0.9x     중간  2.79  2/0
084850  아이티엠반도체   17,080   48.3    +0.6%    0.2x     중간  0.95  1/0
⛔ 금양(001570) 호가 없음 (거래정지 의심)

══════════════════════════════════════════════════
→ 전종목 HOLD
✅ Discord 전송 완료

[13:30] HOLD | KODEX RSI90/+4.8%⚠️ | 보유:아이티엠(084850) -1.3% | 💸예수금부족 | 최고신호 유진로봇(056080) 2/3개 [MA골 / 호가2.8]
💰 예수금 49,166원 | KODEX200 RSI90/+4.9% 과열⚠️ | 매수기준 3개↑
📦 보유 아이티엠반도체(084850) 3주 -1.3%

코드      종목명           가격    RSI     변화율    거래량     BB   호가비  B/S
────────────────────────────────────────────────────────────────────────
[2단계 분석 대상: 084850, 105560, 068270, 056080, 078930, 035720]
⛔ 아우토크립트(137040) 호가 없음 (거래정지 의심)
035720  카카오       47,100   50.3    -0.5%    0.8x     중간  3.07  1/0
015760  한국전력      44,950    0.0    +0.0%    0.0x     중간  0.71  0/0
061250  화일약품       8,990    0.0    +0.0%    0.0x     중간  1.59  1/0
217820  원익피앤이      4,115    0.0    +0.0%    0.0x     중간  0.96  0/0
001510  SK증권       5,400    0.0    +0.0%    0.0x     중간  0.70  0/0
056080  유진로봇      27,000   69.3    +1.1%    0.9x     중간  3.70  2/0
084850  아이티엠반도체   17,100   48.3    +0.7%    0.2x     중간  1.57  2/0
⛔ 금양(001570) 호가 없음 (거래정지 의심)

══════════════════════════════════════════════════
→ 전종목 HOLD
✅ Discord 전송 완료

[13:34] HOLD | KODEX RSI90/+4.9%⚠️ | 보유:아이티엠(084850) -1.3% | 💸예수금부족 | 최고신호 유진로봇(056080) 2/3개 [MA골 / 호가3.7]
💰 예수금 49,166원 | KODEX200 RSI90/+4.9% 과열⚠️ | 매수기준 3개↑
📦 보유 아이티엠반도체(084850) 3주 -1.3%

코드      종목명           가격    RSI     변화율    거래량     BB   호가비  B/S
────────────────────────────────────────────────────────────────────────
[2단계 분석 대상: 084850, 105560, 068270, 078930, 035720, 056080]
⛔ 아우토크립트(137040) 호가 없음 (거래정지 의심)
035720  카카오       47,100   50.3    -0.5%    0.8x     중간  3.03  1/0
015760  한국전력      44,950    0.0    +0.0%    0.0x     중간  0.69  0/0
061250  화일약품       8,990    0.0    +0.0%    0.0x     중간  1.93  1/0
217820  원익피앤이      4,115    0.0    +0.0%    0.0x     중간  1.00  0/0
001510  SK증권       5,390    0.0    +0.0%    0.0x     중간  0.81  0/0
056080  유진로봇      27,050   69.6    +1.5%    0.9x     중간  2.59  2/0
084850  아이티엠반도체   17,100   48.3    +0.7%    0.2x     중간  1.55  2/0
⛔ 금양(001570) 호가 없음 (거래정지 의심)

══════════════════════════════════════════════════
→ 전종목 HOLD
✅ Discord 전송 완료

[13:36] HOLD | KODEX RSI90/+4.9%⚠️ | 보유:아이티엠(084850) -1.3% | 💸예수금부족 | 최고신호 유진로봇(056080) 2/3개 [MA골 / 호가2.6]
💰 예수금 49,166원 | KODEX200 RSI90/+4.9% 과열⚠️ | 매수기준 3개↑
📦 보유 아이티엠반도체(084850) 3주 -1.3%

코드      종목명           가격    RSI     변화율    거래량     BB   호가비  B/S
────────────────────────────────────────────────────────────────────────
[2단계 분석 대상: 084850, 105560, 012330, 086790, 068270, 035720]
⛔ 아우토크립트(137040) 호가 없음 (거래정지 의심)
035720  카카오       47,100   50.3    -0.5%    0.8x     중간  3.05  1/0
015760  한국전력      44,950    0.0    +0.0%    0.0x     중간  0.68  0/0
061250  화일약품       8,990    0.0    +0.0%    0.0x     중간  2.04  1/0
217820  원익피앤이      4,105    0.0    +0.0%    0.0x     중간  1.41  1/0
001510  SK증권       5,400    0.0    +0.0%    0.0x     중간  0.67  0/0
056080  유진로봇      27,100    0.0    +0.0%    0.0x     중간  2.03  1/0
084850  아이티엠반도체   17,100   48.3    +0.7%    0.2x     중간  1.51  2/0
⛔ 금양(001570) 호가 없음 (거래정지 의심)

══════════════════════════════════════════════════
→ 전종목 HOLD
✅ Discord 전송 완료

[13:38] HOLD | KODEX RSI90/+4.9%⚠️ | 보유:아이티엠(084850) -1.3% | 💸예수금부족 | 최고신호 아이티엠반도체(084850) 2/3개 [MA골 / 호가1.5]
💰 예수금 49,166원 | KODEX200 RSI90/+4.9% 과열⚠️ | 매수기준 3개↑
📦 보유 아이티엠반도체(084850) 3주 -1.3%

코드      종목명           가격    RSI     변화율    거래량     BB   호가비  B/S
────────────────────────────────────────────────────────────────────────
[2단계 분석 대상: 084850, 105560, 259960, 012330, 068270, 078930]
⛔ 아우토크립트(137040) 호가 없음 (거래정지 의심)
035720  카카오       47,050    0.0    +0.0%    0.0x     중간  2.99  1/0
015760  한국전력      44,900    0.0    +0.0%    0.0x     중간  0.76  0/0
061250  화일약품       8,990    0.0    +0.0%    0.0x     중간  2.01  1/0
217820  원익피앤이      4,095    0.0    +0.0%    0.0x     중간  1.86  1/0
001510  SK증권       5,390    0.0    +0.0%    0.0x     중간  0.82  0/0
056080  유진로봇      27,050    0.0    +0.0%    0.0x     중간  2.30  1/0
084850  아이티엠반도체   17,100   48.3    +0.7%    0.2x     중간  1.45  2/0
⛔ 금양(001570) 호가 없음 (거래정지 의심)

══════════════════════════════════════════════════
→ 전종목 HOLD
✅ Discord 전송 완료

[13:40] HOLD | KODEX RSI90/+4.9%⚠️ | 보유:아이티엠(084850) -1.3% | 💸예수금부족 | 최고신호 아이티엠반도체(084850) 2/3개 [MA골 / 호가1.4]
🚨 [13:42:59] 에러 — 계좌 조회 실패
Server error '502 Bad Gateway' for url 'https://api.mieung.kr/kiwoom/account'
For more information check: https://developer.mozilla.org/en-US/docs/Web/HTTP/Status/502
✅ Discord 전송 완료
🚨 [13:43:00] 에러 — KODEX200 지표 조회 실패
Server error '502 Bad Gateway' for url 'https://api.mieung.kr/kiwoom/indicators/069500'
For more information check: https://developer.mozilla.org/en-US/docs/Web/HTTP/Status/502
✅ Discord 전송 완료
💰 예수금 0원 | KODEX200 RSI50/+0.0% 정상 | 매수기준 3개↑

코드      종목명           가격    RSI     변화율    거래량     BB   호가비  B/S
────────────────────────────────────────────────────────────────────────
[2단계 분석 대상: ]

══════════════════════════════════════════════════
→ 전종목 HOLD
✅ Discord 전송 완료

[13:43] HOLD | KODEX RSI50/+0.0% | 보유:없음 | 💸예수금부족
🚨 [13:44:57] 에러 — 계좌 조회 실패
Server error '502 Bad Gateway' for url 'https://api.mieung.kr/kiwoom/account'
For more information check: https://developer.mozilla.org/en-US/docs/Web/HTTP/Status/502
✅ Discord 전송 완료
🚨 [13:44:58] 에러 — KODEX200 지표 조회 실패
Server error '502 Bad Gateway' for url 'https://api.mieung.kr/kiwoom/indicators/069500'
For more information check: https://developer.mozilla.org/en-US/docs/Web/HTTP/Status/502
✅ Discord 전송 완료
💰 예수금 0원 | KODEX200 RSI50/+0.0% 정상 | 매수기준 3개↑

코드      종목명           가격    RSI     변화율    거래량     BB   호가비  B/S
────────────────────────────────────────────────────────────────────────
[2단계 분석 대상: 105560, 012330, 068270, 035720, 078930]
⛔ 아우토크립트(137040) 호가 없음 (거래정지 의심)
⛔ 금양(001570) 호가 없음 (거래정지 의심)

══════════════════════════════════════════════════
→ 전종목 HOLD
✅ Discord 전송 완료

[13:44] HOLD | KODEX RSI50/+0.0% | 보유:없음 | 💸예수금부족
💰 예수금 49,166원 | KODEX200 RSI90/+4.9% 과열⚠️ | 매수기준 3개↑
📦 보유 아이티엠반도체(084850) 3주 -1.3%

코드      종목명           가격    RSI     변화율    거래량     BB   호가비  B/S
────────────────────────────────────────────────────────────────────────
[2단계 분석 대상: 084850, 105560, 012330, 217820, 068270, 001510]
⛔ 아우토크립트(137040) 호가 없음 (거래정지 의심)
035720  카카오       47,050    0.0    +0.0%    0.0x     중간  3.01  1/0
015760  한국전력      44,950    0.0    +0.0%    0.0x     중간  0.75  0/0
061250  화일약품       8,990    0.0    +0.0%    0.0x     중간  2.10  1/0
217820  원익피앤이      4,085   76.5    +2.6%    1.9x     중간  4.65  3/0
001510  SK증권       5,330   87.0    +1.9%    3.8x     중간  3.15  3/0
056080  유진로봇      27,100    0.0    +0.0%    0.0x     중간  2.16  1/0
084850  아이티엠반도체   17,100   48.4    +0.7%    0.2x     중간  1.27  2/0
⛔ 금양(001570) 호가 없음 (거래정지 의심)

══════════════════════════════════════════════════
🟢 BUY 원익피앤이(217820) 조건3개 [거래량1.9x/MA골/호가4.7] 신뢰도0.75 ratio0.5
💰 예수금: 49,166원
📊 원익피앤이(217820) 매도1호가: 4,085원 | 매수1호가: 4,080원
📌 BUY 지정가: 4,080원 × 6주 = 24,480원
✅ 접수 | 매수 주문 접수: 원익피앤이 6주 (주문번호: 0690839)
✅ Discord 전송 완료

[13:46] 🟢BUY | KODEX RSI90/+4.9%⚠️ | 예수금 49,166원

🟢 원익피앤이(217820)  3/3  RSI76 +2.6% 1.9x  [거래량1.9x·MA골·호가4.7]
📦 아이티엠 -1.3%

🔹 SK증권  3/3  RSI87 +1.9%  [거래량3.8x·MA골·호가3.1]
🔶 아이티엠반  2/3  RSI48 +0.7%  [MA골·호가1.3]
🔹 카카오  1/3  RSI0 +0.0%  [호가3.0]
🔹 화일약품  1/3  RSI0 +0.0%  [호가2.1]
🔹 유진로봇  1/3  RSI0 +0.0%  [호가2.2]
💰 예수금 24,638원 | KODEX200 RSI90/+4.9% 과열⚠️ | 매수기준 3개↑
📦 보유 아이티엠반도체(084850) 3주 -1.3%
📦 보유 원익피앤이(217820) 6주 -0.2%

코드      종목명           가격    RSI     변화율    거래량     BB   호가비  B/S
────────────────────────────────────────────────────────────────────────
[2단계 분석 대상: 084850, 217820, 105560, 012330, 068270, 078930, 035720]
⛔ 아우토크립트(137040) 호가 없음 (거래정지 의심)
061250  화일약품       8,990    0.0    +0.0%    0.0x     중간  2.08  1/0
217820  원익피앤이      4,085   76.4    +2.5%    1.9x     중간  6.15  3/0
001510  SK증권       5,350    0.0    +0.0%    0.0x     중간  1.70  1/0
084850  아이티엠반도체   17,110   48.4    +0.7%    0.2x     중간  1.15  1/0
⛔ 금양(001570) 호가 없음 (거래정지 의심)

══════════════════════════════════════════════════
→ 전종목 HOLD
✅ Discord 전송 완료

[13:48] HOLD | KODEX RSI90/+4.9%⚠️ | 보유:아이티엠(084850) -1.3% 원익피앤(217820) -0.2% | 💸예수금부족 | 최고신호 원익피앤이(217820) 3/3개 [거래량1.9x / MA골 / 호가6.2]
💰 예수금 24,638원 | KODEX200 RSI90/+4.9% 과열⚠️ | 매수기준 3개↑
📦 보유 아이티엠반도체(084850) 3주 -1.3%
📦 보유 원익피앤이(217820) 6주 -0.3%

코드      종목명           가격    RSI     변화율    거래량     BB   호가비  B/S
────────────────────────────────────────────────────────────────────────
[2단계 분석 대상: 084850, 217820, 105560, 012330, 068270, 035720, 055550]
⛔ 아우토크립트(137040) 호가 없음 (거래정지 의심)
061250  화일약품       8,960    0.0    +0.0%    0.0x     중간  0.31  0/0
217820  원익피앤이      4,090   76.6    +2.9%    1.9x     중간  6.27  3/0
001510  SK증권       5,330    0.0    +0.0%    0.0x     중간  2.16  1/0
084850  아이티엠반도체   17,110   48.4    +0.7%    0.2x     중간  1.14  1/0
⛔ 금양(001570) 호가 없음 (거래정지 의심)

══════════════════════════════════════════════════
→ 전종목 HOLD
✅ Discord 전송 완료

[13:50] HOLD | KODEX RSI90/+4.9%⚠️ | 보유:아이티엠(084850) -1.3% 원익피앤(217820) -0.3% | 💸예수금부족 | 최고신호 원익피앤이(217820) 3/3개 [거래량1.9x / MA골 / 호가6.3]
💰 예수금 24,637원 | KODEX200 RSI90/+4.9% 과열⚠️ | 매수기준 3개↑
📦 보유 아이티엠반도체(084850) 3주 -1.2%
📦 보유 원익피앤이(217820) 6주 +0.0%

코드      종목명           가격    RSI     변화율    거래량     BB   호가비  B/S
────────────────────────────────────────────────────────────────────────
[2단계 분석 대상: 084850, 217820, 105560, 012330, 068270, 001510, 055550]
⛔ 아우토크립트(137040) 호가 없음 (거래정지 의심)
061250  화일약품       8,960    0.0    +0.0%    0.0x     중간  0.37  0/0
217820  원익피앤이      4,090   76.6    +2.9%    1.9x     중간  8.66  3/0
001510  SK증권       5,290   86.7    +1.0%    3.8x     중간  3.75  3/0
084850  아이티엠반도체   17,120   48.6    +0.8%    0.2x     중간  1.82  2/0
⛔ 금양(001570) 호가 없음 (거래정지 의심)

══════════════════════════════════════════════════
→ 전종목 HOLD
✅ Discord 전송 완료

[13:52] HOLD | KODEX RSI90/+4.9%⚠️ | 보유:아이티엠(084850) -1.2% 원익피앤(217820) +0.0% | 💸예수금부족 | 최고신호 원익피앤이(217820) 3/3개 [거래량1.9x / MA골 / 호가8.7]
💰 예수금 24,637원 | KODEX200 RSI90/+5.0% 과열⚠️ | 매수기준 3개↑
📦 보유 아이티엠반도체(084850) 3주 -1.2%
📦 보유 원익피앤이(217820) 6주 -0.1%

코드      종목명           가격    RSI     변화율    거래량     BB   호가비  B/S
────────────────────────────────────────────────────────────────────────
[2단계 분석 대상: 084850, 217820, 105560, 012330, 259960, 068270, 078930]
⛔ 아우토크립트(137040) 호가 없음 (거래정지 의심)
061250  화일약품       8,960    0.0    +0.0%    0.0x     중간  0.49  0/0
217820  원익피앤이      4,085   76.6    +2.8%    1.9x     중간  7.40  3/0
001510  SK증권       5,310    0.0    +0.0%    0.0x     중간  2.41  1/0
084850  아이티엠반도체   17,190   48.6    +0.8%    0.2x     중간  1.47  2/0
⛔ 금양(001570) 호가 없음 (거래정지 의심)

══════════════════════════════════════════════════
→ 전종목 HOLD
✅ Discord 전송 완료

[13:54] HOLD | KODEX RSI90/+5.0%⚠️ | 보유:아이티엠(084850) -1.2% 원익피앤(217820) -0.1% | 💸예수금부족 | 최고신호 원익피앤이(217820) 3/3개 [거래량1.9x / MA골 / 호가7.4]
💰 예수금 24,637원 | KODEX200 RSI90/+4.8% 과열⚠️ | 매수기준 3개↑
📦 보유 아이티엠반도체(084850) 3주 -1.2%
📦 보유 원익피앤이(217820) 6주 +0.8%

코드      종목명           가격    RSI     변화율    거래량     BB   호가비  B/S
────────────────────────────────────────────────────────────────────────
[2단계 분석 대상: 084850, 217820, 105560, 012330, 259960, 068270, 086790]
⛔ 아우토크립트(137040) 호가 없음 (거래정지 의심)
061250  화일약품       8,960    0.0    +0.0%    0.0x     중간  0.48  0/0
217820  원익피앤이      4,135   77.3    +4.0%    1.9x     중간  1.46  3/0
001510  SK증권       5,300    0.0    +0.0%    0.0x     중간  2.90  1/0
084850  아이티엠반도체   17,130   48.6    +0.8%    0.2x     중간  2.36  2/0
⛔ 금양(001570) 호가 없음 (거래정지 의심)

══════════════════════════════════════════════════
→ 전종목 HOLD
✅ Discord 전송 완료

[13:56] HOLD | KODEX RSI90/+4.8%⚠️ | 보유:아이티엠(084850) -1.2% 원익피앤(217820) +0.8% | 💸예수금부족 | 최고신호 원익피앤이(217820) 3/3개 [거래량1.9x / MA골 / 호가1.5]
💰 예수금 24,636원 | KODEX200 RSI90/+4.9% 과열⚠️ | 매수기준 3개↑
📦 보유 아이티엠반도체(084850) 3주 -1.1%
📦 보유 원익피앤이(217820) 6주 +2.1%

코드      종목명           가격    RSI     변화율    거래량     BB   호가비  B/S
────────────────────────────────────────────────────────────────────────
[2단계 분석 대상: 084850, 217820, 105560, 012330, 078930, 086790, 068270]
⛔ 아우토크립트(137040) 호가 없음 (거래정지 의심)
061250  화일약품       8,960    0.0    +0.0%    0.0x     중간  0.49  0/0
217820  원익피앤이      4,250   78.6    +6.7%    2.0x     중간  0.12  2/0
001510  SK증권       5,310    0.0    +0.0%    0.0x     중간  2.38  1/0
084850  아이티엠반도체   17,130   48.6    +0.9%    0.2x     중간  1.54  2/0
⛔ 금양(001570) 호가 없음 (거래정지 의심)

══════════════════════════════════════════════════
→ 전종목 HOLD
✅ Discord 전송 완료

[13:58] HOLD | KODEX RSI90/+4.9%⚠️ | 보유:아이티엠(084850) -1.1% 원익피앤(217820) +2.1% | 💸예수금부족 | 최고신호 원익피앤이(217820) 2/3개 [거래량2.0x / MA골]
💰 예수금 24,635원 | KODEX200 RSI90/+4.9% 과열⚠️ | 매수기준 3개↑
📦 보유 아이티엠반도체(084850) 3주 -1.1%
📦 보유 원익피앤이(217820) 6주 +4.6%

코드      종목명           가격    RSI     변화율    거래량     BB   호가비  B/S
────────────────────────────────────────────────────────────────────────
[2단계 분석 대상: 084850, 217820, 105560, 068270, 086790, 012330, 056080]
⛔ 아우토크립트(137040) 호가 없음 (거래정지 의심)
061250  화일약품       8,960    0.0    +0.0%    0.0x     중간  0.53  0/0
217820  원익피앤이      4,300   79.3    +8.2%    2.2x     중간  0.14  2/1
001510  SK증권       5,340    0.0    +0.0%    0.0x     중간  1.03  0/0
084850  아이티엠반도체   17,150   48.6    +0.9%    0.2x     중간  2.28  2/0
⛔ 금양(001570) 호가 없음 (거래정지 의심)

══════════════════════════════════════════════════
→ 전종목 HOLD
✅ Discord 전송 완료

[14:00] HOLD | KODEX RSI90/+4.9%⚠️ | 보유:아이티엠(084850) -1.1% 원익피앤(217820) +4.6% | 💸예수금부족 | 최고신호 원익피앤이(217820) 2/3개 [거래량2.2x / MA골]
💰 예수금 24,635원 | KODEX200 RSI90/+4.8% 과열⚠️ | 매수기준 3개↑
📦 보유 아이티엠반도체(084850) 3주 -0.9%
📦 보유 원익피앤이(217820) 6주 +4.8%

코드      종목명           가격    RSI     변화율    거래량     BB   호가비  B/S
────────────────────────────────────────────────────────────────────────
[2단계 분석 대상: 084850, 217820, 105560, 068270, 012330, 056080, 035720]
⛔ 아우토크립트(137040) 호가 없음 (거래정지 의심)
061250  화일약품       8,960    0.0    +0.0%    0.0x     중간  0.64  0/0
217820  원익피앤이      4,295   79.2    +7.8%    2.2x     중간  0.27  2/1
001510  SK증권       5,330    0.0    +0.0%    0.0x     중간  1.32  1/0
084850  아이티엠반도체   17,180   48.9    +1.1%    0.2x     중간  1.47  2/0
⛔ 금양(001570) 호가 없음 (거래정지 의심)

══════════════════════════════════════════════════
→ 전종목 HOLD
✅ Discord 전송 완료

[14:02] HOLD | KODEX RSI90/+4.8%⚠️ | 보유:아이티엠(084850) -0.9% 원익피앤(217820) +4.8% | 💸예수금부족 | 최고신호 원익피앤이(217820) 2/3개 [거래량2.2x / MA골]
💰 예수금 24,635원 | KODEX200 RSI90/+4.7% 과열⚠️ | 매수기준 3개↑
📦 보유 아이티엠반도체(084850) 3주 -1.0%
📦 보유 원익피앤이(217820) 6주 +5.1%

코드      종목명           가격    RSI     변화율    거래량     BB   호가비  B/S
────────────────────────────────────────────────────────────────────────
[2단계 분석 대상: 084850, 217820, 105560, 086790, 056080, 012330, 078930]
⛔ 아우토크립트(137040) 호가 없음 (거래정지 의심)
061250  화일약품       8,960    0.0    +0.0%    0.0x     중간  0.68  0/0
217820  원익피앤이      4,290   79.3    +8.1%    2.3x     중간  0.19  2/1
001510  SK증권       5,310    0.0    +0.0%    0.0x     중간  2.06  1/0
084850  아이티엠반도체   17,160   48.8    +1.0%    0.2x     중간  2.38  2/0
⛔ 금양(001570) 호가 없음 (거래정지 의심)

══════════════════════════════════════════════════
→ 전종목 HOLD
✅ Discord 전송 완료

[14:04] HOLD | KODEX RSI90/+4.7%⚠️ | 보유:아이티엠(084850) -1.0% 원익피앤(217820) +5.1% | 💸예수금부족 | 최고신호 원익피앤이(217820) 2/3개 [거래량2.3x / MA골]
💰 예수금 24,635원 | KODEX200 RSI90/+4.8% 과열⚠️ | 매수기준 3개↑
📦 보유 아이티엠반도체(084850) 3주 -1.0%
📦 보유 원익피앤이(217820) 6주 +4.8%

코드      종목명           가격    RSI     변화율    거래량     BB   호가비  B/S
────────────────────────────────────────────────────────────────────────
[2단계 분석 대상: 084850, 217820, 105560, 078930, 012330, 035720, 056080]
⛔ 아우토크립트(137040) 호가 없음 (거래정지 의심)
061250  화일약품       8,960    0.0    +0.0%    0.0x     중간  0.77  0/0
217820  원익피앤이      4,280   79.1    +7.7%    2.3x     중간  0.09  2/1
001510  SK증권       5,300    0.0    +0.0%    0.0x     중간  2.88  1/0
084850  아이티엠반도체   17,160   48.8    +1.0%    0.2x     중간  2.20  2/0
⛔ 금양(001570) 호가 없음 (거래정지 의심)

══════════════════════════════════════════════════
→ 전종목 HOLD
✅ Discord 전송 완료

[14:06] HOLD | KODEX RSI90/+4.8%⚠️ | 보유:아이티엠(084850) -1.0% 원익피앤(217820) +4.8% | 💸예수금부족 | 최고신호 원익피앤이(217820) 2/3개 [거래량2.3x / MA골]
💰 예수금 24,634원 | KODEX200 RSI90/+5.0% 과열⚠️ | 매수기준 3개↑
📦 보유 아이티엠반도체(084850) 3주 -0.9%
📦 보유 원익피앤이(217820) 6주 +4.6%

코드      종목명           가격    RSI     변화율    거래량     BB   호가비  B/S
────────────────────────────────────────────────────────────────────────
[2단계 분석 대상: 084850, 217820, 105560, 068270, 078930, 012330, 035720]
⛔ 아우토크립트(137040) 호가 없음 (거래정지 의심)
061250  화일약품       8,960    0.0    +0.0%    0.0x     중간  0.83  0/0
217820  원익피앤이      4,285   78.9    +7.3%    2.3x     중간  0.10  2/1
001510  SK증권       5,300    0.0    +0.0%    0.0x     중간  2.94  1/0
084850  아이티엠반도체   17,190   49.1    +1.2%    0.2x     중간  0.71  1/0
⛔ 금양(001570) 호가 없음 (거래정지 의심)

══════════════════════════════════════════════════
→ 전종목 HOLD
✅ Discord 전송 완료

[14:08] HOLD | KODEX RSI90/+5.0%⚠️ | 보유:아이티엠(084850) -0.9% 원익피앤(217820) +4.6% | 💸예수금부족 | 최고신호 원익피앤이(217820) 2/3개 [거래량2.3x / MA골]
💰 예수금 24,634원 | KODEX200 RSI90/+5.0% 과열⚠️ | 매수기준 3개↑
📦 보유 아이티엠반도체(084850) 3주 -0.9%
📦 보유 원익피앤이(217820) 6주 +4.8%

코드      종목명           가격    RSI     변화율    거래량     BB   호가비  B/S
────────────────────────────────────────────────────────────────────────
[2단계 분석 대상: 084850, 217820, 105560, 078930, 068270, 056080, 012330]
⛔ 아우토크립트(137040) 호가 없음 (거래정지 의심)
061250  화일약품       8,960    0.0    +0.0%    0.0x     중간  0.83  0/0
217820  원익피앤이      4,270   79.0    +7.4%    2.3x     중간  0.08  2/1
001510  SK증권       5,300    0.0    +0.0%    0.0x     중간  2.98  1/0
084850  아이티엠반도체   17,180   49.0    +1.2%    0.2x     중간  1.01  1/0
⛔ 금양(001570) 호가 없음 (거래정지 의심)

══════════════════════════════════════════════════
→ 전종목 HOLD
✅ Discord 전송 완료

[14:10] HOLD | KODEX RSI90/+5.0%⚠️ | 보유:아이티엠(084850) -0.9% 원익피앤(217820) +4.8% | 💸예수금부족 | 최고신호 원익피앤이(217820) 2/3개 [거래량2.3x / MA골]
💰 예수금 24,634원 | KODEX200 RSI90/+5.0% 과열⚠️ | 매수기준 3개↑
📦 보유 아이티엠반도체(084850) 3주 -0.8%
📦 보유 원익피앤이(217820) 6주 +4.1%

코드      종목명           가격    RSI     변화율    거래량     BB   호가비  B/S
────────────────────────────────────────────────────────────────────────
[2단계 분석 대상: 084850, 217820, 105560, 068270, 056080, 078930, 012330]
⛔ 아우토크립트(137040) 호가 없음 (거래정지 의심)
061250  화일약품       8,960    0.0    +0.0%    0.0x     중간  0.97  0/0
217820  원익피앤이      4,255   78.8    +6.9%    2.3x     중간  0.16  2/0
001510  SK증권       5,290    0.0    +0.0%    0.0x     중간  2.47  1/0
084850  아이티엠반도체   17,190   49.0    +1.2%    0.2x     중간  0.65  1/0
⛔ 금양(001570) 호가 없음 (거래정지 의심)

══════════════════════════════════════════════════
→ 전종목 HOLD
✅ Discord 전송 완료

[14:12] HOLD | KODEX RSI90/+5.0%⚠️ | 보유:아이티엠(084850) -0.8% 원익피앤(217820) +4.1% | 💸예수금부족 | 최고신호 원익피앤이(217820) 2/3개 [거래량2.3x / MA골]
💰 예수금 24,635원 | KODEX200 RSI90/+4.9% 과열⚠️ | 매수기준 3개↑
📦 보유 아이티엠반도체(084850) 3주 -0.8%
📦 보유 원익피앤이(217820) 6주 +3.8%

코드      종목명           가격    RSI     변화율    거래량     BB   호가비  B/S
────────────────────────────────────────────────────────────────────────
[2단계 분석 대상: 084850, 217820, 105560, 056080, 068270, 012330, 078930]
⛔ 아우토크립트(137040) 호가 없음 (거래정지 의심)
061250  화일약품       8,960    0.0    +0.0%    0.0x     중간  0.99  0/0
217820  원익피앤이      4,260   78.7    +6.8%    2.3x     중간  0.26  2/0
001510  SK증권       5,250    0.0    +0.0%    0.0x     중간  3.22  1/0
084850  아이티엠반도체   17,190   49.1    +1.2%    0.2x     중간  0.35  1/0
⛔ 금양(001570) 호가 없음 (거래정지 의심)

══════════════════════════════════════════════════
→ 전종목 HOLD
✅ Discord 전송 완료

[14:14] HOLD | KODEX RSI90/+4.9%⚠️ | 보유:아이티엠(084850) -0.8% 원익피앤(217820) +3.8% | 💸예수금부족 | 최고신호 원익피앤이(217820) 2/3개 [거래량2.3x / MA골]
💰 예수금 24,634원 | KODEX200 RSI90/+5.0% 과열⚠️ | 매수기준 3개↑
📦 보유 아이티엠반도체(084850) 3주 -0.8%
📦 보유 원익피앤이(217820) 6주 +4.5%

코드      종목명           가격    RSI     변화율    거래량     BB   호가비  B/S
────────────────────────────────────────────────────────────────────────
[2단계 분석 대상: 084850, 217820, 105560, 056080, 068270, 078930, 012330]
⛔ 아우토크립트(137040) 호가 없음 (거래정지 의심)
061250  화일약품       8,960    0.0    +0.0%    0.0x     중간  1.04  0/0
217820  원익피앤이      4,270   78.9    +7.3%    2.3x     중간  0.19  2/1
001510  SK증권       5,270    0.0    +0.0%    0.0x     중간  2.38  1/0
084850  아이티엠반도체   17,190   49.1    +1.2%    0.2x     중간  0.42  1/0
⛔ 금양(001570) 호가 없음 (거래정지 의심)

══════════════════════════════════════════════════
→ 전종목 HOLD
✅ Discord 전송 완료

[14:16] HOLD | KODEX RSI90/+5.0%⚠️ | 보유:아이티엠(084850) -0.8% 원익피앤(217820) +4.5% | 💸예수금부족 | 최고신호 원익피앤이(217820) 2/3개 [거래량2.3x / MA골]
💰 예수금 24,634원 | KODEX200 RSI90/+5.0% 과열⚠️ | 매수기준 3개↑
📦 보유 아이티엠반도체(084850) 3주 -0.8%
📦 보유 원익피앤이(217820) 6주 +4.3%

코드      종목명           가격    RSI     변화율    거래량     BB   호가비  B/S
────────────────────────────────────────────────────────────────────────
[2단계 분석 대상: 084850, 217820, 105560, 078930, 068270, 056080, 012330]
⛔ 아우토크립트(137040) 호가 없음 (거래정지 의심)
061250  화일약품       8,960    0.0    +0.0%    0.0x     중간  1.01  0/0
217820  원익피앤이      4,275   78.9    +7.3%    2.4x     중간  0.14  2/1
001510  SK증권       5,270    0.0    +0.0%    0.0x     중간  2.38  1/0
084850  아이티엠반도체   17,190   49.1    +1.2%    0.2x     중간  0.39  1/0
⛔ 금양(001570) 호가 없음 (거래정지 의심)

══════════════════════════════════════════════════
→ 전종목 HOLD
✅ Discord 전송 완료

[14:18] HOLD | KODEX RSI90/+5.0%⚠️ | 보유:아이티엠(084850) -0.8% 원익피앤(217820) +4.3% | 💸예수금부족 | 최고신호 원익피앤이(217820) 2/3개 [거래량2.4x / MA골]
💰 예수금 24,634원 | KODEX200 RSI90/+5.1% 과열⚠️ | 매수기준 3개↑
📦 보유 아이티엠반도체(084850) 3주 -0.8%
📦 보유 원익피앤이(217820) 6주 +4.7%

코드      종목명           가격    RSI     변화율    거래량     BB   호가비  B/S
────────────────────────────────────────────────────────────────────────
[2단계 분석 대상: 084850, 217820, 105560, 056080, 068270, 078930, 035720]
⛔ 아우토크립트(137040) 호가 없음 (거래정지 의심)
061250  화일약품       8,960    0.0    +0.0%    0.0x     중간  1.02  0/0
217820  원익피앤이      4,265   78.8    +6.9%    2.4x     중간  0.15  2/0
001510  SK증권       5,230    0.0    +0.0%    0.0x     중간  3.12  1/0
084850  아이티엠반도체   17,190   49.1    +1.2%    0.2x     중간  0.38  1/0
⛔ 금양(001570) 호가 없음 (거래정지 의심)

══════════════════════════════════════════════════
→ 전종목 HOLD
✅ Discord 전송 완료

[14:20] HOLD | KODEX RSI90/+5.1%⚠️ | 보유:아이티엠(084850) -0.8% 원익피앤(217820) +4.7% | 💸예수금부족 | 최고신호 원익피앤이(217820) 2/3개 [거래량2.4x / MA골]
💰 예수금 24,634원 | KODEX200 RSI90/+5.1% 과열⚠️ | 매수기준 3개↑
📦 보유 아이티엠반도체(084850) 3주 -0.8%
📦 보유 원익피앤이(217820) 6주 +4.0%

코드      종목명           가격    RSI     변화율    거래량     BB   호가비  B/S
────────────────────────────────────────────────────────────────────────
[2단계 분석 대상: 084850, 217820, 105560, 068270, 056080, 012330, 000270]
⛔ 아우토크립트(137040) 호가 없음 (거래정지 의심)
061250  화일약품       8,960    0.0    +0.0%    0.0x     중간  0.97  0/0
217820  원익피앤이      4,265   78.8    +7.0%    2.4x     중간  0.11  2/1
001510  SK증권       5,260    0.0    +0.0%    0.0x     중간  1.55  1/0
084850  아이티엠반도체   17,180   49.0    +1.2%    0.2x     중간  0.86  1/0
⛔ 금양(001570) 호가 없음 (거래정지 의심)

══════════════════════════════════════════════════
→ 전종목 HOLD
✅ Discord 전송 완료

[14:22] HOLD | KODEX RSI90/+5.1%⚠️ | 보유:아이티엠(084850) -0.8% 원익피앤(217820) +4.0% | 💸예수금부족 | 최고신호 원익피앤이(217820) 2/3개 [거래량2.4x / MA골]
💰 예수금 24,634원 | KODEX200 RSI90/+5.1% 과열⚠️ | 매수기준 3개↑
📦 보유 아이티엠반도체(084850) 3주 -0.8%
📦 보유 원익피앤이(217820) 6주 +4.1%

코드      종목명           가격    RSI     변화율    거래량     BB   호가비  B/S
────────────────────────────────────────────────────────────────────────
[2단계 분석 대상: 084850, 217820, 105560, 056080, 068270, 012330, 035720]
⛔ 아우토크립트(137040) 호가 없음 (거래정지 의심)
061250  화일약품       8,960    0.0    +0.0%    0.0x     중간  0.98  0/0
217820  원익피앤이      4,260   78.8    +7.0%    2.4x     중간  0.13  2/1
001510  SK증권       5,270    0.0    +0.0%    0.0x     중간  1.02  0/0
084850  아이티엠반도체   17,180   49.0    +1.2%    0.2x     중간  1.09  1/0
⛔ 금양(001570) 호가 없음 (거래정지 의심)

══════════════════════════════════════════════════
→ 전종목 HOLD
✅ Discord 전송 완료

[14:24] HOLD | KODEX RSI90/+5.1%⚠️ | 보유:아이티엠(084850) -0.8% 원익피앤(217820) +4.1% | 💸예수금부족 | 최고신호 원익피앤이(217820) 2/3개 [거래량2.4x / MA골]
💰 예수금 24,635원 | KODEX200 RSI90/+5.0% 과열⚠️ | 매수기준 3개↑
📦 보유 아이티엠반도체(084850) 3주 -0.9%
📦 보유 원익피앤이(217820) 6주 +4.1%

코드      종목명           가격    RSI     변화율    거래량     BB   호가비  B/S
────────────────────────────────────────────────────────────────────────
[2단계 분석 대상: 084850, 217820, 105560, 068270, 056080, 012330, 035720]
⛔ 아우토크립트(137040) 호가 없음 (거래정지 의심)
061250  화일약품       8,960    0.0    +0.0%    0.0x     중간  0.94  0/0
217820  원익피앤이      4,255   78.8    +6.9%    2.4x     중간  0.25  2/0
001510  SK증권       5,270    0.0    +0.0%    0.0x     중간  1.12  0/0
084850  아이티엠반도체   17,170   48.8    +1.0%    0.2x     중간  1.24  2/0
⛔ 금양(001570) 호가 없음 (거래정지 의심)

══════════════════════════════════════════════════
→ 전종목 HOLD
✅ Discord 전송 완료

[14:26] HOLD | KODEX RSI90/+5.0%⚠️ | 보유:아이티엠(084850) -0.9% 원익피앤(217820) +4.1% | 💸예수금부족 | 최고신호 원익피앤이(217820) 2/3개 [거래량2.4x / MA골]
💰 예수금 24,635원 | KODEX200 RSI90/+5.0% 과열⚠️ | 매수기준 3개↑
📦 보유 아이티엠반도체(084850) 3주 -1.0%
📦 보유 원익피앤이(217820) 6주 +4.0%

코드      종목명           가격    RSI     변화율    거래량     BB   호가비  B/S
────────────────────────────────────────────────────────────────────────
[2단계 분석 대상: 084850, 217820, 105560, 012330, 068270, 056080, 035720]
⛔ 아우토크립트(137040) 호가 없음 (거래정지 의심)
061250  화일약품       8,950    0.0    +0.0%    0.0x     중간  0.98  0/0
217820  원익피앤이      4,245   78.7    +6.8%    2.4x     중간  0.97  2/0
001510  SK증권       5,240    0.0    +0.0%    0.0x     중간  2.68  1/0
084850  아이티엠반도체   17,170   48.8    +1.0%    0.2x     중간  1.44  2/0
⛔ 금양(001570) 호가 없음 (거래정지 의심)

══════════════════════════════════════════════════
→ 전종목 HOLD
✅ Discord 전송 완료

[14:28] HOLD | KODEX RSI90/+5.0%⚠️ | 보유:아이티엠(084850) -1.0% 원익피앤(217820) +4.0% | 💸예수금부족 | 최고신호 원익피앤이(217820) 2/3개 [거래량2.4x / MA골]
💰 예수금 24,636원 | KODEX200 RSI90/+5.0% 과열⚠️ | 매수기준 3개↑
📦 보유 아이티엠반도체(084850) 3주 -1.0%
📦 보유 원익피앤이(217820) 6주 +3.6%

코드      종목명           가격    RSI     변화율    거래량     BB   호가비  B/S
────────────────────────────────────────────────────────────────────────
[2단계 분석 대상: 084850, 217820, 105560, 012330, 068270, 056080, 035720]
⛔ 아우토크립트(137040) 호가 없음 (거래정지 의심)
061250  화일약품       8,960    0.0    +0.0%    0.0x     중간  1.09  0/0
217820  원익피앤이      4,235   78.5    +6.3%    2.4x     중간  1.28  3/0
001510  SK증권       5,250    0.0    +0.0%    0.0x     중간  2.65  1/0
084850  아이티엠반도체   17,170   48.9    +1.1%    0.2x     중간  1.59  2/0
⛔ 금양(001570) 호가 없음 (거래정지 의심)

══════════════════════════════════════════════════
→ 전종목 HOLD
✅ Discord 전송 완료

[14:30] HOLD | KODEX RSI90/+5.0%⚠️ | 보유:아이티엠(084850) -1.0% 원익피앤(217820) +3.6% | 💸예수금부족 | 최고신호 원익피앤이(217820) 3/3개 [거래량2.4x / MA골 / 호가1.3]
💰 예수금 24,635원 | KODEX200 RSI90/+5.1% 과열⚠️ | 매수기준 3개↑
📦 보유 아이티엠반도체(084850) 3주 -0.8%
📦 보유 원익피앤이(217820) 6주 +3.4%

코드      종목명           가격    RSI     변화율    거래량     BB   호가비  B/S
────────────────────────────────────────────────────────────────────────
[2단계 분석 대상: 084850, 217820, 012330, 078930, 105560, 056080, 000270]
⛔ 아우토크립트(137040) 호가 없음 (거래정지 의심)
061250  화일약품       8,960    0.0    +0.0%    0.0x     중간  1.08  0/0
217820  원익피앤이      4,235   78.6    +6.5%    2.4x     중간  1.69  3/0
001510  SK증권       5,250    0.0    +0.0%    0.0x     중간  2.30  1/0
084850  아이티엠반도체   17,190   49.1    +1.2%    0.2x     중간  0.46  1/0
⛔ 금양(001570) 호가 없음 (거래정지 의심)

══════════════════════════════════════════════════
→ 전종목 HOLD
✅ Discord 전송 완료

[14:32] HOLD | KODEX RSI90/+5.1%⚠️ | 보유:아이티엠(084850) -0.8% 원익피앤(217820) +3.4% | 💸예수금부족 | 최고신호 원익피앤이(217820) 3/3개 [거래량2.4x / MA골 / 호가1.7]
💰 예수금 24,635원 | KODEX200 RSI90/+5.0% 과열⚠️ | 매수기준 3개↑
📦 보유 아이티엠반도체(084850) 3주 -0.8%
📦 보유 원익피앤이(217820) 6주 +3.6%

코드      종목명           가격    RSI     변화율    거래량     BB   호가비  B/S
────────────────────────────────────────────────────────────────────────
[2단계 분석 대상: 084850, 217820, 012330, 000270, 078930, 068270, 105560]
⛔ 아우토크립트(137040) 호가 없음 (거래정지 의심)
061250  화일약품       8,960    0.0    +0.0%    0.0x     중간  1.13  0/0
217820  원익피앤이      4,235   78.6    +6.5%    2.4x     중간  1.03  2/0
001510  SK증권       5,260    0.0    +0.0%    0.0x     중간  1.79  1/0
084850  아이티엠반도체   17,180   49.0    +1.2%    0.2x     중간  3.19  2/0
⛔ 금양(001570) 호가 없음 (거래정지 의심)

══════════════════════════════════════════════════
→ 전종목 HOLD
✅ Discord 전송 완료

[14:34] HOLD | KODEX RSI90/+5.0%⚠️ | 보유:아이티엠(084850) -0.8% 원익피앤(217820) +3.6% | 💸예수금부족 | 최고신호 원익피앤이(217820) 2/3개 [거래량2.4x / MA골]
💰 예수금 24,635원 | KODEX200 RSI90/+5.0% 과열⚠️ | 매수기준 3개↑
📦 보유 아이티엠반도체(084850) 3주 -0.8%
📦 보유 원익피앤이(217820) 6주 +3.5%

코드      종목명           가격    RSI     변화율    거래량     BB   호가비  B/S
────────────────────────────────────────────────────────────────────────
[2단계 분석 대상: 084850, 217820, 012330, 000270, 078930, 068270, 105560]
⛔ 아우토크립트(137040) 호가 없음 (거래정지 의심)
061250  화일약품       8,960    0.0    +0.0%    0.0x     중간  1.32  1/0
217820  원익피앤이      4,235   78.5    +6.4%    2.4x     중간  1.04  2/0
001510  SK증권       5,250    0.0    +0.0%    0.0x     중간  2.25  1/0
084850  아이티엠반도체   17,190   49.0    +1.2%    0.2x     중간  1.31  2/0
⛔ 금양(001570) 호가 없음 (거래정지 의심)

══════════════════════════════════════════════════
→ 전종목 HOLD
✅ Discord 전송 완료

[14:36] HOLD | KODEX RSI90/+5.0%⚠️ | 보유:아이티엠(084850) -0.8% 원익피앤(217820) +3.5% | 💸예수금부족 | 최고신호 원익피앤이(217820) 2/3개 [거래량2.4x / MA골]
💰 예수금 24,635원 | KODEX200 RSI90/+5.0% 과열⚠️ | 매수기준 3개↑
📦 보유 아이티엠반도체(084850) 3주 -0.8%
📦 보유 원익피앤이(217820) 6주 +3.4%

코드      종목명           가격    RSI     변화율    거래량     BB   호가비  B/S
────────────────────────────────────────────────────────────────────────
[2단계 분석 대상: 084850, 217820, 012330, 078930, 000270, 066970, 105560]
⛔ 아우토크립트(137040) 호가 없음 (거래정지 의심)
061250  화일약품       9,020    0.0    +0.0%    0.0x     중간  1.88  1/0
217820  원익피앤이      4,235   78.6    +6.5%    2.4x     중간  1.35  3/0
001510  SK증권       5,250    0.0    +0.0%    0.0x     중간  1.84  1/0
084850  아이티엠반도체   17,180   48.8    +1.0%    0.2x     중간  1.43  2/0
⛔ 금양(001570) 호가 없음 (거래정지 의심)

══════════════════════════════════════════════════
→ 전종목 HOLD
✅ Discord 전송 완료

[14:38] HOLD | KODEX RSI90/+5.0%⚠️ | 보유:아이티엠(084850) -0.8% 원익피앤(217820) +3.4% | 💸예수금부족 | 최고신호 원익피앤이(217820) 3/3개 [거래량2.4x / MA골 / 호가1.4]
💰 예수금 24,636원 | KODEX200 RSI90/+5.1% 과열⚠️ | 매수기준 3개↑
📦 보유 아이티엠반도체(084850) 3주 -0.9%
📦 보유 원익피앤이(217820) 6주 +3.4%

코드      종목명           가격    RSI     변화율    거래량     BB   호가비  B/S
────────────────────────────────────────────────────────────────────────
[2단계 분석 대상: 084850, 217820, 012330, 078930, 000270, 105560, 056080]
⛔ 아우토크립트(137040) 호가 없음 (거래정지 의심)
061250  화일약품       9,020    0.0    +0.0%    0.0x     중간  1.87  1/0
217820  원익피앤이      4,230   78.5    +6.3%    2.4x     중간  0.97  2/0
001510  SK증권       5,250    0.0    +0.0%    0.0x     중간  1.78  1/0
084850  아이티엠반도체   17,160   48.8    +1.0%    0.2x     중간  1.49  2/0
⛔ 금양(001570) 호가 없음 (거래정지 의심)

══════════════════════════════════════════════════
→ 전종목 HOLD
✅ Discord 전송 완료

[14:40] HOLD | KODEX RSI90/+5.1%⚠️ | 보유:아이티엠(084850) -0.9% 원익피앤(217820) +3.4% | 💸예수금부족 | 최고신호 원익피앤이(217820) 2/3개 [거래량2.4x / MA골]
💰 예수금 24,636원 | KODEX200 RSI90/+5.0% 과열⚠️ | 매수기준 3개↑
📦 보유 아이티엠반도체(084850) 3주 -1.0%
📦 보유 원익피앤이(217820) 6주 +3.4%

코드      종목명           가격    RSI     변화율    거래량     BB   호가비  B/S
────────────────────────────────────────────────────────────────────────
[2단계 분석 대상: 084850, 217820, 105560, 012330, 078930, 056080, 068270]
⛔ 아우토크립트(137040) 호가 없음 (거래정지 의심)
061250  화일약품       9,010    0.0    +0.0%    0.0x     중간  1.81  1/0
217820  원익피앤이      4,225   78.5    +6.3%    2.4x     중간  0.94  2/0
001510  SK증권       5,240    0.0    +0.0%    0.0x     중간  1.61  1/0
084850  아이티엠반도체   17,160   48.9    +1.1%    0.2x     중간  1.65  2/0
⛔ 금양(001570) 호가 없음 (거래정지 의심)

══════════════════════════════════════════════════
→ 전종목 HOLD
✅ Discord 전송 완료

[14:42] HOLD | KODEX RSI90/+5.0%⚠️ | 보유:아이티엠(084850) -1.0% 원익피앤(217820) +3.4% | 💸예수금부족 | 최고신호 원익피앤이(217820) 2/3개 [거래량2.4x / MA골]
💰 예수금 24,636원 | KODEX200 RSI90/+5.1% 과열⚠️ | 매수기준 3개↑
📦 보유 아이티엠반도체(084850) 3주 -0.9%
📦 보유 원익피앤이(217820) 6주 +3.2%

코드      종목명           가격    RSI     변화율    거래량     BB   호가비  B/S
────────────────────────────────────────────────────────────────────────
[2단계 분석 대상: 084850, 217820, 105560, 078930, 012330, 056080, 068270]
⛔ 아우토크립트(137040) 호가 없음 (거래정지 의심)
061250  화일약품       8,980    0.0    +0.0%    0.0x     중간  2.26  1/0
217820  원익피앤이      4,225   78.4    +6.2%    2.4x     중간  0.92  2/0
001510  SK증권       5,230    0.0    +0.0%    0.0x     중간  1.73  1/0
084850  아이티엠반도체   17,160   48.8    +1.0%    0.2x     중간  1.86  2/0
⛔ 금양(001570) 호가 없음 (거래정지 의심)

══════════════════════════════════════════════════
→ 전종목 HOLD
✅ Discord 전송 완료

[14:44] HOLD | KODEX RSI90/+5.1%⚠️ | 보유:아이티엠(084850) -0.9% 원익피앤(217820) +3.2% | 💸예수금부족 | 최고신호 원익피앤이(217820) 2/3개 [거래량2.4x / MA골]
💰 예수금 24,636원 | KODEX200 RSI90/+5.1% 과열⚠️ | 매수기준 3개↑
📦 보유 아이티엠반도체(084850) 3주 -1.0%
📦 보유 원익피앤이(217820) 6주 +3.2%

코드      종목명           가격    RSI     변화율    거래량     BB   호가비  B/S
────────────────────────────────────────────────────────────────────────
[2단계 분석 대상: 084850, 217820, 078930, 012330, 105560, 056080, 068270]
⛔ 아우토크립트(137040) 호가 없음 (거래정지 의심)
061250  화일약품       8,990    0.0    +0.0%    0.0x     중간  2.27  1/0
217820  원익피앤이      4,220   78.4    +6.2%    2.4x     중간  0.83  2/0
001510  SK증권       5,200    0.0    +0.0%    0.0x     중간  2.50  1/0
084850  아이티엠반도체   17,160   48.8    +1.0%    0.2x     중간  1.68  2/0
⛔ 금양(001570) 호가 없음 (거래정지 의심)

══════════════════════════════════════════════════
→ 전종목 HOLD
✅ Discord 전송 완료

[14:46] HOLD | KODEX RSI90/+5.1%⚠️ | 보유:아이티엠(084850) -1.0% 원익피앤(217820) +3.2% | 💸예수금부족 | 최고신호 원익피앤이(217820) 2/3개 [거래량2.4x / MA골]
💰 예수금 24,636원 | KODEX200 RSI90/+5.1% 과열⚠️ | 매수기준 3개↑
📦 보유 아이티엠반도체(084850) 3주 -0.9%
📦 보유 원익피앤이(217820) 6주 +3.4%

코드      종목명           가격    RSI     변화율    거래량     BB   호가비  B/S
────────────────────────────────────────────────────────────────────────
[2단계 분석 대상: 084850, 217820, 012330, 078930, 056080, 066970, 068270]
⛔ 아우토크립트(137040) 호가 없음 (거래정지 의심)
061250  화일약품       9,050    0.0    +0.0%    0.0x     중간  1.81  1/0
217820  원익피앤이      4,225   78.4    +6.2%    2.4x     중간  1.04  2/0
001510  SK증권       5,180    0.0    +0.0%    0.0x     중간  2.64  1/0
084850  아이티엠반도체   17,170   48.9    +1.1%    0.2x     중간  1.70  2/0
⛔ 금양(001570) 호가 없음 (거래정지 의심)

══════════════════════════════════════════════════
→ 전종목 HOLD
✅ Discord 전송 완료

[14:48] HOLD | KODEX RSI90/+5.1%⚠️ | 보유:아이티엠(084850) -0.9% 원익피앤(217820) +3.4% | 💸예수금부족 | 최고신호 원익피앤이(217820) 2/3개 [거래량2.4x / MA골]
💰 예수금 24,635원 | KODEX200 RSI90/+5.1% 과열⚠️ | 매수기준 3개↑
📦 보유 아이티엠반도체(084850) 3주 -0.9%
📦 보유 원익피앤이(217820) 6주 +3.2%

코드      종목명           가격    RSI     변화율    거래량     BB   호가비  B/S
────────────────────────────────────────────────────────────────────────
[2단계 분석 대상: 084850, 217820, 012330, 105560, 056080, 078930, 035420]
⛔ 아우토크립트(137040) 호가 없음 (거래정지 의심)
061250  화일약품       9,050    0.0    +0.0%    0.0x     중간  1.79  1/0
217820  원익피앤이      4,225   78.4    +6.2%    2.4x     중간  0.98  2/0
001510  SK증권       5,180    0.0    +0.0%    0.0x     중간  2.35  1/0
084850  아이티엠반도체   17,190   49.2    +1.3%    0.2x     중간  0.39  1/0
⛔ 금양(001570) 호가 없음 (거래정지 의심)

══════════════════════════════════════════════════
→ 전종목 HOLD
✅ Discord 전송 완료

[14:50] HOLD | KODEX RSI90/+5.1%⚠️ | 보유:아이티엠(084850) -0.9% 원익피앤(217820) +3.2% | 💸예수금부족 | 최고신호 원익피앤이(217820) 2/3개 [거래량2.4x / MA골]
💰 예수금 24,635원 | KODEX200 RSI90/+5.0% 과열⚠️ | 매수기준 3개↑
📦 보유 아이티엠반도체(084850) 3주 -0.8%
📦 보유 원익피앤이(217820) 6주 +3.2%

코드      종목명           가격    RSI     변화율    거래량     BB   호가비  B/S
────────────────────────────────────────────────────────────────────────
[2단계 분석 대상: 084850, 217820, 012330, 105560, 068270, 056080, 066970]
⛔ 아우토크립트(137040) 호가 없음 (거래정지 의심)
061250  화일약품       9,040    0.0    +0.0%    0.0x     중간  1.73  1/0
217820  원익피앤이      4,225   78.4    +6.2%    2.4x     중간  1.00  2/0
001510  SK증권       5,190    0.0    +0.0%    0.0x     중간  2.75  1/0
084850  아이티엠반도체   17,210   49.2    +1.3%    0.2x     중간  0.46  1/0
⛔ 금양(001570) 호가 없음 (거래정지 의심)

══════════════════════════════════════════════════
→ 전종목 HOLD
✅ Discord 전송 완료

[14:52] HOLD | KODEX RSI90/+5.0%⚠️ | 보유:아이티엠(084850) -0.8% 원익피앤(217820) +3.2% | 💸예수금부족 | 최고신호 원익피앤이(217820) 2/3개 [거래량2.4x / MA골]
💰 예수금 24,636원 | KODEX200 RSI90/+5.0% 과열⚠️ | 매수기준 3개↑
📦 보유 아이티엠반도체(084850) 3주 -0.9%
📦 보유 원익피앤이(217820) 6주 +3.2%

코드      종목명           가격    RSI     변화율    거래량     BB   호가비  B/S
────────────────────────────────────────────────────────────────────────
[2단계 분석 대상: 084850, 217820, 012330, 056080, 068270, 035420, 078930]
⛔ 아우토크립트(137040) 호가 없음 (거래정지 의심)
061250  화일약품       9,040    0.0    +0.0%    0.0x     중간  1.09  0/0
217820  원익피앤이      4,215   78.3    +6.0%    2.4x     중간  1.08  2/0
001510  SK증권       5,190    0.0    +0.0%    0.0x     중간  2.48  1/0
084850  아이티엠반도체   17,190   49.1    +1.2%    0.2x     중간  0.32  1/0
⛔ 금양(001570) 호가 없음 (거래정지 의심)

══════════════════════════════════════════════════
→ 전종목 HOLD
✅ Discord 전송 완료

[14:54] HOLD | KODEX RSI90/+5.0%⚠️ | 보유:아이티엠(084850) -0.9% 원익피앤(217820) +3.2% | 💸예수금부족 | 최고신호 원익피앤이(217820) 2/3개 [거래량2.4x / MA골]
💰 예수금 24,635원 | KODEX200 RSI90/+5.2% 과열⚠️ | 매수기준 3개↑
📦 보유 아이티엠반도체(084850) 3주 -0.8%
📦 보유 원익피앤이(217820) 6주 +3.0%

코드      종목명           가격    RSI     변화율    거래량     BB   호가비  B/S
────────────────────────────────────────────────────────────────────────
[2단계 분석 대상: 084850, 217820, 012330, 056080, 066970, 068270, 105560]
⛔ 아우토크립트(137040) 호가 없음 (거래정지 의심)
061250  화일약품       9,030    0.0    +0.0%    0.0x     중간  1.24  1/0
217820  원익피앤이      4,215   78.3    +6.0%    2.4x     중간  1.18  2/0
001510  SK증권       5,190    0.0    +0.0%    0.0x     중간  2.85  1/0
084850  아이티엠반도체   17,190   49.1    +1.2%    0.2x     중간  0.29  1/0
⛔ 금양(001570) 호가 없음 (거래정지 의심)

══════════════════════════════════════════════════
→ 전종목 HOLD
✅ Discord 전송 완료

[14:56] HOLD | KODEX RSI90/+5.2%⚠️ | 보유:아이티엠(084850) -0.8% 원익피앤(217820) +3.0% | 💸예수금부족 | 최고신호 원익피앤이(217820) 2/3개 [거래량2.4x / MA골]
💰 예수금 24,635원 | KODEX200 RSI90/+5.1% 과열⚠️ | 매수기준 3개↑
📦 보유 아이티엠반도체(084850) 3주 -0.8%
📦 보유 원익피앤이(217820) 6주 +3.2%

코드      종목명           가격    RSI     변화율    거래량     BB   호가비  B/S
────────────────────────────────────────────────────────────────────────
[2단계 분석 대상: 084850, 217820, 012330, 056080, 105560, 068270, 066970]
⛔ 아우토크립트(137040) 호가 없음 (거래정지 의심)
061250  화일약품       9,030    0.0    +0.0%    0.0x     중간  2.25  1/0
217820  원익피앤이      4,220   78.3    +6.0%    2.4x     중간  1.16  2/0
001510  SK증권       5,200    0.0    +0.0%    0.0x     중간  2.75  1/0
084850  아이티엠반도체   17,200   49.2    +1.3%    0.2x     중간  0.52  1/0
⛔ 금양(001570) 호가 없음 (거래정지 의심)

══════════════════════════════════════════════════
→ 전종목 HOLD
✅ Discord 전송 완료

[14:58] HOLD | KODEX RSI90/+5.1%⚠️ | 보유:아이티엠(084850) -0.8% 원익피앤(217820) +3.2% | 💸예수금부족 | 최고신호 원익피앤이(217820) 2/3개 [거래량2.4x / MA골]
💰 예수금 24,635원 | KODEX200 RSI90/+5.2% 과열⚠️ | 매수기준 3개↑
📦 보유 아이티엠반도체(084850) 3주 -0.8%
📦 보유 원익피앤이(217820) 6주 +3.2%

코드      종목명           가격    RSI     변화율    거래량     BB   호가비  B/S
────────────────────────────────────────────────────────────────────────
[2단계 분석 대상: 084850, 217820, 012330, 105560, 078930, 066970, 056080]
⛔ 아우토크립트(137040) 호가 없음 (거래정지 의심)
061250  화일약품       9,030    0.0    +0.0%    0.0x     중간  2.15  1/0
217820  원익피앤이      4,225   78.4    +6.2%    2.4x     중간  1.31  3/0
001510  SK증권       5,200    0.0    +0.0%    0.0x     중간  3.11  1/0
084850  아이티엠반도체   17,200   49.1    +1.2%    0.2x     중간  0.52  1/0
⛔ 금양(001570) 호가 없음 (거래정지 의심)

══════════════════════════════════════════════════
→ 전종목 HOLD
✅ Discord 전송 완료

[15:00] HOLD | KODEX RSI90/+5.2%⚠️ | 보유:아이티엠(084850) -0.8% 원익피앤(217820) +3.2% | 💸예수금부족 | 최고신호 원익피앤이(217820) 3/3개 [거래량2.4x / MA골 / 호가1.3]
💰 예수금 24,635원 | KODEX200 RSI90/+5.2% 과열⚠️ | 매수기준 3개↑
📦 보유 아이티엠반도체(084850) 3주 -0.8%
📦 보유 원익피앤이(217820) 6주 +3.2%

코드      종목명           가격    RSI     변화율    거래량     BB   호가비  B/S
────────────────────────────────────────────────────────────────────────
[2단계 분석 대상: 084850, 217820, 012330, 078930, 105560, 056080, 066970]
⛔ 아우토크립트(137040) 호가 없음 (거래정지 의심)
061250  화일약품       9,040    0.0    +0.0%    0.0x     중간  2.09  1/0
217820  원익피앤이      4,225   78.4    +6.2%    2.4x     중간  1.40  3/0
001510  SK증권       5,210    0.0    +0.0%    0.0x     중간  1.97  1/0
084850  아이티엠반도체   17,190   49.1    +1.2%    0.2x     중간  0.64  1/0
⛔ 금양(001570) 호가 없음 (거래정지 의심)

══════════════════════════════════════════════════
→ 전종목 HOLD
✅ Discord 전송 완료

[15:02] HOLD | KODEX RSI90/+5.2%⚠️ | 보유:아이티엠(084850) -0.8% 원익피앤(217820) +3.2% | 💸예수금부족 | 최고신호 원익피앤이(217820) 3/3개 [거래량2.4x / MA골 / 호가1.4]
💰 예수금 24,635원 | KODEX200 RSI90/+5.2% 과열⚠️ | 매수기준 3개↑
📦 보유 아이티엠반도체(084850) 3주 -0.8%
📦 보유 원익피앤이(217820) 6주 +3.1%

코드      종목명           가격    RSI     변화율    거래량     BB   호가비  B/S
────────────────────────────────────────────────────────────────────────
[2단계 분석 대상: 084850, 217820, 012330, 078930, 105560, 056080, 066970]
⛔ 아우토크립트(137040) 호가 없음 (거래정지 의심)
061250  화일약품       9,050    0.0    +0.0%    0.0x     중간  2.03  1/0
217820  원익피앤이      4,220   78.3    +6.0%    2.5x     중간  1.15  2/0
001510  SK증권       5,210    0.0    +0.0%    0.0x     중간  1.76  1/0
084850  아이티엠반도체   17,200   49.1    +1.2%    0.2x     중간  0.60  1/0
⛔ 금양(001570) 호가 없음 (거래정지 의심)

══════════════════════════════════════════════════
→ 전종목 HOLD
✅ Discord 전송 완료

[15:04] HOLD | KODEX RSI90/+5.2%⚠️ | 보유:아이티엠(084850) -0.8% 원익피앤(217820) +3.1% | 💸예수금부족 | 최고신호 원익피앤이(217820) 2/3개 [거래량2.5x / MA골]
💰 예수금 24,635원 | KODEX200 RSI90/+5.2% 과열⚠️ | 매수기준 3개↑
📦 보유 아이티엠반도체(084850) 3주 -0.7%
📦 보유 원익피앤이(217820) 6주 +3.0%

코드      종목명           가격    RSI     변화율    거래량     BB   호가비  B/S
────────────────────────────────────────────────────────────────────────
[2단계 분석 대상: 084850, 217820, 012330, 000270, 068270, 105560, 066970]
⛔ 아우토크립트(137040) 호가 없음 (거래정지 의심)
061250  화일약품       9,020    0.0    +0.0%    0.0x     중간  2.29  1/0
217820  원익피앤이      4,215   78.3    +5.9%    2.5x     중간  0.99  2/0
001510  SK증권       5,200    0.0    +0.0%    0.0x     중간  1.79  1/0
084850  아이티엠반도체   17,210   49.2    +1.3%    0.2x     중간  0.98  1/0
⛔ 금양(001570) 호가 없음 (거래정지 의심)

══════════════════════════════════════════════════
→ 전종목 HOLD
✅ Discord 전송 완료

[15:06] HOLD | KODEX RSI90/+5.2%⚠️ | 보유:아이티엠(084850) -0.7% 원익피앤(217820) +3.0% | 💸예수금부족 | 최고신호 원익피앤이(217820) 2/3개 [거래량2.5x / MA골]
💰 예수금 24,635원 | KODEX200 RSI90/+5.3% 과열⚠️ | 매수기준 3개↑
📦 보유 아이티엠반도체(084850) 3주 -0.7%
📦 보유 원익피앤이(217820) 6주 +2.9%

코드      종목명           가격    RSI     변화율    거래량     BB   호가비  B/S
────────────────────────────────────────────────────────────────────────
[2단계 분석 대상: 084850, 217820, 012330, 068270, 078930, 000270, 105560]
⛔ 아우토크립트(137040) 호가 없음 (거래정지 의심)
061250  화일약품       9,020    0.0    +0.0%    0.0x     중간  2.51  1/0
217820  원익피앤이      4,200   78.1    +5.7%    2.5x     중간  0.72  2/0
001510  SK증권       5,190    0.0    +0.0%    0.0x     중간  1.51  1/0
084850  아이티엠반도체   17,200   49.2    +1.3%    0.2x     중간  0.80  1/0
⛔ 금양(001570) 호가 없음 (거래정지 의심)

══════════════════════════════════════════════════
→ 전종목 HOLD
✅ Discord 전송 완료

[15:08] HOLD | KODEX RSI90/+5.3%⚠️ | 보유:아이티엠(084850) -0.7% 원익피앤(217820) +2.9% | 💸예수금부족 | 최고신호 원익피앤이(217820) 2/3개 [거래량2.5x / MA골]
💰 예수금 24,635원 | KODEX200 RSI90/+5.4% 과열⚠️ | 매수기준 3개↑
📦 보유 아이티엠반도체(084850) 3주 -0.7%
📦 보유 원익피앤이(217820) 6주 +2.7%

코드      종목명           가격    RSI     변화율    거래량     BB   호가비  B/S
────────────────────────────────────────────────────────────────────────
[2단계 분석 대상: 084850, 217820, 012330, 105560, 078930, 000270, 068270]
⛔ 아우토크립트(137040) 호가 없음 (거래정지 의심)
061250  화일약품       9,040    0.0    +0.0%    0.0x     중간  2.04  1/0
217820  원익피앤이      4,205   78.3    +5.9%    2.5x     중간  0.55  2/0
001510  SK증권       5,180    0.0    +0.0%    0.0x     중간  1.57  1/0
084850  아이티엠반도체   17,190   49.1    +1.2%    0.2x     중간  0.71  1/0
⛔ 금양(001570) 호가 없음 (거래정지 의심)

══════════════════════════════════════════════════
→ 전종목 HOLD
✅ Discord 전송 완료

[15:10] HOLD | KODEX RSI90/+5.4%⚠️ | 보유:아이티엠(084850) -0.7% 원익피앤(217820) +2.7% | 💸예수금부족 | 최고신호 원익피앤이(217820) 2/3개 [거래량2.5x / MA골]
💰 예수금 24,635원 | KODEX200 RSI90/+5.4% 과열⚠️ | 매수기준 3개↑
📦 보유 아이티엠반도체(084850) 3주 -0.8%
📦 보유 원익피앤이(217820) 6주 +2.9%

코드      종목명           가격    RSI     변화율    거래량     BB   호가비  B/S
────────────────────────────────────────────────────────────────────────
[2단계 분석 대상: 084850, 217820, 012330, 105560, 000270, 078930, 068270]
⛔ 아우토크립트(137040) 호가 없음 (거래정지 의심)
061250  화일약품       9,040    0.0    +0.0%    0.0x     중간  2.21  1/0
217820  원익피앤이      4,205   78.2    +5.8%    2.5x     중간  0.47  2/0
001510  SK증권       5,180    0.0    +0.0%    0.0x     중간  1.55  1/0
084850  아이티엠반도체   17,190   49.1    +1.2%    0.2x     중간  0.73  1/0
⛔ 금양(001570) 호가 없음 (거래정지 의심)

══════════════════════════════════════════════════
→ 전종목 HOLD
✅ Discord 전송 완료

[15:12] HOLD | KODEX RSI90/+5.4%⚠️ | 보유:아이티엠(084850) -0.8% 원익피앤(217820) +2.9% | 💸예수금부족 | 최고신호 원익피앤이(217820) 2/3개 [거래량2.5x / MA골]
💰 예수금 24,635원 | KODEX200 RSI90/+5.4% 과열⚠️ | 매수기준 3개↑
📦 보유 아이티엠반도체(084850) 3주 -0.7%
📦 보유 원익피앤이(217820) 6주 +2.9%

코드      종목명           가격    RSI     변화율    거래량     BB   호가비  B/S
────────────────────────────────────────────────────────────────────────
[2단계 분석 대상: 084850, 217820, 012330, 105560, 078930, 000270, 086790]
⛔ 아우토크립트(137040) 호가 없음 (거래정지 의심)
061250  화일약품       9,040    0.0    +0.0%    0.0x     중간  2.21  1/0
217820  원익피앤이      4,210   78.1    +5.7%    2.5x     중간  0.22  2/0
001510  SK증권       5,170    0.0    +0.0%    0.0x     중간  1.42  1/0
084850  아이티엠반도체   17,200   49.0    +1.2%    0.2x     중간  0.62  1/0
⛔ 금양(001570) 호가 없음 (거래정지 의심)

══════════════════════════════════════════════════
→ 전종목 HOLD
✅ Discord 전송 완료

[15:14] HOLD | KODEX RSI90/+5.4%⚠️ | 보유:아이티엠(084850) -0.7% 원익피앤(217820) +2.9% | 💸예수금부족 | 최고신호 원익피앤이(217820) 2/3개 [거래량2.5x / MA골]
💰 예수금 24,635원 | KODEX200 RSI90/+5.3% 과열⚠️ | 매수기준 3개↑
📦 보유 아이티엠반도체(084850) 3주 -0.8%
📦 보유 원익피앤이(217820) 6주 +2.7%

코드      종목명           가격    RSI     변화율    거래량     BB   호가비  B/S
────────────────────────────────────────────────────────────────────────
[2단계 분석 대상: 084850, 217820, 105560, 012330, 068270, 000270, 207940]
⛔ 아우토크립트(137040) 호가 없음 (거래정지 의심)
061250  화일약품       9,010    0.0    +0.0%    0.0x     중간  1.85  1/0
217820  원익피앤이      4,205   78.3    +5.9%    2.5x     중간  0.21  2/0
001510  SK증권       5,190    0.0    +0.0%    0.0x     중간  1.49  1/0
084850  아이티엠반도체   17,200   49.1    +1.2%    0.2x     중간  0.59  1/0
⛔ 금양(001570) 호가 없음 (거래정지 의심)

══════════════════════════════════════════════════
→ 전종목 HOLD
✅ Discord 전송 완료

[15:16] HOLD | KODEX RSI90/+5.3%⚠️ | 보유:아이티엠(084850) -0.8% 원익피앤(217820) +2.7% | 💸예수금부족 | 최고신호 원익피앤이(217820) 2/3개 [거래량2.5x / MA골]
💰 예수금 24,635원 | KODEX200 RSI90/+5.3% 과열⚠️ | 매수기준 3개↑
📦 보유 아이티엠반도체(084850) 3주 -0.7%
📦 보유 원익피앤이(217820) 6주 +3.1%

코드      종목명           가격    RSI     변화율    거래량     BB   호가비  B/S
────────────────────────────────────────────────────────────────────────
[2단계 분석 대상: 084850, 217820, 105560, 012330, 078930, 068270, 056080]
⛔ 아우토크립트(137040) 호가 없음 (거래정지 의심)
061250  화일약품       8,970    0.0    +0.0%    0.0x     중간  2.01  1/0
217820  원익피앤이      4,225   78.3    +5.9%    2.5x     중간  0.31  2/0
001510  SK증권       5,200    0.0    +0.0%    0.0x     중간  1.48  1/0
084850  아이티엠반도체   17,170   48.8    +1.0%    0.2x     중간  0.68  1/0
⛔ 금양(001570) 호가 없음 (거래정지 의심)

══════════════════════════════════════════════════
→ 전종목 HOLD
✅ Discord 전송 완료

[15:18] HOLD | KODEX RSI90/+5.3%⚠️ | 보유:아이티엠(084850) -0.7% 원익피앤(217820) +3.1% | 💸예수금부족 | 최고신호 원익피앤이(217820) 2/3개 [거래량2.5x / MA골]
💰 예수금 24,636원 | KODEX200 RSI90/+5.4% 과열⚠️ | 매수기준 3개↑
📦 보유 아이티엠반도체(084850) 3주 -1.1%
📦 보유 원익피앤이(217820) 6주 +3.5%

코드      종목명           가격    RSI     변화율    거래량     BB   호가비  B/S
────────────────────────────────────────────────────────────────────────
[2단계 분석 대상: 084850, 217820, 000270, 138040, 078930, 105560, 035420]
⛔ 아우토크립트(137040) 호가 없음 (거래정지 의심)
061250  화일약품       9,040    0.0    +0.0%    0.0x     중간  0.55  0/0
217820  원익피앤이      4,230   78.5    +6.4%    2.5x     중간  0.41  2/0
001510  SK증권       5,200    0.0    +0.0%    0.0x     중간  0.55  0/0
084850  아이티엠반도체   17,200   48.7    +0.9%    0.2x     중간  0.57  1/0
⛔ 금양(001570) 호가 없음 (거래정지 의심)

══════════════════════════════════════════════════
→ 전종목 HOLD
✅ Discord 전송 완료

[15:20] HOLD | KODEX RSI90/+5.4%⚠️ | 보유:아이티엠(084850) -1.1% 원익피앤(217820) +3.5% | 💸예수금부족 | 최고신호 원익피앤이(217820) 2/3개 [거래량2.5x / MA골]
💰 예수금 24,636원 | KODEX200 RSI90/+5.4% 과열⚠️ | 매수기준 3개↑
📦 보유 아이티엠반도체(084850) 3주 -1.1%
📦 보유 원익피앤이(217820) 6주 +3.5%

코드      종목명           가격    RSI     변화율    거래량     BB   호가비  B/S
────────────────────────────────────────────────────────────────────────
[2단계 분석 대상: 084850, 217820, 105560, 000660, 068270, 138040, 078930]
⛔ 아우토크립트(137040) 호가 없음 (거래정지 의심)
061250  화일약품       9,040    0.0    +0.0%    0.0x     중간  0.19  0/0
217820  원익피앤이      4,225   78.5    +6.4%    2.5x     중간  0.54  2/0
001510  SK증권       5,190    0.0    +0.0%    0.0x     중간  1.46  1/0
084850  아이티엠반도체   17,150   48.7    +0.9%    0.2x     중간  2.28  2/0
⛔ 금양(001570) 호가 없음 (거래정지 의심)

══════════════════════════════════════════════════
→ 전종목 HOLD
✅ Discord 전송 완료

[15:22] HOLD | KODEX RSI90/+5.4%⚠️ | 보유:아이티엠(084850) -1.1% 원익피앤(217820) +3.5% | 💸예수금부족 | 최고신호 원익피앤이(217820) 2/3개 [거래량2.5x / MA골]
💰 예수금 24,636원 | KODEX200 RSI90/+5.4% 과열⚠️ | 매수기준 3개↑
📦 보유 아이티엠반도체(084850) 3주 -1.1%
📦 보유 원익피앤이(217820) 6주 +3.5%

코드      종목명           가격    RSI     변화율    거래량     BB   호가비  B/S
────────────────────────────────────────────────────────────────────────
[2단계 분석 대상: 084850, 217820, 105560, 138040, 058470, 078930, 035420]
⛔ 아우토크립트(137040) 호가 없음 (거래정지 의심)
061250  화일약품       9,040    0.0    +0.0%    0.0x     중간  0.18  0/0
217820  원익피앤이      4,230   78.5    +6.4%    2.5x     중간  0.21  2/0
001510  SK증권       5,190    0.0    +0.0%    0.0x     중간  1.08  0/0
084850  아이티엠반도체   17,150   48.7    +0.9%    0.2x     중간  1.37  2/0
⛔ 금양(001570) 호가 없음 (거래정지 의심)

══════════════════════════════════════════════════
→ 전종목 HOLD
✅ Discord 전송 완료

[15:24] HOLD | KODEX RSI90/+5.4%⚠️ | 보유:아이티엠(084850) -1.1% 원익피앤(217820) +3.5% | 💸예수금부족 | 최고신호 원익피앤이(217820) 2/3개 [거래량2.5x / MA골]
💰 예수금 24,636원 | KODEX200 RSI90/+5.4% 과열⚠️ | 매수기준 3개↑
📦 보유 아이티엠반도체(084850) 3주 -1.1%
📦 보유 원익피앤이(217820) 6주 +3.5%

코드      종목명           가격    RSI     변화율    거래량     BB   호가비  B/S
────────────────────────────────────────────────────────────────────────
[2단계 분석 대상: 084850, 217820, 105560, 138040, 078930, 086790, 056080]
⛔ 아우토크립트(137040) 호가 없음 (거래정지 의심)
061250  화일약품       9,040    0.0    +0.0%    0.0x     중간  0.14  0/0
217820  원익피앤이      4,225   78.5    +6.4%    2.5x     중간  0.67  2/0
001510  SK증권       5,190    0.0    +0.0%    0.0x     중간  0.96  0/0
084850  아이티엠반도체   17,150   48.7    +0.9%    0.2x     중간  1.98  2/0
⛔ 금양(001570) 호가 없음 (거래정지 의심)

══════════════════════════════════════════════════
→ 전종목 HOLD
✅ Discord 전송 완료

[15:26] HOLD | KODEX RSI90/+5.4%⚠️ | 보유:아이티엠(084850) -1.1% 원익피앤(217820) +3.5% | 💸예수금부족 | 최고신호 원익피앤이(217820) 2/3개 [거래량2.5x / MA골]
💰 예수금 24,636원 | KODEX200 RSI90/+5.4% 과열⚠️ | 매수기준 3개↑
📦 보유 아이티엠반도체(084850) 3주 -1.1%
📦 보유 원익피앤이(217820) 6주 +3.5%

코드      종목명           가격    RSI     변화율    거래량     BB   호가비  B/S
────────────────────────────────────────────────────────────────────────
[2단계 분석 대상: 084850, 217820, 058470, 105560, 078930, 000270, 068270]
⛔ 아우토크립트(137040) 호가 없음 (거래정지 의심)
061250  화일약품       9,040    0.0    +0.0%    0.0x     중간  0.05  0/0
217820  원익피앤이      4,230   78.5    +6.4%    2.5x     중간  0.20  2/0
001510  SK증권       5,190    0.0    +0.0%    0.0x     중간  1.13  0/0
084850  아이티엠반도체   17,150   48.7    +0.9%    0.2x     중간  2.16  2/0
⛔ 금양(001570) 호가 없음 (거래정지 의심)

══════════════════════════════════════════════════
→ 전종목 HOLD
✅ Discord 전송 완료

[15:28] HOLD | KODEX RSI90/+5.4%⚠️ | 보유:아이티엠(084850) -1.1% 원익피앤(217820) +3.5% | 💸예수금부족 | 최고신호 원익피앤이(217820) 2/3개 [거래량2.5x / MA골]
💰 예수금 24,636원 | KODEX200 RSI90/+5.4% 과열⚠️ | 매수기준 3개↑
📦 보유 아이티엠반도체(084850) 3주 -1.1%
📦 보유 원익피앤이(217820) 6주 +3.5%

코드      종목명           가격    RSI     변화율    거래량     BB   호가비  B/S
────────────────────────────────────────────────────────────────────────
[2단계 분석 대상: 084850, 217820, 012330, 000270, 066970, 056080, 078930]
⛔ 아우토크립트(137040) 호가 없음 (거래정지 의심)
061250  화일약품       9,030    0.0    +0.0%    0.0x     중간  1.88  1/0
217820  원익피앤이      4,225   78.5    +6.3%    2.5x     중간  0.21  2/0
001510  SK증권       5,190    0.0    +0.0%    0.0x     중간  1.17  0/0
084850  아이티엠반도체   17,150   48.7    +0.9%    0.3x     중간  0.88  1/0
⛔ 금양(001570) 호가 없음 (거래정지 의심)

══════════════════════════════════════════════════
→ 전종목 HOLD
✅ Discord 전송 완료

[15:30] HOLD | KODEX RSI90/+5.4%⚠️ | 보유:아이티엠(084850) -1.1% 원익피앤(217820) +3.5% | 💸예수금부족 | 최고신호 원익피앤이(217820) 2/3개 [거래량2.5x / MA골]
